
================================================================================
Imported app module file: D:\Forensic Auto Carver\app.py
['OPTIONS', 'GET', 'HEAD'] /static/<path:filename> -> static
['OPTIONS', 'GET', 'HEAD'] /start_strict_deleted_recovery -> start_strict_deleted_recovery
['OPTIONS', 'GET', 'HEAD'] / -> index
['OPTIONS', 'GET', 'HEAD'] /upload_status -> upload_status_api
['OPTIONS', 'GET', 'HEAD'] /carving_status -> carving_status_endpoint
['OPTIONS', 'POST'] /upload -> upload_file
['OPTIONS', 'GET', 'HEAD'] /all_process_status -> all_process_status
['OPTIONS', 'GET', 'HEAD'] /deleted_recovery -> deleted_recovery
['OPTIONS', 'GET', 'HEAD'] /start_deleted_recovery -> start_deleted_recovery
['OPTIONS', 'GET', 'POST', 'HEAD'] /evidence_upload -> evidence_upload
['OPTIONS', 'GET', 'POST', 'HEAD'] / -> evidence_upload
['OPTIONS', 'POST'] /ajax_upload -> ajax_upload
['OPTIONS', 'GET', 'POST', 'HEAD'] /encryption_page -> encryption_page
['OPTIONS', 'GET', 'HEAD'] /load_evidence/<int:file_id> -> load_evidence
['OPTIONS', 'GET', 'HEAD'] /remove_file/<filename> -> remove_file
['OPTIONS', 'GET', 'HEAD'] /remove_from_db/<int:file_id> -> remove_from_db
['OPTIONS', 'POST'] /ajax_upload_abort -> ajax_upload_abort
['OPTIONS', 'GET', 'POST', 'HEAD'] /decryption/<filename> -> decryption_page
['OPTIONS', 'GET', 'HEAD'] /decryption_progress/<filename> -> decryption_progress
['OPTIONS', 'GET', 'HEAD'] /forensic_analysis -> forensic_analysis
['OPTIONS', 'GET', 'HEAD'] /start_strings_analysis -> start_strings_analysis
['OPTIONS', 'GET', 'HEAD'] /auto_carving_setup -> auto_carving_setup
['OPTIONS', 'GET', 'HEAD'] /auto_carving_process -> auto_carving_process
['OPTIONS', 'GET', 'HEAD'] /recovered_files -> recovered_files
['OPTIONS', 'GET', 'HEAD'] /manual_carving -> manual_carving
['OPTIONS', 'GET', 'POST', 'HEAD'] /log_file_viewer -> log_file_viewer
['OPTIONS', 'GET', 'POST', 'HEAD'] /event_log_viewer -> event_log_viewer
['OPTIONS', 'GET', 'POST', 'HEAD'] /reporting -> reporting
['OPTIONS', 'GET', 'HEAD'] /deleted_files_status_page -> deleted_files_status_page
['OPTIONS', 'GET', 'HEAD'] /decryption_status -> decryption_status_endpoint
['OPTIONS', 'GET', 'HEAD'] /hashing_status -> hashing_status_endpoint
['OPTIONS', 'GET', 'HEAD'] /strings_status -> strings_status_endpoint
['OPTIONS', 'GET', 'HEAD'] /deleted_files -> deleted_files
['OPTIONS', 'GET', 'HEAD'] /deleted_scan_status -> deleted_scan_status_endpoint
['OPTIONS', 'GET', 'HEAD'] /hex_view_carved/<filename> -> hex_view_carved
['OPTIONS', 'GET', 'HEAD'] /download_carved_file/<filename> -> download_carved_file
['OPTIONS', 'GET', 'HEAD'] /serve_file_data/<type>/<path:filename> -> serve_file_data
['OPTIONS', 'GET', 'HEAD'] /view_carved_file/<filename> -> view_carved_file
['OPTIONS', 'GET', 'HEAD'] /view_deleted_file/<filename> -> view_deleted_file
['OPTIONS', 'GET', 'HEAD'] /hex_view_fallback/<filename> -> hex_view_fallback
['OPTIONS', 'GET', 'HEAD'] /hex_view_deleted/<filename> -> hex_view_deleted
['OPTIONS', 'GET', 'HEAD'] /download_deleted_file/<filename> -> download_deleted_file
['OPTIONS', 'POST'] /download_zip -> download_zip
['OPTIONS', 'POST'] /find_in_file -> find_in_file
['OPTIONS', 'POST'] /run_auto_carving -> run_auto_carving
['OPTIONS', 'POST'] /find_block -> find_block
['OPTIONS', 'GET', 'HEAD'] /clear_session -> clear_session
['OPTIONS', 'POST'] /perform_manual_carve -> perform_manual_carve
['OPTIONS', 'GET', 'HEAD'] /diag -> diag

================================================================================
Imported app module file: D:\Forensic Auto Carver\app.py
['OPTIONS', 'GET', 'HEAD'] /static/<path:filename> -> static
['OPTIONS', 'GET', 'HEAD'] /start_strict_deleted_recovery -> start_strict_deleted_recovery
['OPTIONS', 'GET', 'HEAD'] / -> index
['OPTIONS', 'GET', 'HEAD'] /upload_status -> upload_status_api
['OPTIONS', 'GET', 'HEAD'] /carving_status -> carving_status_endpoint
['OPTIONS', 'POST'] /upload -> upload_file
['OPTIONS', 'GET', 'HEAD'] /all_process_status -> all_process_status
['OPTIONS', 'GET', 'HEAD'] /deleted_recovery -> deleted_recovery
['OPTIONS', 'GET', 'HEAD'] /start_deleted_recovery -> start_deleted_recovery
['OPTIONS', 'GET', 'POST', 'HEAD'] /evidence_upload -> evidence_upload
['OPTIONS', 'GET', 'POST', 'HEAD'] / -> evidence_upload
['OPTIONS', 'POST'] /ajax_upload -> ajax_upload
['OPTIONS', 'GET', 'POST', 'HEAD'] /encryption_page -> encryption_page
['OPTIONS', 'GET', 'HEAD'] /load_evidence/<int:file_id> -> load_evidence
['OPTIONS', 'GET', 'HEAD'] /remove_file/<filename> -> remove_file
['OPTIONS', 'GET', 'HEAD'] /remove_from_db/<int:file_id> -> remove_from_db
['OPTIONS', 'POST'] /ajax_upload_abort -> ajax_upload_abort
['OPTIONS', 'GET', 'POST', 'HEAD'] /decryption/<filename> -> decryption_page
['OPTIONS', 'GET', 'HEAD'] /decryption_progress/<filename> -> decryption_progress
['OPTIONS', 'GET', 'HEAD'] /forensic_analysis -> forensic_analysis
['OPTIONS', 'GET', 'HEAD'] /start_strings_analysis -> start_strings_analysis
['OPTIONS', 'GET', 'HEAD'] /auto_carving_setup -> auto_carving_setup
['OPTIONS', 'GET', 'HEAD'] /auto_carving_process -> auto_carving_process
['OPTIONS', 'GET', 'HEAD'] /recovered_files -> recovered_files
['OPTIONS', 'GET', 'HEAD'] /manual_carving -> manual_carving
['OPTIONS', 'GET', 'POST', 'HEAD'] /log_file_viewer -> log_file_viewer
['OPTIONS', 'GET', 'POST', 'HEAD'] /event_log_viewer -> event_log_viewer
['OPTIONS', 'GET', 'POST', 'HEAD'] /reporting -> reporting
['OPTIONS', 'GET', 'HEAD'] /deleted_files_status_page -> deleted_files_status_page
['OPTIONS', 'GET', 'HEAD'] /decryption_status -> decryption_status_endpoint
['OPTIONS', 'GET', 'HEAD'] /hashing_status -> hashing_status_endpoint
['OPTIONS', 'GET', 'HEAD'] /strings_status -> strings_status_endpoint
['OPTIONS', 'GET', 'HEAD'] /deleted_files -> deleted_files
['OPTIONS', 'GET', 'HEAD'] /deleted_scan_status -> deleted_scan_status_endpoint
['OPTIONS', 'GET', 'HEAD'] /hex_view_carved/<filename> -> hex_view_carved
['OPTIONS', 'GET', 'HEAD'] /download_carved_file/<filename> -> download_carved_file
['OPTIONS', 'GET', 'HEAD'] /serve_file_data/<type>/<path:filename> -> serve_file_data
['OPTIONS', 'GET', 'HEAD'] /view_carved_file/<filename> -> view_carved_file
['OPTIONS', 'GET', 'HEAD'] /view_deleted_file/<filename> -> view_deleted_file
['OPTIONS', 'GET', 'HEAD'] /hex_view_fallback/<filename> -> hex_view_fallback
['OPTIONS', 'GET', 'HEAD'] /hex_view_deleted/<filename> -> hex_view_deleted
['OPTIONS', 'GET', 'HEAD'] /download_deleted_file/<filename> -> download_deleted_file
['OPTIONS', 'POST'] /download_zip -> download_zip
['OPTIONS', 'POST'] /find_in_file -> find_in_file
['OPTIONS', 'POST'] /run_auto_carving -> run_auto_carving
['OPTIONS', 'POST'] /find_block -> find_block
['OPTIONS', 'GET', 'HEAD'] /clear_session -> clear_session
['OPTIONS', 'POST'] /perform_manual_carve -> perform_manual_carve
['OPTIONS', 'GET', 'HEAD'] /diag -> diag

================================================================================
Imported app module file: D:\Forensic Auto Carver\app.py
['OPTIONS', 'GET', 'HEAD'] /static/<path:filename> -> static
['OPTIONS', 'GET', 'HEAD'] /start_strict_deleted_recovery -> start_strict_deleted_recovery
['OPTIONS', 'GET', 'HEAD'] / -> index
['OPTIONS', 'GET', 'HEAD'] /upload_status -> upload_status_api
['OPTIONS', 'GET', 'HEAD'] /carving_status -> carving_status_endpoint
['OPTIONS', 'POST'] /upload -> upload_file
['OPTIONS', 'GET', 'HEAD'] /all_process_status -> all_process_status
['OPTIONS', 'GET', 'HEAD'] /deleted_recovery -> deleted_recovery
['OPTIONS', 'GET', 'HEAD'] /start_deleted_recovery -> start_deleted_recovery
['OPTIONS', 'GET', 'POST', 'HEAD'] /evidence_upload -> evidence_upload
['OPTIONS', 'GET', 'POST', 'HEAD'] / -> evidence_upload
['OPTIONS', 'POST'] /ajax_upload -> ajax_upload
['OPTIONS', 'GET', 'POST', 'HEAD'] /encryption_page -> encryption_page
['OPTIONS', 'GET', 'HEAD'] /load_evidence/<int:file_id> -> load_evidence
['OPTIONS', 'GET', 'HEAD'] /remove_file/<filename> -> remove_file
['OPTIONS', 'GET', 'HEAD'] /remove_from_db/<int:file_id> -> remove_from_db
['OPTIONS', 'POST'] /ajax_upload_abort -> ajax_upload_abort
['OPTIONS', 'GET', 'POST', 'HEAD'] /decryption/<filename> -> decryption_page
['OPTIONS', 'GET', 'HEAD'] /decryption_progress/<filename> -> decryption_progress
['OPTIONS', 'GET', 'HEAD'] /forensic_analysis -> forensic_analysis
['OPTIONS', 'GET', 'HEAD'] /start_strings_analysis -> start_strings_analysis
['OPTIONS', 'GET', 'HEAD'] /auto_carving_setup -> auto_carving_setup
['OPTIONS', 'GET', 'HEAD'] /auto_carving_process -> auto_carving_process
['OPTIONS', 'GET', 'HEAD'] /recovered_files -> recovered_files
['OPTIONS', 'GET', 'HEAD'] /manual_carving -> manual_carving
['OPTIONS', 'GET', 'POST', 'HEAD'] /log_file_viewer -> log_file_viewer
['OPTIONS', 'GET', 'POST', 'HEAD'] /event_log_viewer -> event_log_viewer
['OPTIONS', 'GET', 'POST', 'HEAD'] /reporting -> reporting
['OPTIONS', 'GET', 'HEAD'] /deleted_files_status_page -> deleted_files_status_page
['OPTIONS', 'GET', 'HEAD'] /decryption_status -> decryption_status_endpoint
['OPTIONS', 'GET', 'HEAD'] /hashing_status -> hashing_status_endpoint
['OPTIONS', 'GET', 'HEAD'] /strings_status -> strings_status_endpoint
['OPTIONS', 'GET', 'HEAD'] /deleted_files -> deleted_files
['OPTIONS', 'GET', 'HEAD'] /deleted_scan_status -> deleted_scan_status_endpoint
['OPTIONS', 'GET', 'HEAD'] /hex_view_carved/<filename> -> hex_view_carved
['OPTIONS', 'GET', 'HEAD'] /download_carved_file/<filename> -> download_carved_file
['OPTIONS', 'GET', 'HEAD'] /serve_file_data/<type>/<path:filename> -> serve_file_data
['OPTIONS', 'GET', 'HEAD'] /view_carved_file/<filename> -> view_carved_file
['OPTIONS', 'GET', 'HEAD'] /view_deleted_file/<filename> -> view_deleted_file
['OPTIONS', 'GET', 'HEAD'] /hex_view_fallback/<filename> -> hex_view_fallback
['OPTIONS', 'GET', 'HEAD'] /hex_view_deleted/<filename> -> hex_view_deleted
['OPTIONS', 'GET', 'HEAD'] /download_deleted_file/<filename> -> download_deleted_file
['OPTIONS', 'POST'] /download_zip -> download_zip
['OPTIONS', 'POST'] /find_in_file -> find_in_file
['OPTIONS', 'POST'] /run_auto_carving -> run_auto_carving
['OPTIONS', 'POST'] /find_block -> find_block
['OPTIONS', 'GET', 'HEAD'] /clear_session -> clear_session
['OPTIONS', 'POST'] /perform_manual_carve -> perform_manual_carve
['OPTIONS', 'GET', 'HEAD'] /diag -> diag

================================================================================
Imported app module file: D:\Forensic Auto Carver\app.py
['HEAD', 'GET', 'OPTIONS'] /static/<path:filename> -> static
['HEAD', 'GET', 'OPTIONS'] /start_strict_deleted_recovery -> start_strict_deleted_recovery
['HEAD', 'GET', 'OPTIONS'] / -> index
['HEAD', 'GET', 'OPTIONS'] /upload_status -> upload_status_api
['HEAD', 'GET', 'OPTIONS'] /carving_status -> carving_status_endpoint
['POST', 'OPTIONS'] /upload -> upload_file
['HEAD', 'GET', 'OPTIONS'] /all_process_status -> all_process_status
['HEAD', 'GET', 'OPTIONS'] /deleted_recovery -> deleted_recovery
['HEAD', 'GET', 'OPTIONS'] /start_deleted_recovery -> start_deleted_recovery
['HEAD', 'POST', 'GET', 'OPTIONS'] /evidence_upload -> evidence_upload
['HEAD', 'POST', 'GET', 'OPTIONS'] / -> evidence_upload
['POST', 'OPTIONS'] /ajax_upload -> ajax_upload
['HEAD', 'POST', 'GET', 'OPTIONS'] /encryption_page -> encryption_page
['HEAD', 'GET', 'OPTIONS'] /load_evidence/<int:file_id> -> load_evidence
['HEAD', 'GET', 'OPTIONS'] /remove_file/<filename> -> remove_file
['HEAD', 'GET', 'OPTIONS'] /remove_from_db/<int:file_id> -> remove_from_db
['POST', 'OPTIONS'] /ajax_upload_abort -> ajax_upload_abort
['HEAD', 'POST', 'GET', 'OPTIONS'] /decryption/<filename> -> decryption_page
['HEAD', 'GET', 'OPTIONS'] /decryption_progress/<filename> -> decryption_progress
['HEAD', 'GET', 'OPTIONS'] /forensic_analysis -> forensic_analysis
['HEAD', 'GET', 'OPTIONS'] /start_strings_analysis -> start_strings_analysis
['HEAD', 'GET', 'OPTIONS'] /auto_carving_setup -> auto_carving_setup
['HEAD', 'GET', 'OPTIONS'] /auto_carving_process -> auto_carving_process
['HEAD', 'GET', 'OPTIONS'] /recovered_files -> recovered_files
['HEAD', 'GET', 'OPTIONS'] /manual_carving -> manual_carving
['HEAD', 'POST', 'GET', 'OPTIONS'] /log_file_viewer -> log_file_viewer
['HEAD', 'POST', 'GET', 'OPTIONS'] /event_log_viewer -> event_log_viewer
['HEAD', 'POST', 'GET', 'OPTIONS'] /reporting -> reporting
['HEAD', 'GET', 'OPTIONS'] /deleted_files_status_page -> deleted_files_status_page
['HEAD', 'GET', 'OPTIONS'] /decryption_status -> decryption_status_endpoint
['HEAD', 'GET', 'OPTIONS'] /hashing_status -> hashing_status_endpoint
['HEAD', 'GET', 'OPTIONS'] /strings_status -> strings_status_endpoint
['HEAD', 'GET', 'OPTIONS'] /deleted_files -> deleted_files
['HEAD', 'GET', 'OPTIONS'] /deleted_scan_status -> deleted_scan_status_endpoint
['HEAD', 'GET', 'OPTIONS'] /hex_view_carved/<filename> -> hex_view_carved
['HEAD', 'GET', 'OPTIONS'] /download_carved_file/<filename> -> download_carved_file
['HEAD', 'GET', 'OPTIONS'] /serve_file_data/<type>/<path:filename> -> serve_file_data
['HEAD', 'GET', 'OPTIONS'] /view_carved_file/<filename> -> view_carved_file
['HEAD', 'GET', 'OPTIONS'] /view_deleted_file/<filename> -> view_deleted_file
['HEAD', 'GET', 'OPTIONS'] /hex_view_fallback/<filename> -> hex_view_fallback
['HEAD', 'GET', 'OPTIONS'] /hex_view_deleted/<filename> -> hex_view_deleted
['HEAD', 'GET', 'OPTIONS'] /download_deleted_file/<filename> -> download_deleted_file
['POST', 'OPTIONS'] /download_zip -> download_zip
['POST', 'OPTIONS'] /find_in_file -> find_in_file
['POST', 'OPTIONS'] /run_auto_carving -> run_auto_carving
['POST', 'OPTIONS'] /find_block -> find_block
['HEAD', 'GET', 'OPTIONS'] /clear_session -> clear_session
['POST', 'OPTIONS'] /perform_manual_carve -> perform_manual_carve
['HEAD', 'GET', 'OPTIONS'] /diag -> diag

================================================================================
Imported app module file: D:\Forensic Auto Carver\app.py
['GET', 'OPTIONS', 'HEAD'] /static/<path:filename> -> static
['GET', 'OPTIONS', 'HEAD'] /start_strict_deleted_recovery -> start_strict_deleted_recovery
['GET', 'OPTIONS', 'HEAD'] / -> index
['GET', 'OPTIONS', 'HEAD'] /upload_status -> upload_status_api
['GET', 'OPTIONS', 'HEAD'] /carving_status -> carving_status_endpoint
['POST', 'OPTIONS'] /upload -> upload_file
['GET', 'OPTIONS', 'HEAD'] /all_process_status -> all_process_status
['GET', 'OPTIONS', 'HEAD'] /deleted_recovery -> deleted_recovery
['GET', 'OPTIONS', 'HEAD'] /start_deleted_recovery -> start_deleted_recovery
['GET', 'POST', 'OPTIONS', 'HEAD'] /evidence_upload -> evidence_upload
['GET', 'POST', 'OPTIONS', 'HEAD'] / -> evidence_upload
['POST', 'OPTIONS'] /ajax_upload -> ajax_upload
['GET', 'POST', 'OPTIONS', 'HEAD'] /encryption_page -> encryption_page
['GET', 'OPTIONS', 'HEAD'] /load_evidence/<int:file_id> -> load_evidence
['GET', 'OPTIONS', 'HEAD'] /remove_file/<filename> -> remove_file
['GET', 'OPTIONS', 'HEAD'] /remove_from_db/<int:file_id> -> remove_from_db
['POST', 'OPTIONS'] /ajax_upload_abort -> ajax_upload_abort
['GET', 'POST', 'OPTIONS', 'HEAD'] /decryption/<filename> -> decryption_page
['GET', 'OPTIONS', 'HEAD'] /decryption_progress/<filename> -> decryption_progress
['GET', 'OPTIONS', 'HEAD'] /forensic_analysis -> forensic_analysis
['GET', 'OPTIONS', 'HEAD'] /start_strings_analysis -> start_strings_analysis
['GET', 'OPTIONS', 'HEAD'] /auto_carving_setup -> auto_carving_setup
['GET', 'OPTIONS', 'HEAD'] /auto_carving_process -> auto_carving_process
['GET', 'OPTIONS', 'HEAD'] /recovered_files -> recovered_files
['GET', 'OPTIONS', 'HEAD'] /manual_carving -> manual_carving
['GET', 'POST', 'OPTIONS', 'HEAD'] /log_file_viewer -> log_file_viewer
['GET', 'POST', 'OPTIONS', 'HEAD'] /event_log_viewer -> event_log_viewer
['GET', 'POST', 'OPTIONS', 'HEAD'] /reporting -> reporting
['GET', 'OPTIONS', 'HEAD'] /deleted_files_status_page -> deleted_files_status_page
['GET', 'OPTIONS', 'HEAD'] /decryption_status -> decryption_status_endpoint
['GET', 'OPTIONS', 'HEAD'] /hashing_status -> hashing_status_endpoint
['GET', 'OPTIONS', 'HEAD'] /strings_status -> strings_status_endpoint
['GET', 'OPTIONS', 'HEAD'] /deleted_files -> deleted_files
['GET', 'OPTIONS', 'HEAD'] /deleted_scan_status -> deleted_scan_status_endpoint
['GET', 'OPTIONS', 'HEAD'] /hex_view_carved/<filename> -> hex_view_carved
['GET', 'OPTIONS', 'HEAD'] /download_carved_file/<filename> -> download_carved_file
['GET', 'OPTIONS', 'HEAD'] /serve_file_data/<type>/<path:filename> -> serve_file_data
['GET', 'OPTIONS', 'HEAD'] /view_carved_file/<filename> -> view_carved_file
['GET', 'OPTIONS', 'HEAD'] /view_deleted_file/<filename> -> view_deleted_file
['GET', 'OPTIONS', 'HEAD'] /hex_view_fallback/<filename> -> hex_view_fallback
['GET', 'OPTIONS', 'HEAD'] /hex_view_deleted/<filename> -> hex_view_deleted
['GET', 'OPTIONS', 'HEAD'] /download_deleted_file/<filename> -> download_deleted_file
['POST', 'OPTIONS'] /download_zip -> download_zip
['POST', 'OPTIONS'] /find_in_file -> find_in_file
['POST', 'OPTIONS'] /run_auto_carving -> run_auto_carving
['POST', 'OPTIONS'] /find_block -> find_block
['GET', 'OPTIONS', 'HEAD'] /clear_session -> clear_session
['POST', 'OPTIONS'] /perform_manual_carve -> perform_manual_carve
['GET', 'OPTIONS', 'HEAD'] /diag -> diag

================================================================================
Imported app module file: D:\Forensic Auto Carver\app.py
['OPTIONS', 'GET', 'HEAD'] /static/<path:filename> -> static
['OPTIONS', 'GET', 'HEAD'] /start_strict_deleted_recovery -> start_strict_deleted_recovery
['OPTIONS', 'GET', 'HEAD'] / -> index
['OPTIONS', 'GET', 'HEAD'] /upload_status -> upload_status_api
['OPTIONS', 'GET', 'HEAD'] /carving_status -> carving_status_endpoint
['OPTIONS', 'POST'] /upload -> upload_file
['OPTIONS', 'GET', 'HEAD'] /all_process_status -> all_process_status
['OPTIONS', 'GET', 'HEAD'] /deleted_recovery -> deleted_recovery
['OPTIONS', 'GET', 'HEAD'] /start_deleted_recovery -> start_deleted_recovery
['OPTIONS', 'POST', 'GET', 'HEAD'] /evidence_upload -> evidence_upload
['OPTIONS', 'POST', 'GET', 'HEAD'] / -> evidence_upload
['OPTIONS', 'POST'] /ajax_upload -> ajax_upload
['OPTIONS', 'POST', 'GET', 'HEAD'] /encryption_page -> encryption_page
['OPTIONS', 'GET', 'HEAD'] /load_evidence/<int:file_id> -> load_evidence
['OPTIONS', 'GET', 'HEAD'] /remove_file/<filename> -> remove_file
['OPTIONS', 'GET', 'HEAD'] /remove_from_db/<int:file_id> -> remove_from_db
['OPTIONS', 'POST'] /ajax_upload_abort -> ajax_upload_abort
['OPTIONS', 'POST', 'GET', 'HEAD'] /decryption/<filename> -> decryption_page
['OPTIONS', 'GET', 'HEAD'] /decryption_progress/<filename> -> decryption_progress
['OPTIONS', 'GET', 'HEAD'] /forensic_analysis -> forensic_analysis
['OPTIONS', 'GET', 'HEAD'] /start_strings_analysis -> start_strings_analysis
['OPTIONS', 'GET', 'HEAD'] /auto_carving_setup -> auto_carving_setup
['OPTIONS', 'GET', 'HEAD'] /auto_carving_process -> auto_carving_process
['OPTIONS', 'GET', 'HEAD'] /recovered_files -> recovered_files
['OPTIONS', 'GET', 'HEAD'] /manual_carving -> manual_carving
['OPTIONS', 'POST', 'GET', 'HEAD'] /log_file_viewer -> log_file_viewer
['OPTIONS', 'POST', 'GET', 'HEAD'] /event_log_viewer -> event_log_viewer
['OPTIONS', 'POST', 'GET', 'HEAD'] /reporting -> reporting
['OPTIONS', 'GET', 'HEAD'] /deleted_files_status_page -> deleted_files_status_page
['OPTIONS', 'GET', 'HEAD'] /decryption_status -> decryption_status_endpoint
['OPTIONS', 'GET', 'HEAD'] /hashing_status -> hashing_status_endpoint
['OPTIONS', 'GET', 'HEAD'] /strings_status -> strings_status_endpoint
['OPTIONS', 'GET', 'HEAD'] /deleted_files -> deleted_files
['OPTIONS', 'GET', 'HEAD'] /deleted_scan_status -> deleted_scan_status_endpoint
['OPTIONS', 'GET', 'HEAD'] /hex_view_carved/<filename> -> hex_view_carved
['OPTIONS', 'GET', 'HEAD'] /download_carved_file/<filename> -> download_carved_file
['OPTIONS', 'GET', 'HEAD'] /serve_file_data/<type>/<path:filename> -> serve_file_data
['OPTIONS', 'GET', 'HEAD'] /view_carved_file/<filename> -> view_carved_file
['OPTIONS', 'GET', 'HEAD'] /view_deleted_file/<filename> -> view_deleted_file
['OPTIONS', 'GET', 'HEAD'] /hex_view_fallback/<filename> -> hex_view_fallback
['OPTIONS', 'GET', 'HEAD'] /hex_view_deleted/<filename> -> hex_view_deleted
['OPTIONS', 'GET', 'HEAD'] /download_deleted_file/<filename> -> download_deleted_file
['OPTIONS', 'POST'] /download_zip -> download_zip
['OPTIONS', 'POST'] /find_in_file -> find_in_file
['OPTIONS', 'POST'] /run_auto_carving -> run_auto_carving
['OPTIONS', 'POST'] /find_block -> find_block
['OPTIONS', 'GET', 'HEAD'] /clear_session -> clear_session
['OPTIONS', 'POST'] /perform_manual_carve -> perform_manual_carve
['OPTIONS', 'GET', 'HEAD'] /diag -> diag

================================================================================
Imported app module file: D:\Forensic Auto Carver\app.py
['HEAD', 'GET', 'OPTIONS'] /static/<path:filename> -> static
['HEAD', 'GET', 'OPTIONS'] /start_strict_deleted_recovery -> start_strict_deleted_recovery
['HEAD', 'GET', 'OPTIONS'] / -> index
['HEAD', 'GET', 'OPTIONS'] /upload_status -> upload_status_api
['HEAD', 'GET', 'OPTIONS'] /carving_status -> carving_status_endpoint
['POST', 'OPTIONS'] /upload -> upload_file
['HEAD', 'GET', 'OPTIONS'] /all_process_status -> all_process_status
['HEAD', 'GET', 'OPTIONS'] /deleted_recovery -> deleted_recovery
['HEAD', 'GET', 'OPTIONS'] /start_deleted_recovery -> start_deleted_recovery
['HEAD', 'GET', 'POST', 'OPTIONS'] /evidence_upload -> evidence_upload
['HEAD', 'GET', 'POST', 'OPTIONS'] / -> evidence_upload
['POST', 'OPTIONS'] /ajax_upload -> ajax_upload
['HEAD', 'GET', 'POST', 'OPTIONS'] /encryption_page -> encryption_page
['HEAD', 'GET', 'OPTIONS'] /load_evidence/<int:file_id> -> load_evidence
['HEAD', 'GET', 'OPTIONS'] /remove_file/<filename> -> remove_file
['HEAD', 'GET', 'OPTIONS'] /remove_from_db/<int:file_id> -> remove_from_db
['POST', 'OPTIONS'] /ajax_upload_abort -> ajax_upload_abort
['HEAD', 'GET', 'POST', 'OPTIONS'] /decryption/<filename> -> decryption_page
['HEAD', 'GET', 'OPTIONS'] /decryption_progress/<filename> -> decryption_progress
['HEAD', 'GET', 'OPTIONS'] /forensic_analysis -> forensic_analysis
['HEAD', 'GET', 'OPTIONS'] /start_strings_analysis -> start_strings_analysis
['HEAD', 'GET', 'OPTIONS'] /auto_carving_setup -> auto_carving_setup
['HEAD', 'GET', 'OPTIONS'] /auto_carving_process -> auto_carving_process
['HEAD', 'GET', 'OPTIONS'] /recovered_files -> recovered_files
['HEAD', 'GET', 'OPTIONS'] /manual_carving -> manual_carving
['HEAD', 'GET', 'POST', 'OPTIONS'] /log_file_viewer -> log_file_viewer
['HEAD', 'GET', 'POST', 'OPTIONS'] /event_log_viewer -> event_log_viewer
['HEAD', 'GET', 'POST', 'OPTIONS'] /reporting -> reporting
['HEAD', 'GET', 'OPTIONS'] /deleted_files_status_page -> deleted_files_status_page
['HEAD', 'GET', 'OPTIONS'] /decryption_status -> decryption_status_endpoint
['HEAD', 'GET', 'OPTIONS'] /hashing_status -> hashing_status_endpoint
['HEAD', 'GET', 'OPTIONS'] /strings_status -> strings_status_endpoint
['HEAD', 'GET', 'OPTIONS'] /deleted_files -> deleted_files
['HEAD', 'GET', 'OPTIONS'] /deleted_scan_status -> deleted_scan_status_endpoint
['HEAD', 'GET', 'OPTIONS'] /hex_view_carved/<filename> -> hex_view_carved
['HEAD', 'GET', 'OPTIONS'] /download_carved_file/<filename> -> download_carved_file
['HEAD', 'GET', 'OPTIONS'] /serve_file_data/<type>/<path:filename> -> serve_file_data
['HEAD', 'GET', 'OPTIONS'] /view_carved_file/<filename> -> view_carved_file
['HEAD', 'GET', 'OPTIONS'] /view_deleted_file/<filename> -> view_deleted_file
['HEAD', 'GET', 'OPTIONS'] /hex_view_fallback/<filename> -> hex_view_fallback
['HEAD', 'GET', 'OPTIONS'] /hex_view_deleted/<filename> -> hex_view_deleted
['HEAD', 'GET', 'OPTIONS'] /download_deleted_file/<filename> -> download_deleted_file
['POST', 'OPTIONS'] /download_zip -> download_zip
['POST', 'OPTIONS'] /find_in_file -> find_in_file
['POST', 'OPTIONS'] /run_auto_carving -> run_auto_carving
['POST', 'OPTIONS'] /find_block -> find_block
['HEAD', 'GET', 'OPTIONS'] /clear_session -> clear_session
['POST', 'OPTIONS'] /perform_manual_carve -> perform_manual_carve
['HEAD', 'GET', 'OPTIONS'] /diag -> diag

================================================================================
Imported app module file: D:\Forensic Auto Carver\app.py
['GET', 'HEAD', 'OPTIONS'] /static/<path:filename> -> static
['GET', 'HEAD', 'OPTIONS'] /start_strict_deleted_recovery -> start_strict_deleted_recovery
['GET', 'HEAD', 'OPTIONS'] / -> index
['GET', 'HEAD', 'OPTIONS'] /upload_status -> upload_status_api
['GET', 'HEAD', 'OPTIONS'] /carving_status -> carving_status_endpoint
['POST', 'OPTIONS'] /upload -> upload_file
['GET', 'HEAD', 'OPTIONS'] /all_process_status -> all_process_status
['GET', 'HEAD', 'OPTIONS'] /deleted_recovery -> deleted_recovery
['GET', 'HEAD', 'OPTIONS'] /start_deleted_recovery -> start_deleted_recovery
['GET', 'POST', 'HEAD', 'OPTIONS'] /evidence_upload -> evidence_upload
['GET', 'POST', 'HEAD', 'OPTIONS'] / -> evidence_upload
['POST', 'OPTIONS'] /ajax_upload -> ajax_upload
['GET', 'POST', 'HEAD', 'OPTIONS'] /encryption_page -> encryption_page
['GET', 'HEAD', 'OPTIONS'] /load_evidence/<int:file_id> -> load_evidence
['GET', 'HEAD', 'OPTIONS'] /remove_file/<filename> -> remove_file
['GET', 'HEAD', 'OPTIONS'] /remove_from_db/<int:file_id> -> remove_from_db
['POST', 'OPTIONS'] /ajax_upload_abort -> ajax_upload_abort
['GET', 'POST', 'HEAD', 'OPTIONS'] /decryption/<filename> -> decryption_page
['GET', 'HEAD', 'OPTIONS'] /decryption_progress/<filename> -> decryption_progress
['GET', 'HEAD', 'OPTIONS'] /forensic_analysis -> forensic_analysis
['GET', 'HEAD', 'OPTIONS'] /start_strings_analysis -> start_strings_analysis
['GET', 'HEAD', 'OPTIONS'] /auto_carving_setup -> auto_carving_setup
['GET', 'HEAD', 'OPTIONS'] /auto_carving_process -> auto_carving_process
['GET', 'HEAD', 'OPTIONS'] /recovered_files -> recovered_files
['GET', 'HEAD', 'OPTIONS'] /manual_carving -> manual_carving
['GET', 'POST', 'HEAD', 'OPTIONS'] /log_file_viewer -> log_file_viewer
['GET', 'POST', 'HEAD', 'OPTIONS'] /event_log_viewer -> event_log_viewer
['GET', 'POST', 'HEAD', 'OPTIONS'] /reporting -> reporting
['GET', 'HEAD', 'OPTIONS'] /deleted_files_status_page -> deleted_files_status_page
['GET', 'HEAD', 'OPTIONS'] /decryption_status -> decryption_status_endpoint
['GET', 'HEAD', 'OPTIONS'] /hashing_status -> hashing_status_endpoint
['GET', 'HEAD', 'OPTIONS'] /strings_status -> strings_status_endpoint
['GET', 'HEAD', 'OPTIONS'] /deleted_files -> deleted_files
['GET', 'HEAD', 'OPTIONS'] /deleted_scan_status -> deleted_scan_status_endpoint
['GET', 'HEAD', 'OPTIONS'] /hex_view_carved/<filename> -> hex_view_carved
['GET', 'HEAD', 'OPTIONS'] /download_carved_file/<filename> -> download_carved_file
['GET', 'HEAD', 'OPTIONS'] /serve_file_data/<type>/<path:filename> -> serve_file_data
['GET', 'HEAD', 'OPTIONS'] /view_carved_file/<filename> -> view_carved_file
['GET', 'HEAD', 'OPTIONS'] /view_deleted_file/<filename> -> view_deleted_file
['GET', 'HEAD', 'OPTIONS'] /hex_view_fallback/<filename> -> hex_view_fallback
['GET', 'HEAD', 'OPTIONS'] /hex_view_deleted/<filename> -> hex_view_deleted
['GET', 'HEAD', 'OPTIONS'] /download_deleted_file/<filename> -> download_deleted_file
['POST', 'OPTIONS'] /download_zip -> download_zip
['POST', 'OPTIONS'] /find_in_file -> find_in_file
['POST', 'OPTIONS'] /run_auto_carving -> run_auto_carving
['POST', 'OPTIONS'] /find_block -> find_block
['GET', 'HEAD', 'OPTIONS'] /clear_session -> clear_session
['POST', 'OPTIONS'] /perform_manual_carve -> perform_manual_carve
['GET', 'HEAD', 'OPTIONS'] /diag -> diag

================================================================================
Imported app module file: D:\Forensic Auto Carver\app.py
['GET', 'HEAD', 'OPTIONS'] /static/<path:filename> -> static
['GET', 'HEAD', 'OPTIONS'] /start_strict_deleted_recovery -> start_strict_deleted_recovery
['GET', 'HEAD', 'OPTIONS'] / -> index
['GET', 'HEAD', 'OPTIONS'] /upload_status -> upload_status_api
['GET', 'HEAD', 'OPTIONS'] /carving_status -> carving_status_endpoint
['POST', 'OPTIONS'] /upload -> upload_file
['GET', 'HEAD', 'OPTIONS'] /all_process_status -> all_process_status
['GET', 'HEAD', 'OPTIONS'] /deleted_recovery -> deleted_recovery
['GET', 'HEAD', 'OPTIONS'] /start_deleted_recovery -> start_deleted_recovery
['GET', 'HEAD', 'POST', 'OPTIONS'] /evidence_upload -> evidence_upload
['GET', 'HEAD', 'POST', 'OPTIONS'] / -> evidence_upload
['POST', 'OPTIONS'] /ajax_upload -> ajax_upload
['GET', 'HEAD', 'POST', 'OPTIONS'] /encryption_page -> encryption_page
['POST', 'OPTIONS'] /manual_carve_hex -> manual_carve_hex
['GET', 'HEAD', 'OPTIONS'] /load_evidence/<int:file_id> -> load_evidence
['GET', 'HEAD', 'OPTIONS'] /remove_file/<filename> -> remove_file
['GET', 'HEAD', 'OPTIONS'] /remove_from_db/<int:file_id> -> remove_from_db
['POST', 'OPTIONS'] /ajax_upload_abort -> ajax_upload_abort
['GET', 'HEAD', 'POST', 'OPTIONS'] /decryption/<filename> -> decryption_page
['GET', 'HEAD', 'OPTIONS'] /decryption_progress/<filename> -> decryption_progress
['GET', 'HEAD', 'OPTIONS'] /forensic_analysis -> forensic_analysis
['GET', 'HEAD', 'OPTIONS'] /start_strings_analysis -> start_strings_analysis
['GET', 'HEAD', 'OPTIONS'] /auto_carving_setup -> auto_carving_setup
['GET', 'HEAD', 'OPTIONS'] /auto_carving_process -> auto_carving_process
['GET', 'HEAD', 'OPTIONS'] /recovered_files -> recovered_files
['GET', 'HEAD', 'OPTIONS'] /manual_carving -> manual_carving
['GET', 'HEAD', 'POST', 'OPTIONS'] /log_file_viewer -> log_file_viewer
['GET', 'HEAD', 'POST', 'OPTIONS'] /event_log_viewer -> event_log_viewer
['GET', 'HEAD', 'POST', 'OPTIONS'] /reporting -> reporting
['GET', 'HEAD', 'OPTIONS'] /deleted_files_status_page -> deleted_files_status_page
['GET', 'HEAD', 'OPTIONS'] /decryption_status -> decryption_status_endpoint
['GET', 'HEAD', 'OPTIONS'] /hashing_status -> hashing_status_endpoint
['GET', 'HEAD', 'OPTIONS'] /strings_status -> strings_status_endpoint
['GET', 'HEAD', 'OPTIONS'] /deleted_files -> deleted_files
['GET', 'HEAD', 'OPTIONS'] /deleted_scan_status -> deleted_scan_status_endpoint
['GET', 'HEAD', 'OPTIONS'] /hex_view_carved/<filename> -> hex_view_carved
['GET', 'HEAD', 'OPTIONS'] /download_carved_file/<filename> -> download_carved_file
['GET', 'HEAD', 'OPTIONS'] /serve_file_data/<type>/<path:filename> -> serve_file_data
['GET', 'HEAD', 'OPTIONS'] /view_carved_file/<filename> -> view_carved_file
['GET', 'HEAD', 'OPTIONS'] /view_deleted_file/<filename> -> view_deleted_file
['GET', 'HEAD', 'OPTIONS'] /hex_view_fallback/<filename> -> hex_view_fallback
['GET', 'HEAD', 'OPTIONS'] /hex_view_deleted/<filename> -> hex_view_deleted
['GET', 'HEAD', 'OPTIONS'] /download_deleted_file/<filename> -> download_deleted_file
['POST', 'OPTIONS'] /download_zip -> download_zip
['POST', 'OPTIONS'] /find_in_file -> find_in_file
['POST', 'OPTIONS'] /run_auto_carving -> run_auto_carving
['POST', 'OPTIONS'] /find_block -> find_block
['GET', 'HEAD', 'OPTIONS'] /clear_session -> clear_session
['POST', 'OPTIONS'] /perform_manual_carve -> perform_manual_carve
['GET', 'HEAD', 'OPTIONS'] /diag -> diag

================================================================================
Imported app module file: D:\Forensic Auto Carver\app.py
['OPTIONS', 'HEAD', 'GET'] /static/<path:filename> -> static
['OPTIONS', 'HEAD', 'GET'] /start_strict_deleted_recovery -> start_strict_deleted_recovery
['OPTIONS', 'HEAD', 'GET'] / -> index
['OPTIONS', 'HEAD', 'GET'] /upload_status -> upload_status_api
['OPTIONS', 'HEAD', 'GET'] /carving_status -> carving_status_endpoint
['OPTIONS', 'POST'] /upload -> upload_file
['OPTIONS', 'HEAD', 'GET'] /all_process_status -> all_process_status
['OPTIONS', 'HEAD', 'GET'] /deleted_recovery -> deleted_recovery
['OPTIONS', 'HEAD', 'GET'] /start_deleted_recovery -> start_deleted_recovery
['OPTIONS', 'POST', 'HEAD', 'GET'] /evidence_upload -> evidence_upload
['OPTIONS', 'POST', 'HEAD', 'GET'] / -> evidence_upload
['OPTIONS', 'POST'] /ajax_upload -> ajax_upload
['OPTIONS', 'POST', 'HEAD', 'GET'] /encryption_page -> encryption_page
['OPTIONS', 'POST'] /manual_carve_hex -> manual_carve_hex
['OPTIONS', 'HEAD', 'GET'] /load_evidence/<int:file_id> -> load_evidence
['OPTIONS', 'HEAD', 'GET'] /remove_file/<filename> -> remove_file
['OPTIONS', 'HEAD', 'GET'] /remove_from_db/<int:file_id> -> remove_from_db
['OPTIONS', 'POST'] /ajax_upload_abort -> ajax_upload_abort
['OPTIONS', 'POST', 'HEAD', 'GET'] /decryption/<filename> -> decryption_page
['OPTIONS', 'HEAD', 'GET'] /decryption_progress/<filename> -> decryption_progress
['OPTIONS', 'HEAD', 'GET'] /forensic_analysis -> forensic_analysis
['OPTIONS', 'HEAD', 'GET'] /start_strings_analysis -> start_strings_analysis
['OPTIONS', 'HEAD', 'GET'] /auto_carving_setup -> auto_carving_setup
['OPTIONS', 'HEAD', 'GET'] /auto_carving_process -> auto_carving_process
['OPTIONS', 'HEAD', 'GET'] /recovered_files -> recovered_files
['OPTIONS', 'HEAD', 'GET'] /manual_carving -> manual_carving
['OPTIONS', 'POST'] /view_evidence_hex -> view_evidence_hex
['OPTIONS', 'POST', 'HEAD', 'GET'] /log_file_viewer -> log_file_viewer
['OPTIONS', 'POST', 'HEAD', 'GET'] /event_log_viewer -> event_log_viewer
['OPTIONS', 'POST', 'HEAD', 'GET'] /reporting -> reporting
['OPTIONS', 'HEAD', 'GET'] /deleted_files_status_page -> deleted_files_status_page
['OPTIONS', 'HEAD', 'GET'] /decryption_status -> decryption_status_endpoint
['OPTIONS', 'HEAD', 'GET'] /hashing_status -> hashing_status_endpoint
['OPTIONS', 'HEAD', 'GET'] /strings_status -> strings_status_endpoint
['OPTIONS', 'HEAD', 'GET'] /deleted_files -> deleted_files
['OPTIONS', 'HEAD', 'GET'] /deleted_scan_status -> deleted_scan_status_endpoint
['OPTIONS', 'HEAD', 'GET'] /hex_view_carved/<filename> -> hex_view_carved
['OPTIONS', 'HEAD', 'GET'] /download_carved_file/<filename> -> download_carved_file
['OPTIONS', 'HEAD', 'GET'] /serve_file_data/<type>/<path:filename> -> serve_file_data
['OPTIONS', 'HEAD', 'GET'] /view_carved_file/<filename> -> view_carved_file
['OPTIONS', 'HEAD', 'GET'] /view_deleted_file/<filename> -> view_deleted_file
['OPTIONS', 'HEAD', 'GET'] /hex_view_fallback/<filename> -> hex_view_fallback
['OPTIONS', 'HEAD', 'GET'] /hex_view_deleted/<filename> -> hex_view_deleted
['OPTIONS', 'HEAD', 'GET'] /download_deleted_file/<filename> -> download_deleted_file
['OPTIONS', 'POST'] /download_zip -> download_zip
['OPTIONS', 'POST'] /find_in_file -> find_in_file
['OPTIONS', 'POST'] /run_auto_carving -> run_auto_carving
['OPTIONS', 'POST'] /find_block -> find_block
['OPTIONS', 'HEAD', 'GET'] /clear_session -> clear_session
['OPTIONS', 'POST'] /perform_manual_carve -> perform_manual_carve
['OPTIONS', 'HEAD', 'GET'] /diag -> diag

================================================================================
Imported app module file: D:\Forensic Auto Carver\app.py
['GET', 'HEAD', 'OPTIONS'] /static/<path:filename> -> static
['GET', 'HEAD', 'OPTIONS'] /start_strict_deleted_recovery -> start_strict_deleted_recovery
['GET', 'HEAD', 'OPTIONS'] / -> index
['GET', 'HEAD', 'OPTIONS'] /upload_status -> upload_status_api
['GET', 'HEAD', 'OPTIONS'] /carving_status -> carving_status_endpoint
['OPTIONS', 'POST'] /upload -> upload_file
['GET', 'HEAD', 'OPTIONS'] /all_process_status -> all_process_status
['GET', 'HEAD', 'OPTIONS'] /deleted_recovery -> deleted_recovery
['GET', 'HEAD', 'OPTIONS'] /start_deleted_recovery -> start_deleted_recovery
['GET', 'HEAD', 'OPTIONS', 'POST'] /evidence_upload -> evidence_upload
['GET', 'HEAD', 'OPTIONS', 'POST'] / -> evidence_upload
['OPTIONS', 'POST'] /ajax_upload -> ajax_upload
['GET', 'HEAD', 'OPTIONS', 'POST'] /encryption_page -> encryption_page
['OPTIONS', 'POST'] /manual_carve_hex -> manual_carve_hex
['GET', 'HEAD', 'OPTIONS'] /load_evidence/<int:file_id> -> load_evidence
['GET', 'HEAD', 'OPTIONS'] /remove_file/<filename> -> remove_file
['GET', 'HEAD', 'OPTIONS'] /remove_from_db/<int:file_id> -> remove_from_db
['OPTIONS', 'POST'] /ajax_upload_abort -> ajax_upload_abort
['GET', 'HEAD', 'OPTIONS', 'POST'] /decryption/<filename> -> decryption_page
['GET', 'HEAD', 'OPTIONS'] /decryption_progress/<filename> -> decryption_progress
['GET', 'HEAD', 'OPTIONS'] /forensic_analysis -> forensic_analysis
['GET', 'HEAD', 'OPTIONS'] /start_strings_analysis -> start_strings_analysis
['GET', 'HEAD', 'OPTIONS'] /auto_carving_setup -> auto_carving_setup
['GET', 'HEAD', 'OPTIONS'] /auto_carving_process -> auto_carving_process
['GET', 'HEAD', 'OPTIONS'] /recovered_files -> recovered_files
['GET', 'HEAD', 'OPTIONS'] /manual_carving -> manual_carving
['OPTIONS', 'POST'] /view_evidence_hex -> view_evidence_hex
['GET', 'HEAD', 'OPTIONS', 'POST'] /log_file_viewer -> log_file_viewer
['GET', 'HEAD', 'OPTIONS', 'POST'] /event_log_viewer -> event_log_viewer
['GET', 'HEAD', 'OPTIONS', 'POST'] /reporting -> reporting
['GET', 'HEAD', 'OPTIONS'] /deleted_files_status_page -> deleted_files_status_page
['GET', 'HEAD', 'OPTIONS'] /decryption_status -> decryption_status_endpoint
['GET', 'HEAD', 'OPTIONS'] /hashing_status -> hashing_status_endpoint
['GET', 'HEAD', 'OPTIONS'] /strings_status -> strings_status_endpoint
['GET', 'HEAD', 'OPTIONS'] /deleted_files -> deleted_files
['GET', 'HEAD', 'OPTIONS'] /deleted_scan_status -> deleted_scan_status_endpoint
['GET', 'HEAD', 'OPTIONS'] /hex_view_carved/<filename> -> hex_view_carved
['GET', 'HEAD', 'OPTIONS'] /download_carved_file/<filename> -> download_carved_file
['GET', 'HEAD', 'OPTIONS'] /serve_file_data/<type>/<path:filename> -> serve_file_data
['GET', 'HEAD', 'OPTIONS'] /view_carved_file/<filename> -> view_carved_file
['GET', 'HEAD', 'OPTIONS'] /view_deleted_file/<filename> -> view_deleted_file
['GET', 'HEAD', 'OPTIONS'] /hex_view_fallback/<filename> -> hex_view_fallback
['GET', 'HEAD', 'OPTIONS'] /hex_view_deleted/<filename> -> hex_view_deleted
['GET', 'HEAD', 'OPTIONS'] /download_deleted_file/<filename> -> download_deleted_file
['OPTIONS', 'POST'] /download_zip -> download_zip
['OPTIONS', 'POST'] /find_in_file -> find_in_file
['OPTIONS', 'POST'] /run_auto_carving -> run_auto_carving
['OPTIONS', 'POST'] /find_block -> find_block
['GET', 'HEAD', 'OPTIONS'] /clear_session -> clear_session
['OPTIONS', 'POST'] /perform_manual_carve -> perform_manual_carve
['GET', 'HEAD', 'OPTIONS'] /diag -> diag

================================================================================
Imported app module file: D:\Forensic Auto Carver\app.py
['HEAD', 'GET', 'OPTIONS'] /static/<path:filename> -> static
['HEAD', 'GET', 'OPTIONS'] /start_strict_deleted_recovery -> start_strict_deleted_recovery
['HEAD', 'GET', 'OPTIONS'] / -> index
['HEAD', 'GET', 'OPTIONS'] /upload_status -> upload_status_api
['HEAD', 'GET', 'OPTIONS'] /carving_status -> carving_status_endpoint
['OPTIONS', 'POST'] /upload -> upload_file
['HEAD', 'GET', 'OPTIONS'] /all_process_status -> all_process_status
['HEAD', 'GET', 'OPTIONS'] /deleted_recovery -> deleted_recovery
['HEAD', 'GET', 'OPTIONS'] /start_deleted_recovery -> start_deleted_recovery
['HEAD', 'GET', 'OPTIONS', 'POST'] /evidence_upload -> evidence_upload
['HEAD', 'GET', 'OPTIONS', 'POST'] / -> evidence_upload
['OPTIONS', 'POST'] /ajax_upload -> ajax_upload
['HEAD', 'GET', 'OPTIONS', 'POST'] /encryption_page -> encryption_page
['OPTIONS', 'POST'] /manual_carve_hex -> manual_carve_hex
['HEAD', 'GET', 'OPTIONS'] /load_evidence/<int:file_id> -> load_evidence
['HEAD', 'GET', 'OPTIONS'] /remove_file/<filename> -> remove_file
['HEAD', 'GET', 'OPTIONS'] /remove_from_db/<int:file_id> -> remove_from_db
['OPTIONS', 'POST'] /ajax_upload_abort -> ajax_upload_abort
['HEAD', 'GET', 'OPTIONS', 'POST'] /decryption/<filename> -> decryption_page
['HEAD', 'GET', 'OPTIONS'] /decryption_progress/<filename> -> decryption_progress
['HEAD', 'GET', 'OPTIONS'] /forensic_analysis -> forensic_analysis
['HEAD', 'GET', 'OPTIONS'] /start_strings_analysis -> start_strings_analysis
['HEAD', 'GET', 'OPTIONS'] /auto_carving_setup -> auto_carving_setup
['HEAD', 'GET', 'OPTIONS'] /auto_carving_process -> auto_carving_process
['HEAD', 'GET', 'OPTIONS'] /recovered_files -> recovered_files
['HEAD', 'GET', 'OPTIONS'] /manual_carving -> manual_carving
['OPTIONS', 'POST'] /view_evidence_hex -> view_evidence_hex
['HEAD', 'GET', 'OPTIONS', 'POST'] /log_file_viewer -> log_file_viewer
['HEAD', 'GET', 'OPTIONS', 'POST'] /event_log_viewer -> event_log_viewer
['HEAD', 'GET', 'OPTIONS', 'POST'] /reporting -> reporting
['HEAD', 'GET', 'OPTIONS'] /deleted_files_status_page -> deleted_files_status_page
['HEAD', 'GET', 'OPTIONS'] /decryption_status -> decryption_status_endpoint
['HEAD', 'GET', 'OPTIONS'] /hashing_status -> hashing_status_endpoint
['HEAD', 'GET', 'OPTIONS'] /strings_status -> strings_status_endpoint
['HEAD', 'GET', 'OPTIONS'] /deleted_files -> deleted_files
['HEAD', 'GET', 'OPTIONS'] /deleted_scan_status -> deleted_scan_status_endpoint
['HEAD', 'GET', 'OPTIONS'] /hex_view_carved/<filename> -> hex_view_carved
['HEAD', 'GET', 'OPTIONS'] /download_carved_file/<filename> -> download_carved_file
['HEAD', 'GET', 'OPTIONS'] /serve_file_data/<type>/<path:filename> -> serve_file_data
['HEAD', 'GET', 'OPTIONS'] /view_carved_file/<filename> -> view_carved_file
['HEAD', 'GET', 'OPTIONS'] /view_deleted_file/<filename> -> view_deleted_file
['HEAD', 'GET', 'OPTIONS'] /hex_view_fallback/<filename> -> hex_view_fallback
['HEAD', 'GET', 'OPTIONS'] /hex_view_deleted/<filename> -> hex_view_deleted
['HEAD', 'GET', 'OPTIONS'] /download_deleted_file/<filename> -> download_deleted_file
['OPTIONS', 'POST'] /download_zip -> download_zip
['OPTIONS', 'POST'] /find_in_file -> find_in_file
['OPTIONS', 'POST'] /run_auto_carving -> run_auto_carving
['OPTIONS', 'POST'] /find_block -> find_block
['HEAD', 'GET', 'OPTIONS'] /clear_session -> clear_session
['OPTIONS', 'POST'] /perform_manual_carve -> perform_manual_carve
['HEAD', 'GET', 'OPTIONS'] /diag -> diag

================================================================================
Imported app module file: D:\Forensic Auto Carver\app.py
['OPTIONS', 'HEAD', 'GET'] /static/<path:filename> -> static
['OPTIONS', 'HEAD', 'GET'] /start_strict_deleted_recovery -> start_strict_deleted_recovery
['OPTIONS', 'HEAD', 'GET'] / -> index
['OPTIONS', 'HEAD', 'GET'] /upload_status -> upload_status_api
['OPTIONS', 'HEAD', 'GET'] /carving_status -> carving_status_endpoint
['OPTIONS', 'POST'] /upload -> upload_file
['OPTIONS', 'HEAD', 'GET'] /all_process_status -> all_process_status
['OPTIONS', 'HEAD', 'GET'] /deleted_recovery -> deleted_recovery
['OPTIONS', 'HEAD', 'GET'] /start_deleted_recovery -> start_deleted_recovery
['OPTIONS', 'HEAD', 'GET', 'POST'] /evidence_upload -> evidence_upload
['OPTIONS', 'HEAD', 'GET', 'POST'] / -> evidence_upload
['OPTIONS', 'POST'] /ajax_upload -> ajax_upload
['OPTIONS', 'HEAD', 'GET', 'POST'] /encryption_page -> encryption_page
['OPTIONS', 'POST'] /manual_carve_hex -> manual_carve_hex
['OPTIONS', 'HEAD', 'GET'] /load_evidence/<int:file_id> -> load_evidence
['OPTIONS', 'HEAD', 'GET'] /remove_file/<filename> -> remove_file
['OPTIONS', 'HEAD', 'GET'] /remove_from_db/<int:file_id> -> remove_from_db
['OPTIONS', 'POST'] /ajax_upload_abort -> ajax_upload_abort
['OPTIONS', 'HEAD', 'GET', 'POST'] /decryption/<filename> -> decryption_page
['OPTIONS', 'HEAD', 'GET'] /decryption_progress/<filename> -> decryption_progress
['OPTIONS', 'HEAD', 'GET'] /forensic_analysis -> forensic_analysis
['OPTIONS', 'HEAD', 'GET'] /start_strings_analysis -> start_strings_analysis
['OPTIONS', 'HEAD', 'GET'] /auto_carving_setup -> auto_carving_setup
['OPTIONS', 'HEAD', 'GET'] /auto_carving_process -> auto_carving_process
['OPTIONS', 'HEAD', 'GET'] /recovered_files -> recovered_files
['OPTIONS', 'HEAD', 'GET'] /manual_carving -> manual_carving
['OPTIONS', 'POST'] /view_evidence_hex -> view_evidence_hex
['OPTIONS', 'HEAD', 'GET', 'POST'] /log_file_viewer -> log_file_viewer
['OPTIONS', 'HEAD', 'GET', 'POST'] /event_log_viewer -> event_log_viewer
['OPTIONS', 'HEAD', 'GET', 'POST'] /reporting -> reporting
['OPTIONS', 'HEAD', 'GET'] /deleted_files_status_page -> deleted_files_status_page
['OPTIONS', 'HEAD', 'GET'] /decryption_status -> decryption_status_endpoint
['OPTIONS', 'HEAD', 'GET'] /hashing_status -> hashing_status_endpoint
['OPTIONS', 'HEAD', 'GET'] /strings_status -> strings_status_endpoint
['OPTIONS', 'HEAD', 'GET'] /deleted_files -> deleted_files
['OPTIONS', 'HEAD', 'GET'] /deleted_scan_status -> deleted_scan_status_endpoint
['OPTIONS', 'HEAD', 'GET'] /hex_view_carved/<filename> -> hex_view_carved
['OPTIONS', 'HEAD', 'GET'] /download_carved_file/<filename> -> download_carved_file
['OPTIONS', 'HEAD', 'GET'] /serve_file_data/<type>/<path:filename> -> serve_file_data
['OPTIONS', 'HEAD', 'GET'] /view_carved_file/<filename> -> view_carved_file
['OPTIONS', 'HEAD', 'GET'] /view_deleted_file/<filename> -> view_deleted_file
['OPTIONS', 'HEAD', 'GET'] /hex_view_fallback/<filename> -> hex_view_fallback
['OPTIONS', 'HEAD', 'GET'] /hex_view_deleted/<filename> -> hex_view_deleted
['OPTIONS', 'HEAD', 'GET'] /download_deleted_file/<filename> -> download_deleted_file
['OPTIONS', 'POST'] /download_zip -> download_zip
['OPTIONS', 'POST'] /find_in_file -> find_in_file
['OPTIONS', 'POST'] /run_auto_carving -> run_auto_carving
['OPTIONS', 'POST'] /find_block -> find_block
['OPTIONS', 'HEAD', 'GET'] /clear_session -> clear_session
['OPTIONS', 'POST'] /perform_manual_carve -> perform_manual_carve
['OPTIONS', 'HEAD', 'GET'] /diag -> diag

================================================================================
Imported app module file: D:\Forensic Auto Carver\app.py
['HEAD', 'OPTIONS', 'GET'] /static/<path:filename> -> static
['HEAD', 'OPTIONS', 'GET'] /start_strict_deleted_recovery -> start_strict_deleted_recovery
['HEAD', 'OPTIONS', 'GET'] / -> index
['HEAD', 'OPTIONS', 'GET'] /upload_status -> upload_status_api
['HEAD', 'OPTIONS', 'GET'] /carving_status -> carving_status_endpoint
['OPTIONS', 'POST'] /upload -> upload_file
['HEAD', 'OPTIONS', 'GET'] /all_process_status -> all_process_status
['HEAD', 'OPTIONS', 'GET'] /deleted_recovery -> deleted_recovery
['HEAD', 'OPTIONS', 'GET'] /start_deleted_recovery -> start_deleted_recovery
['HEAD', 'OPTIONS', 'GET', 'POST'] /evidence_upload -> evidence_upload
['HEAD', 'OPTIONS', 'GET', 'POST'] / -> evidence_upload
['OPTIONS', 'POST'] /ajax_upload -> ajax_upload
['HEAD', 'OPTIONS', 'GET', 'POST'] /encryption_page -> encryption_page
['OPTIONS', 'POST'] /manual_carve_hex -> manual_carve_hex
['HEAD', 'OPTIONS', 'GET'] /load_evidence/<int:file_id> -> load_evidence
['HEAD', 'OPTIONS', 'GET'] /remove_file/<filename> -> remove_file
['HEAD', 'OPTIONS', 'GET'] /remove_from_db/<int:file_id> -> remove_from_db
['OPTIONS', 'POST'] /ajax_upload_abort -> ajax_upload_abort
['HEAD', 'OPTIONS', 'GET', 'POST'] /decryption/<filename> -> decryption_page
['HEAD', 'OPTIONS', 'GET'] /decryption_progress/<filename> -> decryption_progress
['HEAD', 'OPTIONS', 'GET'] /forensic_analysis -> forensic_analysis
['HEAD', 'OPTIONS', 'GET'] /start_strings_analysis -> start_strings_analysis
['HEAD', 'OPTIONS', 'GET'] /auto_carving_setup -> auto_carving_setup
['HEAD', 'OPTIONS', 'GET'] /auto_carving_process -> auto_carving_process
['HEAD', 'OPTIONS', 'GET'] /recovered_files -> recovered_files
['HEAD', 'OPTIONS', 'GET'] /manual_carving -> manual_carving
['OPTIONS', 'POST'] /view_evidence_hex -> view_evidence_hex
['HEAD', 'OPTIONS', 'GET', 'POST'] /log_file_viewer -> log_file_viewer
['HEAD', 'OPTIONS', 'GET', 'POST'] /event_log_viewer -> event_log_viewer
['HEAD', 'OPTIONS', 'GET', 'POST'] /reporting -> reporting
['HEAD', 'OPTIONS', 'GET'] /deleted_files_status_page -> deleted_files_status_page
['HEAD', 'OPTIONS', 'GET'] /decryption_status -> decryption_status_endpoint
['HEAD', 'OPTIONS', 'GET'] /hashing_status -> hashing_status_endpoint
['HEAD', 'OPTIONS', 'GET'] /strings_status -> strings_status_endpoint
['HEAD', 'OPTIONS', 'GET'] /deleted_files -> deleted_files
['HEAD', 'OPTIONS', 'GET'] /deleted_scan_status -> deleted_scan_status_endpoint
['HEAD', 'OPTIONS', 'GET'] /hex_view_carved/<filename> -> hex_view_carved
['HEAD', 'OPTIONS', 'GET'] /download_carved_file/<filename> -> download_carved_file
['HEAD', 'OPTIONS', 'GET'] /serve_file_data/<type>/<path:filename> -> serve_file_data
['HEAD', 'OPTIONS', 'GET'] /view_carved_file/<filename> -> view_carved_file
['HEAD', 'OPTIONS', 'GET'] /view_deleted_file/<filename> -> view_deleted_file
['HEAD', 'OPTIONS', 'GET'] /hex_view_fallback/<filename> -> hex_view_fallback
['HEAD', 'OPTIONS', 'GET'] /hex_view_deleted/<filename> -> hex_view_deleted
['HEAD', 'OPTIONS', 'GET'] /download_deleted_file/<filename> -> download_deleted_file
['OPTIONS', 'POST'] /download_zip -> download_zip
['OPTIONS', 'POST'] /find_in_file -> find_in_file
['OPTIONS', 'POST'] /run_auto_carving -> run_auto_carving
['OPTIONS', 'POST'] /find_block -> find_block
['HEAD', 'OPTIONS', 'GET'] /clear_session -> clear_session
['OPTIONS', 'POST'] /perform_manual_carve -> perform_manual_carve
['HEAD', 'OPTIONS', 'GET'] /diag -> diag

================================================================================
Imported app module file: D:\Forensic Auto Carver\app.py
['HEAD', 'OPTIONS', 'GET'] /static/<path:filename> -> static
['HEAD', 'OPTIONS', 'GET'] /start_strict_deleted_recovery -> start_strict_deleted_recovery
['HEAD', 'OPTIONS', 'GET'] / -> index
['HEAD', 'OPTIONS', 'GET'] /upload_status -> upload_status_api
['HEAD', 'OPTIONS', 'GET'] /carving_status -> carving_status_endpoint
['OPTIONS', 'POST'] /upload -> upload_file
['HEAD', 'OPTIONS', 'GET'] /all_process_status -> all_process_status
['HEAD', 'OPTIONS', 'GET'] /deleted_recovery -> deleted_recovery
['HEAD', 'OPTIONS', 'GET'] /start_deleted_recovery -> start_deleted_recovery
['HEAD', 'OPTIONS', 'GET', 'POST'] /evidence_upload -> evidence_upload
['HEAD', 'OPTIONS', 'GET', 'POST'] / -> evidence_upload
['OPTIONS', 'POST'] /ajax_upload -> ajax_upload
['HEAD', 'OPTIONS', 'GET', 'POST'] /encryption_page -> encryption_page
['OPTIONS', 'POST'] /manual_carve_hex -> manual_carve_hex
['HEAD', 'OPTIONS', 'GET'] /load_evidence/<int:file_id> -> load_evidence
['HEAD', 'OPTIONS', 'GET'] /remove_file/<filename> -> remove_file
['HEAD', 'OPTIONS', 'GET'] /remove_from_db/<int:file_id> -> remove_from_db
['OPTIONS', 'POST'] /ajax_upload_abort -> ajax_upload_abort
['HEAD', 'OPTIONS', 'GET', 'POST'] /decryption/<filename> -> decryption_page
['HEAD', 'OPTIONS', 'GET'] /decryption_progress/<filename> -> decryption_progress
['HEAD', 'OPTIONS', 'GET'] /forensic_analysis -> forensic_analysis
['HEAD', 'OPTIONS', 'GET'] /start_strings_analysis -> start_strings_analysis
['HEAD', 'OPTIONS', 'GET'] /auto_carving_setup -> auto_carving_setup
['HEAD', 'OPTIONS', 'GET'] /auto_carving_process -> auto_carving_process
['HEAD', 'OPTIONS', 'GET'] /recovered_files -> recovered_files
['HEAD', 'OPTIONS', 'GET'] /manual_carving -> manual_carving
['OPTIONS', 'POST'] /view_evidence_hex -> view_evidence_hex
['HEAD', 'OPTIONS', 'GET', 'POST'] /log_file_viewer -> log_file_viewer
['HEAD', 'OPTIONS', 'GET', 'POST'] /event_log_viewer -> event_log_viewer
['HEAD', 'OPTIONS', 'GET', 'POST'] /reporting -> reporting
['HEAD', 'OPTIONS', 'GET'] /deleted_files_status_page -> deleted_files_status_page
['HEAD', 'OPTIONS', 'GET'] /decryption_status -> decryption_status_endpoint
['HEAD', 'OPTIONS', 'GET'] /hashing_status -> hashing_status_endpoint
['HEAD', 'OPTIONS', 'GET'] /strings_status -> strings_status_endpoint
['HEAD', 'OPTIONS', 'GET'] /deleted_files -> deleted_files
['HEAD', 'OPTIONS', 'GET'] /deleted_scan_status -> deleted_scan_status_endpoint
['HEAD', 'OPTIONS', 'GET'] /hex_view_carved/<filename> -> hex_view_carved
['HEAD', 'OPTIONS', 'GET'] /download_carved_file/<filename> -> download_carved_file
['HEAD', 'OPTIONS', 'GET'] /serve_file_data/<type>/<path:filename> -> serve_file_data
['HEAD', 'OPTIONS', 'GET'] /view_carved_file/<filename> -> view_carved_file
['HEAD', 'OPTIONS', 'GET'] /view_deleted_file/<filename> -> view_deleted_file
['HEAD', 'OPTIONS', 'GET'] /hex_view_fallback/<filename> -> hex_view_fallback
['HEAD', 'OPTIONS', 'GET'] /hex_view_deleted/<filename> -> hex_view_deleted
['HEAD', 'OPTIONS', 'GET'] /download_deleted_file/<filename> -> download_deleted_file
['OPTIONS', 'POST'] /download_zip -> download_zip
['OPTIONS', 'POST'] /find_in_file -> find_in_file
['OPTIONS', 'POST'] /run_auto_carving -> run_auto_carving
['OPTIONS', 'POST'] /find_block -> find_block
['HEAD', 'OPTIONS', 'GET'] /clear_session -> clear_session
['OPTIONS', 'POST'] /perform_manual_carve -> perform_manual_carve
['HEAD', 'OPTIONS', 'GET'] /diag -> diag

================================================================================
Imported app module file: D:\Forensic Auto Carver\app.py
['HEAD', 'OPTIONS', 'GET'] /static/<path:filename> -> static
['HEAD', 'OPTIONS', 'GET'] /start_strict_deleted_recovery -> start_strict_deleted_recovery
['HEAD', 'OPTIONS', 'GET'] / -> index
['HEAD', 'OPTIONS', 'GET'] /upload_status -> upload_status_api
['HEAD', 'OPTIONS', 'GET'] /carving_status -> carving_status_endpoint
['POST', 'OPTIONS'] /upload -> upload_file
['HEAD', 'OPTIONS', 'GET'] /all_process_status -> all_process_status
['HEAD', 'OPTIONS', 'GET'] /deleted_recovery -> deleted_recovery
['HEAD', 'OPTIONS', 'GET'] /start_deleted_recovery -> start_deleted_recovery
['POST', 'HEAD', 'OPTIONS', 'GET'] /evidence_upload -> evidence_upload
['POST', 'HEAD', 'OPTIONS', 'GET'] / -> evidence_upload
['POST', 'OPTIONS'] /ajax_upload -> ajax_upload
['POST', 'HEAD', 'OPTIONS', 'GET'] /encryption_page -> encryption_page
['POST', 'OPTIONS'] /manual_carve_hex -> manual_carve_hex
['HEAD', 'OPTIONS', 'GET'] /load_evidence/<int:file_id> -> load_evidence
['HEAD', 'OPTIONS', 'GET'] /remove_file/<filename> -> remove_file
['HEAD', 'OPTIONS', 'GET'] /remove_from_db/<int:file_id> -> remove_from_db
['POST', 'OPTIONS'] /ajax_upload_abort -> ajax_upload_abort
['POST', 'HEAD', 'OPTIONS', 'GET'] /decryption/<filename> -> decryption_page
['HEAD', 'OPTIONS', 'GET'] /decryption_progress/<filename> -> decryption_progress
['HEAD', 'OPTIONS', 'GET'] /forensic_analysis -> forensic_analysis
['HEAD', 'OPTIONS', 'GET'] /start_strings_analysis -> start_strings_analysis
['HEAD', 'OPTIONS', 'GET'] /auto_carving_setup -> auto_carving_setup
['HEAD', 'OPTIONS', 'GET'] /auto_carving_process -> auto_carving_process
['HEAD', 'OPTIONS', 'GET'] /recovered_files -> recovered_files
['HEAD', 'OPTIONS', 'GET'] /manual_carving -> manual_carving
['POST', 'OPTIONS'] /view_evidence_hex -> view_evidence_hex
['POST', 'HEAD', 'OPTIONS', 'GET'] /log_file_viewer -> log_file_viewer
['POST', 'HEAD', 'OPTIONS', 'GET'] /event_log_viewer -> event_log_viewer
['POST', 'HEAD', 'OPTIONS', 'GET'] /reporting -> reporting
['HEAD', 'OPTIONS', 'GET'] /deleted_files_status_page -> deleted_files_status_page
['HEAD', 'OPTIONS', 'GET'] /decryption_status -> decryption_status_endpoint
['HEAD', 'OPTIONS', 'GET'] /hashing_status -> hashing_status_endpoint
['HEAD', 'OPTIONS', 'GET'] /strings_status -> strings_status_endpoint
['HEAD', 'OPTIONS', 'GET'] /deleted_files -> deleted_files
['HEAD', 'OPTIONS', 'GET'] /deleted_scan_status -> deleted_scan_status_endpoint
['HEAD', 'OPTIONS', 'GET'] /hex_view_carved/<filename> -> hex_view_carved
['HEAD', 'OPTIONS', 'GET'] /download_carved_file/<filename> -> download_carved_file
['HEAD', 'OPTIONS', 'GET'] /serve_file_data/<type>/<path:filename> -> serve_file_data
['HEAD', 'OPTIONS', 'GET'] /view_carved_file/<filename> -> view_carved_file
['HEAD', 'OPTIONS', 'GET'] /view_deleted_file/<filename> -> view_deleted_file
['HEAD', 'OPTIONS', 'GET'] /hex_view_fallback/<filename> -> hex_view_fallback
['HEAD', 'OPTIONS', 'GET'] /hex_view_deleted/<filename> -> hex_view_deleted
['HEAD', 'OPTIONS', 'GET'] /download_deleted_file/<filename> -> download_deleted_file
['POST', 'OPTIONS'] /download_zip -> download_zip
['POST', 'OPTIONS'] /find_in_file -> find_in_file
['POST', 'OPTIONS'] /run_auto_carving -> run_auto_carving
['POST', 'OPTIONS'] /find_block -> find_block
['HEAD', 'OPTIONS', 'GET'] /clear_session -> clear_session
['POST', 'OPTIONS'] /perform_manual_carve -> perform_manual_carve
['HEAD', 'OPTIONS', 'GET'] /diag -> diag

================================================================================
Imported app module file: D:\Forensic Auto Carver\app.py
['GET', 'OPTIONS', 'HEAD'] /static/<path:filename> -> static
['GET', 'OPTIONS', 'POST', 'HEAD'] /rescan_deleted_files -> rescan_deleted_files
['GET', 'OPTIONS', 'HEAD'] /start_strict_deleted_recovery -> start_strict_deleted_recovery
['GET', 'OPTIONS', 'HEAD'] / -> index
['GET', 'OPTIONS', 'HEAD'] /upload_status -> upload_status_api
['GET', 'OPTIONS', 'HEAD'] /carving_status -> carving_status_endpoint
['POST', 'OPTIONS'] /upload -> upload_file
['GET', 'OPTIONS', 'HEAD'] /all_process_status -> all_process_status
['GET', 'OPTIONS', 'HEAD'] /deleted_recovery -> deleted_recovery
['GET', 'OPTIONS', 'HEAD'] /start_deleted_recovery -> start_deleted_recovery
['GET', 'OPTIONS', 'POST', 'HEAD'] /evidence_upload -> evidence_upload
['GET', 'OPTIONS', 'POST', 'HEAD'] / -> evidence_upload
['POST', 'OPTIONS'] /ajax_upload -> ajax_upload
['GET', 'OPTIONS', 'POST', 'HEAD'] /encryption_page -> encryption_page
['POST', 'OPTIONS'] /manual_carve_hex -> manual_carve_hex
['GET', 'OPTIONS', 'HEAD'] /load_evidence/<int:file_id> -> load_evidence
['GET', 'OPTIONS', 'HEAD'] /remove_file/<filename> -> remove_file
['GET', 'OPTIONS', 'HEAD'] /remove_from_db/<int:file_id> -> remove_from_db
['POST', 'OPTIONS'] /ajax_upload_abort -> ajax_upload_abort
['GET', 'OPTIONS', 'POST', 'HEAD'] /decryption/<filename> -> decryption_page
['GET', 'OPTIONS', 'HEAD'] /decryption_progress/<filename> -> decryption_progress
['GET', 'OPTIONS', 'HEAD'] /forensic_analysis -> forensic_analysis
['GET', 'OPTIONS', 'HEAD'] /start_strings_analysis -> start_strings_analysis
['GET', 'OPTIONS', 'HEAD'] /auto_carving_setup -> auto_carving_setup
['GET', 'OPTIONS', 'HEAD'] /auto_carving_process -> auto_carving_process
['GET', 'OPTIONS', 'HEAD'] /recovered_files -> recovered_files
['GET', 'OPTIONS', 'HEAD'] /manual_carving -> manual_carving
['POST', 'OPTIONS'] /view_evidence_hex -> view_evidence_hex
['GET', 'OPTIONS', 'POST', 'HEAD'] /log_file_viewer -> log_file_viewer
['GET', 'OPTIONS', 'POST', 'HEAD'] /event_log_viewer -> event_log_viewer
['GET', 'OPTIONS', 'POST', 'HEAD'] /reporting -> reporting
['GET', 'OPTIONS', 'HEAD'] /deleted_files_status_page -> deleted_files_status_page
['GET', 'OPTIONS', 'HEAD'] /decryption_status -> decryption_status_endpoint
['GET', 'OPTIONS', 'HEAD'] /hashing_status -> hashing_status_endpoint
['GET', 'OPTIONS', 'HEAD'] /strings_status -> strings_status_endpoint
['GET', 'OPTIONS', 'HEAD'] /deleted_files -> deleted_files
['GET', 'OPTIONS', 'HEAD'] /deleted_scan_status -> deleted_scan_status_endpoint
['GET', 'OPTIONS', 'HEAD'] /hex_view_carved/<filename> -> hex_view_carved
['GET', 'OPTIONS', 'HEAD'] /download_carved_file/<filename> -> download_carved_file
['GET', 'OPTIONS', 'HEAD'] /serve_file_data/<type>/<path:filename> -> serve_file_data
['GET', 'OPTIONS', 'HEAD'] /view_carved_file/<filename> -> view_carved_file
['GET', 'OPTIONS', 'HEAD'] /view_deleted_file/<filename> -> view_deleted_file
['GET', 'OPTIONS', 'HEAD'] /hex_view_fallback/<filename> -> hex_view_fallback
['GET', 'OPTIONS', 'HEAD'] /hex_view_deleted/<filename> -> hex_view_deleted
['GET', 'OPTIONS', 'HEAD'] /download_deleted_file/<filename> -> download_deleted_file
['POST', 'OPTIONS'] /download_zip -> download_zip
['POST', 'OPTIONS'] /find_in_file -> find_in_file
['POST', 'OPTIONS'] /run_auto_carving -> run_auto_carving
['POST', 'OPTIONS'] /find_block -> find_block
['GET', 'OPTIONS', 'HEAD'] /clear_session -> clear_session
['POST', 'OPTIONS'] /perform_manual_carve -> perform_manual_carve
['GET', 'OPTIONS', 'HEAD'] /diag -> diag

================================================================================
Imported app module file: D:\Forensic Auto Carver\app.py
['OPTIONS', 'GET', 'HEAD'] /static/<path:filename> -> static
['OPTIONS', 'GET', 'POST', 'HEAD'] /rescan_deleted_files -> rescan_deleted_files
['OPTIONS', 'GET', 'HEAD'] /start_strict_deleted_recovery -> start_strict_deleted_recovery
['OPTIONS', 'GET', 'HEAD'] / -> index
['OPTIONS', 'GET', 'HEAD'] /upload_status -> upload_status_api
['OPTIONS', 'GET', 'HEAD'] /carving_status -> carving_status_endpoint
['OPTIONS', 'POST'] /upload -> upload_file
['OPTIONS', 'GET', 'HEAD'] /all_process_status -> all_process_status
['OPTIONS', 'GET', 'HEAD'] /deleted_recovery -> deleted_recovery
['OPTIONS', 'GET', 'HEAD'] /start_deleted_recovery -> start_deleted_recovery
['OPTIONS', 'GET', 'POST', 'HEAD'] /evidence_upload -> evidence_upload
['OPTIONS', 'GET', 'POST', 'HEAD'] / -> evidence_upload
['OPTIONS', 'POST'] /ajax_upload -> ajax_upload
['OPTIONS', 'GET', 'POST', 'HEAD'] /encryption_page -> encryption_page
['OPTIONS', 'POST'] /manual_carve_hex -> manual_carve_hex
['OPTIONS', 'GET', 'HEAD'] /load_evidence/<int:file_id> -> load_evidence
['OPTIONS', 'GET', 'HEAD'] /remove_file/<filename> -> remove_file
['OPTIONS', 'GET', 'HEAD'] /remove_from_db/<int:file_id> -> remove_from_db
['OPTIONS', 'POST'] /ajax_upload_abort -> ajax_upload_abort
['OPTIONS', 'GET', 'POST', 'HEAD'] /decryption/<filename> -> decryption_page
['OPTIONS', 'GET', 'HEAD'] /decryption_progress/<filename> -> decryption_progress
['OPTIONS', 'GET', 'HEAD'] /forensic_analysis -> forensic_analysis
['OPTIONS', 'GET', 'HEAD'] /start_strings_analysis -> start_strings_analysis
['OPTIONS', 'GET', 'HEAD'] /auto_carving_setup -> auto_carving_setup
['OPTIONS', 'GET', 'HEAD'] /auto_carving_process -> auto_carving_process
['OPTIONS', 'GET', 'HEAD'] /recovered_files -> recovered_files
['OPTIONS', 'GET', 'HEAD'] /manual_carving -> manual_carving
['OPTIONS', 'POST'] /view_evidence_hex -> view_evidence_hex
['OPTIONS', 'GET', 'POST', 'HEAD'] /log_file_viewer -> log_file_viewer
['OPTIONS', 'GET', 'POST', 'HEAD'] /event_log_viewer -> event_log_viewer
['OPTIONS', 'GET', 'POST', 'HEAD'] /reporting -> reporting
['OPTIONS', 'GET', 'HEAD'] /deleted_files_status_page -> deleted_files_status_page
['OPTIONS', 'GET', 'HEAD'] /decryption_status -> decryption_status_endpoint
['OPTIONS', 'GET', 'HEAD'] /hashing_status -> hashing_status_endpoint
['OPTIONS', 'GET', 'HEAD'] /strings_status -> strings_status_endpoint
['OPTIONS', 'GET', 'HEAD'] /deleted_files -> deleted_files
['OPTIONS', 'GET', 'HEAD'] /deleted_scan_status -> deleted_scan_status_endpoint
['OPTIONS', 'GET', 'HEAD'] /audit_deleted_files -> audit_deleted_files
['OPTIONS', 'GET', 'HEAD'] /hex_view_carved/<filename> -> hex_view_carved
['OPTIONS', 'GET', 'HEAD'] /download_carved_file/<filename> -> download_carved_file
['OPTIONS', 'GET', 'HEAD'] /serve_file_data/<type>/<path:filename> -> serve_file_data
['OPTIONS', 'GET', 'HEAD'] /view_carved_file/<filename> -> view_carved_file
['OPTIONS', 'GET', 'HEAD'] /view_deleted_file/<filename> -> view_deleted_file
['OPTIONS', 'GET', 'HEAD'] /hex_view_fallback/<filename> -> hex_view_fallback
['OPTIONS', 'GET', 'HEAD'] /hex_view_deleted/<filename> -> hex_view_deleted
['OPTIONS', 'GET', 'HEAD'] /download_deleted_file/<filename> -> download_deleted_file
['OPTIONS', 'POST'] /download_zip -> download_zip
['OPTIONS', 'POST'] /find_in_file -> find_in_file
['OPTIONS', 'POST'] /run_auto_carving -> run_auto_carving
['OPTIONS', 'POST'] /find_block -> find_block
['OPTIONS', 'GET', 'HEAD'] /clear_session -> clear_session
['OPTIONS', 'POST'] /perform_manual_carve -> perform_manual_carve
['OPTIONS', 'GET', 'HEAD'] /diag -> diag

================================================================================
Imported app module file: D:\Forensic Auto Carver\app.py
['GET', 'HEAD', 'OPTIONS'] /static/<path:filename> -> static
['GET', 'POST', 'OPTIONS', 'HEAD'] /rescan_deleted_files -> rescan_deleted_files
['GET', 'HEAD', 'OPTIONS'] /start_strict_deleted_recovery -> start_strict_deleted_recovery
['GET', 'HEAD', 'OPTIONS'] / -> index
['GET', 'HEAD', 'OPTIONS'] /upload_status -> upload_status_api
['GET', 'HEAD', 'OPTIONS'] /carving_status -> carving_status_endpoint
['POST', 'OPTIONS'] /upload -> upload_file
['GET', 'HEAD', 'OPTIONS'] /all_process_status -> all_process_status
['GET', 'HEAD', 'OPTIONS'] /deleted_recovery -> deleted_recovery
['GET', 'HEAD', 'OPTIONS'] /start_deleted_recovery -> start_deleted_recovery
['GET', 'POST', 'OPTIONS', 'HEAD'] /evidence_upload -> evidence_upload
['GET', 'POST', 'OPTIONS', 'HEAD'] / -> evidence_upload
['POST', 'OPTIONS'] /ajax_upload -> ajax_upload
['GET', 'POST', 'OPTIONS', 'HEAD'] /encryption_page -> encryption_page
['POST', 'OPTIONS'] /manual_carve_hex -> manual_carve_hex
['GET', 'HEAD', 'OPTIONS'] /load_evidence/<int:file_id> -> load_evidence
['GET', 'HEAD', 'OPTIONS'] /remove_file/<filename> -> remove_file
['GET', 'HEAD', 'OPTIONS'] /remove_from_db/<int:file_id> -> remove_from_db
['POST', 'OPTIONS'] /ajax_upload_abort -> ajax_upload_abort
['GET', 'POST', 'OPTIONS', 'HEAD'] /decryption/<filename> -> decryption_page
['GET', 'HEAD', 'OPTIONS'] /decryption_progress/<filename> -> decryption_progress
['GET', 'HEAD', 'OPTIONS'] /forensic_analysis -> forensic_analysis
['GET', 'HEAD', 'OPTIONS'] /start_strings_analysis -> start_strings_analysis
['GET', 'HEAD', 'OPTIONS'] /auto_carving_setup -> auto_carving_setup
['GET', 'HEAD', 'OPTIONS'] /auto_carving_process -> auto_carving_process
['GET', 'HEAD', 'OPTIONS'] /recovered_files -> recovered_files
['GET', 'HEAD', 'OPTIONS'] /manual_carving -> manual_carving
['POST', 'OPTIONS'] /view_evidence_hex -> view_evidence_hex
['GET', 'POST', 'OPTIONS', 'HEAD'] /log_file_viewer -> log_file_viewer
['GET', 'POST', 'OPTIONS', 'HEAD'] /event_log_viewer -> event_log_viewer
['GET', 'POST', 'OPTIONS', 'HEAD'] /reporting -> reporting
['GET', 'HEAD', 'OPTIONS'] /deleted_files_status_page -> deleted_files_status_page
['GET', 'HEAD', 'OPTIONS'] /get_recovered_files_list -> get_recovered_files_list
['GET', 'HEAD', 'OPTIONS'] /decryption_status -> decryption_status_endpoint
['GET', 'HEAD', 'OPTIONS'] /hashing_status -> hashing_status_endpoint
['GET', 'HEAD', 'OPTIONS'] /strings_status -> strings_status_endpoint
['GET', 'HEAD', 'OPTIONS'] /deleted_files -> deleted_files
['GET', 'HEAD', 'OPTIONS'] /deleted_scan_status -> deleted_scan_status_endpoint
['GET', 'HEAD', 'OPTIONS'] /audit_deleted_files -> audit_deleted_files
['GET', 'HEAD', 'OPTIONS'] /hex_view_carved/<filename> -> hex_view_carved
['GET', 'HEAD', 'OPTIONS'] /download_carved_file/<filename> -> download_carved_file
['GET', 'HEAD', 'OPTIONS'] /serve_file_data/<type>/<path:filename> -> serve_file_data
['GET', 'HEAD', 'OPTIONS'] /view_carved_file/<filename> -> view_carved_file
['GET', 'HEAD', 'OPTIONS'] /view_deleted_file/<filename> -> view_deleted_file
['GET', 'HEAD', 'OPTIONS'] /hex_view_fallback/<filename> -> hex_view_fallback
['GET', 'HEAD', 'OPTIONS'] /hex_view_deleted/<filename> -> hex_view_deleted
['GET', 'HEAD', 'OPTIONS'] /download_deleted_file/<filename> -> download_deleted_file
['POST', 'OPTIONS'] /download_zip -> download_zip
['POST', 'OPTIONS'] /find_in_file -> find_in_file
['POST', 'OPTIONS'] /run_auto_carving -> run_auto_carving
['POST', 'OPTIONS'] /find_block -> find_block
['GET', 'HEAD', 'OPTIONS'] /clear_session -> clear_session
['POST', 'OPTIONS'] /perform_manual_carve -> perform_manual_carve
['GET', 'HEAD', 'OPTIONS'] /diag -> diag

================================================================================
Imported app module file: D:\Forensic Auto Carver\app.py
['GET', 'OPTIONS', 'HEAD'] /static/<path:filename> -> static
['GET', 'POST', 'OPTIONS', 'HEAD'] /rescan_deleted_files -> rescan_deleted_files
['GET', 'OPTIONS', 'HEAD'] /start_strict_deleted_recovery -> start_strict_deleted_recovery
['GET', 'OPTIONS', 'HEAD'] / -> index
['GET', 'OPTIONS', 'HEAD'] /upload_status -> upload_status_api
['GET', 'OPTIONS', 'HEAD'] /carving_status -> carving_status_endpoint
['OPTIONS', 'POST'] /upload -> upload_file
['GET', 'OPTIONS', 'HEAD'] /all_process_status -> all_process_status
['GET', 'OPTIONS', 'HEAD'] /deleted_recovery -> deleted_recovery
['GET', 'OPTIONS', 'HEAD'] /start_deleted_recovery -> start_deleted_recovery
['GET', 'POST', 'OPTIONS', 'HEAD'] /evidence_upload -> evidence_upload
['GET', 'POST', 'OPTIONS', 'HEAD'] / -> evidence_upload
['OPTIONS', 'POST'] /ajax_upload -> ajax_upload
['GET', 'POST', 'OPTIONS', 'HEAD'] /encryption_page -> encryption_page
['OPTIONS', 'POST'] /manual_carve_hex -> manual_carve_hex
['GET', 'OPTIONS', 'HEAD'] /load_evidence/<int:file_id> -> load_evidence
['GET', 'OPTIONS', 'HEAD'] /remove_file/<filename> -> remove_file
['GET', 'OPTIONS', 'HEAD'] /remove_from_db/<int:file_id> -> remove_from_db
['OPTIONS', 'POST'] /ajax_upload_abort -> ajax_upload_abort
['GET', 'POST', 'OPTIONS', 'HEAD'] /decryption/<filename> -> decryption_page
['GET', 'OPTIONS', 'HEAD'] /decryption_progress/<filename> -> decryption_progress
['GET', 'OPTIONS', 'HEAD'] /forensic_analysis -> forensic_analysis
['GET', 'OPTIONS', 'HEAD'] /start_strings_analysis -> start_strings_analysis
['GET', 'OPTIONS', 'HEAD'] /auto_carving_setup -> auto_carving_setup
['GET', 'OPTIONS', 'HEAD'] /auto_carving_process -> auto_carving_process
['GET', 'OPTIONS', 'HEAD'] /recovered_files -> recovered_files
['GET', 'OPTIONS', 'HEAD'] /manual_carving -> manual_carving
['OPTIONS', 'POST'] /view_evidence_hex -> view_evidence_hex
['GET', 'POST', 'OPTIONS', 'HEAD'] /log_file_viewer -> log_file_viewer
['GET', 'POST', 'OPTIONS', 'HEAD'] /event_log_viewer -> event_log_viewer
['GET', 'POST', 'OPTIONS', 'HEAD'] /reporting -> reporting
['GET', 'OPTIONS', 'HEAD'] /deleted_files_status_page -> deleted_files_status_page
['GET', 'OPTIONS', 'HEAD'] /get_recovered_files_list -> get_recovered_files_list
['GET', 'OPTIONS', 'HEAD'] /decryption_status -> decryption_status_endpoint
['GET', 'OPTIONS', 'HEAD'] /hashing_status -> hashing_status_endpoint
['GET', 'OPTIONS', 'HEAD'] /strings_status -> strings_status_endpoint
['GET', 'OPTIONS', 'HEAD'] /deleted_files -> deleted_files
['GET', 'OPTIONS', 'HEAD'] /deleted_scan_status -> deleted_scan_status_endpoint
['GET', 'OPTIONS', 'HEAD'] /audit_deleted_files -> audit_deleted_files
['GET', 'OPTIONS', 'HEAD'] /hex_view_carved/<filename> -> hex_view_carved
['GET', 'OPTIONS', 'HEAD'] /download_carved_file/<filename> -> download_carved_file
['GET', 'OPTIONS', 'HEAD'] /serve_file_data/<type>/<path:filename> -> serve_file_data
['GET', 'OPTIONS', 'HEAD'] /view_carved_file/<filename> -> view_carved_file
['GET', 'OPTIONS', 'HEAD'] /view_deleted_file/<filename> -> view_deleted_file
['GET', 'OPTIONS', 'HEAD'] /hex_view_fallback/<filename> -> hex_view_fallback
['GET', 'OPTIONS', 'HEAD'] /hex_view_deleted/<filename> -> hex_view_deleted
['GET', 'OPTIONS', 'HEAD'] /download_deleted_file/<filename> -> download_deleted_file
['OPTIONS', 'POST'] /download_zip -> download_zip
['OPTIONS', 'POST'] /find_in_file -> find_in_file
['OPTIONS', 'POST'] /run_auto_carving -> run_auto_carving
['OPTIONS', 'POST'] /find_block -> find_block
['GET', 'OPTIONS', 'HEAD'] /clear_session -> clear_session
['OPTIONS', 'POST'] /perform_manual_carve -> perform_manual_carve
['GET', 'OPTIONS', 'HEAD'] /diag -> diag

================================================================================
Imported app module file: D:\Forensic Auto Carver\app.py
['GET', 'OPTIONS', 'HEAD'] /static/<path:filename> -> static
['GET', 'POST', 'OPTIONS', 'HEAD'] /rescan_deleted_files -> rescan_deleted_files
['GET', 'OPTIONS', 'HEAD'] /start_strict_deleted_recovery -> start_strict_deleted_recovery
['GET', 'OPTIONS', 'HEAD'] / -> index
['GET', 'OPTIONS', 'HEAD'] /upload_status -> upload_status_api
['GET', 'OPTIONS', 'HEAD'] /carving_status -> carving_status_endpoint
['OPTIONS', 'POST'] /upload -> upload_file
['GET', 'OPTIONS', 'HEAD'] /all_process_status -> all_process_status
['GET', 'OPTIONS', 'HEAD'] /deleted_recovery -> deleted_recovery
['GET', 'OPTIONS', 'HEAD'] /start_deleted_recovery -> start_deleted_recovery
['GET', 'POST', 'OPTIONS', 'HEAD'] /evidence_upload -> evidence_upload
['GET', 'POST', 'OPTIONS', 'HEAD'] / -> evidence_upload
['OPTIONS', 'POST'] /ajax_upload -> ajax_upload
['GET', 'POST', 'OPTIONS', 'HEAD'] /encryption_page -> encryption_page
['OPTIONS', 'POST'] /manual_carve_hex -> manual_carve_hex
['GET', 'OPTIONS', 'HEAD'] /load_evidence/<int:file_id> -> load_evidence
['GET', 'OPTIONS', 'HEAD'] /remove_file/<filename> -> remove_file
['GET', 'OPTIONS', 'HEAD'] /remove_from_db/<int:file_id> -> remove_from_db
['OPTIONS', 'POST'] /ajax_upload_abort -> ajax_upload_abort
['GET', 'POST', 'OPTIONS', 'HEAD'] /decryption/<filename> -> decryption_page
['GET', 'OPTIONS', 'HEAD'] /decryption_progress/<filename> -> decryption_progress
['GET', 'OPTIONS', 'HEAD'] /forensic_analysis -> forensic_analysis
['GET', 'OPTIONS', 'HEAD'] /start_strings_analysis -> start_strings_analysis
['GET', 'OPTIONS', 'HEAD'] /auto_carving_setup -> auto_carving_setup
['GET', 'OPTIONS', 'HEAD'] /auto_carving_process -> auto_carving_process
['GET', 'OPTIONS', 'HEAD'] /recovered_files -> recovered_files
['GET', 'OPTIONS', 'HEAD'] /manual_carving -> manual_carving
['OPTIONS', 'POST'] /view_evidence_hex -> view_evidence_hex
['GET', 'POST', 'OPTIONS', 'HEAD'] /log_file_viewer -> log_file_viewer
['GET', 'POST', 'OPTIONS', 'HEAD'] /event_log_viewer -> event_log_viewer
['GET', 'POST', 'OPTIONS', 'HEAD'] /reporting -> reporting
['GET', 'OPTIONS', 'HEAD'] /deleted_files_status_page -> deleted_files_status_page
['GET', 'OPTIONS', 'HEAD'] /get_recovered_files_list -> get_recovered_files_list
['GET', 'OPTIONS', 'HEAD'] /decryption_status -> decryption_status_endpoint
['GET', 'OPTIONS', 'HEAD'] /hashing_status -> hashing_status_endpoint
['GET', 'OPTIONS', 'HEAD'] /strings_status -> strings_status_endpoint
['GET', 'OPTIONS', 'HEAD'] /deleted_files -> deleted_files
['GET', 'OPTIONS', 'HEAD'] /deleted_scan_status -> deleted_scan_status_endpoint
['GET', 'OPTIONS', 'HEAD'] /audit_deleted_files -> audit_deleted_files
['GET', 'OPTIONS', 'HEAD'] /hex_view_carved/<filename> -> hex_view_carved
['GET', 'OPTIONS', 'HEAD'] /download_carved_file/<filename> -> download_carved_file
['GET', 'OPTIONS', 'HEAD'] /serve_file_data/<type>/<path:filename> -> serve_file_data
['GET', 'OPTIONS', 'HEAD'] /view_carved_file/<filename> -> view_carved_file
['GET', 'OPTIONS', 'HEAD'] /view_deleted_file/<filename> -> view_deleted_file
['GET', 'OPTIONS', 'HEAD'] /hex_view_fallback/<filename> -> hex_view_fallback
['GET', 'OPTIONS', 'HEAD'] /hex_view_deleted/<filename> -> hex_view_deleted
['GET', 'OPTIONS', 'HEAD'] /download_deleted_file/<filename> -> download_deleted_file
['OPTIONS', 'POST'] /download_zip -> download_zip
['OPTIONS', 'POST'] /find_in_file -> find_in_file
['OPTIONS', 'POST'] /run_auto_carving -> run_auto_carving
['OPTIONS', 'POST'] /find_block -> find_block
['GET', 'OPTIONS', 'HEAD'] /clear_session -> clear_session
['OPTIONS', 'POST'] /perform_manual_carve -> perform_manual_carve
['GET', 'OPTIONS', 'HEAD'] /diag -> diag

================================================================================
Imported app module file: D:\Forensic Auto Carver\app.py
['HEAD', 'GET', 'OPTIONS'] /static/<path:filename> -> static
['HEAD', 'GET', 'POST', 'OPTIONS'] /rescan_deleted_files -> rescan_deleted_files
['HEAD', 'GET', 'OPTIONS'] /start_strict_deleted_recovery -> start_strict_deleted_recovery
['HEAD', 'GET', 'OPTIONS'] / -> index
['HEAD', 'GET', 'OPTIONS'] /upload_status -> upload_status_api
['HEAD', 'GET', 'OPTIONS'] /carving_status -> carving_status_endpoint
['POST', 'OPTIONS'] /upload -> upload_file
['HEAD', 'GET', 'OPTIONS'] /all_process_status -> all_process_status
['HEAD', 'GET', 'OPTIONS'] /deleted_recovery -> deleted_recovery
['HEAD', 'GET', 'OPTIONS'] /start_deleted_recovery -> start_deleted_recovery
['HEAD', 'GET', 'POST', 'OPTIONS'] /evidence_upload -> evidence_upload
['HEAD', 'GET', 'POST', 'OPTIONS'] / -> evidence_upload
['POST', 'OPTIONS'] /ajax_upload -> ajax_upload
['HEAD', 'GET', 'POST', 'OPTIONS'] /encryption_page -> encryption_page
['POST', 'OPTIONS'] /manual_carve_hex -> manual_carve_hex
['HEAD', 'GET', 'OPTIONS'] /load_evidence/<int:file_id> -> load_evidence
['HEAD', 'GET', 'OPTIONS'] /remove_file/<filename> -> remove_file
['HEAD', 'GET', 'OPTIONS'] /remove_from_db/<int:file_id> -> remove_from_db
['POST', 'OPTIONS'] /ajax_upload_abort -> ajax_upload_abort
['HEAD', 'GET', 'POST', 'OPTIONS'] /decryption/<filename> -> decryption_page
['HEAD', 'GET', 'OPTIONS'] /decryption_progress/<filename> -> decryption_progress
['HEAD', 'GET', 'OPTIONS'] /forensic_analysis -> forensic_analysis
['HEAD', 'GET', 'OPTIONS'] /start_strings_analysis -> start_strings_analysis
['HEAD', 'GET', 'OPTIONS'] /auto_carving_setup -> auto_carving_setup
['HEAD', 'GET', 'OPTIONS'] /auto_carving_process -> auto_carving_process
['HEAD', 'GET', 'OPTIONS'] /recovered_files -> recovered_files
['HEAD', 'GET', 'OPTIONS'] /manual_carving -> manual_carving
['POST', 'OPTIONS'] /view_evidence_hex -> view_evidence_hex
['HEAD', 'GET', 'POST', 'OPTIONS'] /log_file_viewer -> log_file_viewer
['HEAD', 'GET', 'POST', 'OPTIONS'] /event_log_viewer -> event_log_viewer
['HEAD', 'GET', 'POST', 'OPTIONS'] /reporting -> reporting
['HEAD', 'GET', 'OPTIONS'] /deleted_files_status_page -> deleted_files_status_page
['HEAD', 'GET', 'OPTIONS'] /get_recovered_files_list -> get_recovered_files_list
['HEAD', 'GET', 'OPTIONS'] /decryption_status -> decryption_status_endpoint
['HEAD', 'GET', 'OPTIONS'] /hashing_status -> hashing_status_endpoint
['HEAD', 'GET', 'OPTIONS'] /strings_status -> strings_status_endpoint
['HEAD', 'GET', 'OPTIONS'] /deleted_files -> deleted_files
['HEAD', 'GET', 'OPTIONS'] /deleted_scan_status -> deleted_scan_status_endpoint
['HEAD', 'GET', 'OPTIONS'] /audit_deleted_files -> audit_deleted_files
['HEAD', 'GET', 'OPTIONS'] /hex_view_carved/<filename> -> hex_view_carved
['HEAD', 'GET', 'OPTIONS'] /download_carved_file/<filename> -> download_carved_file
['HEAD', 'GET', 'OPTIONS'] /serve_file_data/<type>/<path:filename> -> serve_file_data
['HEAD', 'GET', 'OPTIONS'] /view_carved_file/<filename> -> view_carved_file
['HEAD', 'GET', 'OPTIONS'] /view_deleted_file/<filename> -> view_deleted_file
['HEAD', 'GET', 'OPTIONS'] /hex_view_fallback/<filename> -> hex_view_fallback
['HEAD', 'GET', 'OPTIONS'] /hex_view_deleted/<filename> -> hex_view_deleted
['HEAD', 'GET', 'OPTIONS'] /download_deleted_file/<filename> -> download_deleted_file
['POST', 'OPTIONS'] /download_zip -> download_zip
['POST', 'OPTIONS'] /find_in_file -> find_in_file
['POST', 'OPTIONS'] /run_auto_carving -> run_auto_carving
['POST', 'OPTIONS'] /find_block -> find_block
['HEAD', 'GET', 'OPTIONS'] /clear_session -> clear_session
['POST', 'OPTIONS'] /perform_manual_carve -> perform_manual_carve
['HEAD', 'GET', 'OPTIONS'] /diag -> diag
