
================================================================================
WSGI loaded at: datetime.datetime(2025, 9, 29, 22, 9, 32, 417010)
{'GET', 'OPTIONS', 'HEAD'} /static/<path:filename> -> static
{'GET', 'OPTIONS', 'HEAD'} /start_strict_deleted_recovery -> start_strict_deleted_recovery
{'GET', 'OPTIONS', 'HEAD'} / -> index
{'GET', 'OPTIONS', 'HEAD'} /upload_status -> upload_status_api
{'GET', 'OPTIONS', 'HEAD'} /carving_status -> carving_status_endpoint
{'POST', 'OPTIONS'} /upload -> upload_file
{'GET', 'OPTIONS', 'HEAD'} /all_process_status -> all_process_status
{'GET', 'OPTIONS', 'HEAD'} /deleted_recovery -> deleted_recovery
{'GET', 'OPTIONS', 'HEAD'} /start_deleted_recovery -> start_deleted_recovery
{'GET', 'OPTIONS', 'POST', 'HEAD'} /evidence_upload -> evidence_upload
{'GET', 'OPTIONS', 'POST', 'HEAD'} / -> evidence_upload
{'POST', 'OPTIONS'} /ajax_upload -> ajax_upload
{'GET', 'OPTIONS', 'POST', 'HEAD'} /encryption_page -> encryption_page
{'GET', 'OPTIONS', 'HEAD'} /load_evidence/<int:file_id> -> load_evidence
{'GET', 'OPTIONS', 'HEAD'} /remove_file/<filename> -> remove_file
{'GET', 'OPTIONS', 'HEAD'} /remove_from_db/<int:file_id> -> remove_from_db
{'POST', 'OPTIONS'} /ajax_upload_abort -> ajax_upload_abort
{'GET', 'OPTIONS', 'POST', 'HEAD'} /decryption/<filename> -> decryption_page
{'GET', 'OPTIONS', 'HEAD'} /decryption_progress/<filename> -> decryption_progress
{'GET', 'OPTIONS', 'HEAD'} /forensic_analysis -> forensic_analysis
{'GET', 'OPTIONS', 'HEAD'} /start_strings_analysis -> start_strings_analysis
{'GET', 'OPTIONS', 'HEAD'} /auto_carving_setup -> auto_carving_setup
{'GET', 'OPTIONS', 'HEAD'} /auto_carving_process -> auto_carving_process
{'GET', 'OPTIONS', 'HEAD'} /recovered_files -> recovered_files
{'GET', 'OPTIONS', 'HEAD'} /manual_carving -> manual_carving
{'GET', 'OPTIONS', 'POST', 'HEAD'} /log_file_viewer -> log_file_viewer
{'GET', 'OPTIONS', 'POST', 'HEAD'} /event_log_viewer -> event_log_viewer
{'GET', 'OPTIONS', 'POST', 'HEAD'} /reporting -> reporting
{'GET', 'OPTIONS', 'HEAD'} /deleted_files_status_page -> deleted_files_status_page
{'GET', 'OPTIONS', 'HEAD'} /decryption_status -> decryption_status_endpoint
{'GET', 'OPTIONS', 'HEAD'} /hashing_status -> hashing_status_endpoint
{'GET', 'OPTIONS', 'HEAD'} /strings_status -> strings_status_endpoint
{'GET', 'OPTIONS', 'HEAD'} /deleted_files -> deleted_files
{'GET', 'OPTIONS', 'HEAD'} /deleted_scan_status -> deleted_scan_status_endpoint
{'GET', 'OPTIONS', 'HEAD'} /hex_view_carved/<filename> -> hex_view_carved
{'GET', 'OPTIONS', 'HEAD'} /download_carved_file/<filename> -> download_carved_file
{'GET', 'OPTIONS', 'HEAD'} /serve_file_data/<type>/<path:filename> -> serve_file_data
{'GET', 'OPTIONS', 'HEAD'} /view_carved_file/<filename> -> view_carved_file
{'GET', 'OPTIONS', 'HEAD'} /view_deleted_file/<filename> -> view_deleted_file
{'GET', 'OPTIONS', 'HEAD'} /hex_view_fallback/<filename> -> hex_view_fallback
{'GET', 'OPTIONS', 'HEAD'} /hex_view_deleted/<filename> -> hex_view_deleted
{'GET', 'OPTIONS', 'HEAD'} /download_deleted_file/<filename> -> download_deleted_file
{'POST', 'OPTIONS'} /download_zip -> download_zip
{'POST', 'OPTIONS'} /find_in_file -> find_in_file
{'POST', 'OPTIONS'} /run_auto_carving -> run_auto_carving
{'POST', 'OPTIONS'} /find_block -> find_block
{'GET', 'OPTIONS', 'HEAD'} /clear_session -> clear_session
{'POST', 'OPTIONS'} /perform_manual_carve -> perform_manual_carve

================================================================================
WSGI loaded at: datetime.datetime(2025, 9, 29, 22, 10, 19, 379562)
{'GET', 'OPTIONS', 'HEAD'} /static/<path:filename> -> static
{'GET', 'OPTIONS', 'HEAD'} /start_strict_deleted_recovery -> start_strict_deleted_recovery
{'GET', 'OPTIONS', 'HEAD'} / -> index
{'GET', 'OPTIONS', 'HEAD'} /upload_status -> upload_status_api
{'GET', 'OPTIONS', 'HEAD'} /carving_status -> carving_status_endpoint
{'POST', 'OPTIONS'} /upload -> upload_file
{'GET', 'OPTIONS', 'HEAD'} /all_process_status -> all_process_status
{'GET', 'OPTIONS', 'HEAD'} /deleted_recovery -> deleted_recovery
{'GET', 'OPTIONS', 'HEAD'} /start_deleted_recovery -> start_deleted_recovery
{'GET', 'OPTIONS', 'POST', 'HEAD'} /evidence_upload -> evidence_upload
{'GET', 'OPTIONS', 'POST', 'HEAD'} / -> evidence_upload
{'POST', 'OPTIONS'} /ajax_upload -> ajax_upload
{'GET', 'OPTIONS', 'POST', 'HEAD'} /encryption_page -> encryption_page
{'GET', 'OPTIONS', 'HEAD'} /load_evidence/<int:file_id> -> load_evidence
{'GET', 'OPTIONS', 'HEAD'} /remove_file/<filename> -> remove_file
{'GET', 'OPTIONS', 'HEAD'} /remove_from_db/<int:file_id> -> remove_from_db
{'POST', 'OPTIONS'} /ajax_upload_abort -> ajax_upload_abort
{'GET', 'OPTIONS', 'POST', 'HEAD'} /decryption/<filename> -> decryption_page
{'GET', 'OPTIONS', 'HEAD'} /decryption_progress/<filename> -> decryption_progress
{'GET', 'OPTIONS', 'HEAD'} /forensic_analysis -> forensic_analysis
{'GET', 'OPTIONS', 'HEAD'} /start_strings_analysis -> start_strings_analysis
{'GET', 'OPTIONS', 'HEAD'} /auto_carving_setup -> auto_carving_setup
{'GET', 'OPTIONS', 'HEAD'} /auto_carving_process -> auto_carving_process
{'GET', 'OPTIONS', 'HEAD'} /recovered_files -> recovered_files
{'GET', 'OPTIONS', 'HEAD'} /manual_carving -> manual_carving
{'GET', 'OPTIONS', 'POST', 'HEAD'} /log_file_viewer -> log_file_viewer
{'GET', 'OPTIONS', 'POST', 'HEAD'} /event_log_viewer -> event_log_viewer
{'GET', 'OPTIONS', 'POST', 'HEAD'} /reporting -> reporting
{'GET', 'OPTIONS', 'HEAD'} /deleted_files_status_page -> deleted_files_status_page
{'GET', 'OPTIONS', 'HEAD'} /decryption_status -> decryption_status_endpoint
{'GET', 'OPTIONS', 'HEAD'} /hashing_status -> hashing_status_endpoint
{'GET', 'OPTIONS', 'HEAD'} /strings_status -> strings_status_endpoint
{'GET', 'OPTIONS', 'HEAD'} /deleted_files -> deleted_files
{'GET', 'OPTIONS', 'HEAD'} /deleted_scan_status -> deleted_scan_status_endpoint
{'GET', 'OPTIONS', 'HEAD'} /hex_view_carved/<filename> -> hex_view_carved
{'GET', 'OPTIONS', 'HEAD'} /download_carved_file/<filename> -> download_carved_file
{'GET', 'OPTIONS', 'HEAD'} /serve_file_data/<type>/<path:filename> -> serve_file_data
{'GET', 'OPTIONS', 'HEAD'} /view_carved_file/<filename> -> view_carved_file
{'GET', 'OPTIONS', 'HEAD'} /view_deleted_file/<filename> -> view_deleted_file
{'GET', 'OPTIONS', 'HEAD'} /hex_view_fallback/<filename> -> hex_view_fallback
{'GET', 'OPTIONS', 'HEAD'} /hex_view_deleted/<filename> -> hex_view_deleted
{'GET', 'OPTIONS', 'HEAD'} /download_deleted_file/<filename> -> download_deleted_file
{'POST', 'OPTIONS'} /download_zip -> download_zip
{'POST', 'OPTIONS'} /find_in_file -> find_in_file
{'POST', 'OPTIONS'} /run_auto_carving -> run_auto_carving
{'POST', 'OPTIONS'} /find_block -> find_block
{'GET', 'OPTIONS', 'HEAD'} /clear_session -> clear_session
{'POST', 'OPTIONS'} /perform_manual_carve -> perform_manual_carve

================================================================================
WSGI loaded at: datetime.datetime(2025, 9, 29, 22, 18, 9, 376563)
{'OPTIONS', 'GET', 'HEAD'} /static/<path:filename> -> static
{'OPTIONS', 'GET', 'HEAD'} /start_strict_deleted_recovery -> start_strict_deleted_recovery
{'OPTIONS', 'GET', 'HEAD'} / -> index
{'OPTIONS', 'GET', 'HEAD'} /upload_status -> upload_status_api
{'OPTIONS', 'GET', 'HEAD'} /carving_status -> carving_status_endpoint
{'OPTIONS', 'POST'} /upload -> upload_file
{'OPTIONS', 'GET', 'HEAD'} /all_process_status -> all_process_status
{'OPTIONS', 'GET', 'HEAD'} /deleted_recovery -> deleted_recovery
{'OPTIONS', 'GET', 'HEAD'} /start_deleted_recovery -> start_deleted_recovery
{'OPTIONS', 'GET', 'POST', 'HEAD'} /evidence_upload -> evidence_upload
{'OPTIONS', 'GET', 'POST', 'HEAD'} / -> evidence_upload
{'OPTIONS', 'POST'} /ajax_upload -> ajax_upload
{'OPTIONS', 'GET', 'POST', 'HEAD'} /encryption_page -> encryption_page
{'OPTIONS', 'GET', 'HEAD'} /load_evidence/<int:file_id> -> load_evidence
{'OPTIONS', 'GET', 'HEAD'} /remove_file/<filename> -> remove_file
{'OPTIONS', 'GET', 'HEAD'} /remove_from_db/<int:file_id> -> remove_from_db
{'OPTIONS', 'POST'} /ajax_upload_abort -> ajax_upload_abort
{'OPTIONS', 'GET', 'POST', 'HEAD'} /decryption/<filename> -> decryption_page
{'OPTIONS', 'GET', 'HEAD'} /decryption_progress/<filename> -> decryption_progress
{'OPTIONS', 'GET', 'HEAD'} /forensic_analysis -> forensic_analysis
{'OPTIONS', 'GET', 'HEAD'} /start_strings_analysis -> start_strings_analysis
{'OPTIONS', 'GET', 'HEAD'} /auto_carving_setup -> auto_carving_setup
{'OPTIONS', 'GET', 'HEAD'} /auto_carving_process -> auto_carving_process
{'OPTIONS', 'GET', 'HEAD'} /recovered_files -> recovered_files
{'OPTIONS', 'GET', 'HEAD'} /manual_carving -> manual_carving
{'OPTIONS', 'GET', 'POST', 'HEAD'} /log_file_viewer -> log_file_viewer
{'OPTIONS', 'GET', 'POST', 'HEAD'} /event_log_viewer -> event_log_viewer
{'OPTIONS', 'GET', 'POST', 'HEAD'} /reporting -> reporting
{'OPTIONS', 'GET', 'HEAD'} /deleted_files_status_page -> deleted_files_status_page
{'OPTIONS', 'GET', 'HEAD'} /decryption_status -> decryption_status_endpoint
{'OPTIONS', 'GET', 'HEAD'} /hashing_status -> hashing_status_endpoint
{'OPTIONS', 'GET', 'HEAD'} /strings_status -> strings_status_endpoint
{'OPTIONS', 'GET', 'HEAD'} /deleted_files -> deleted_files
{'OPTIONS', 'GET', 'HEAD'} /deleted_scan_status -> deleted_scan_status_endpoint
{'OPTIONS', 'GET', 'HEAD'} /hex_view_carved/<filename> -> hex_view_carved
{'OPTIONS', 'GET', 'HEAD'} /download_carved_file/<filename> -> download_carved_file
{'OPTIONS', 'GET', 'HEAD'} /serve_file_data/<type>/<path:filename> -> serve_file_data
{'OPTIONS', 'GET', 'HEAD'} /view_carved_file/<filename> -> view_carved_file
{'OPTIONS', 'GET', 'HEAD'} /view_deleted_file/<filename> -> view_deleted_file
{'OPTIONS', 'GET', 'HEAD'} /hex_view_fallback/<filename> -> hex_view_fallback
{'OPTIONS', 'GET', 'HEAD'} /hex_view_deleted/<filename> -> hex_view_deleted
{'OPTIONS', 'GET', 'HEAD'} /download_deleted_file/<filename> -> download_deleted_file
{'OPTIONS', 'POST'} /download_zip -> download_zip
{'OPTIONS', 'POST'} /find_in_file -> find_in_file
{'OPTIONS', 'POST'} /run_auto_carving -> run_auto_carving
{'OPTIONS', 'POST'} /find_block -> find_block
{'OPTIONS', 'GET', 'HEAD'} /clear_session -> clear_session
{'OPTIONS', 'POST'} /perform_manual_carve -> perform_manual_carve
{'OPTIONS', 'GET', 'HEAD'} /diag -> diag

================================================================================
WSGI loaded at: datetime.datetime(2025, 9, 29, 22, 19, 0, 130897)
{'OPTIONS', 'GET', 'HEAD'} /static/<path:filename> -> static
{'OPTIONS', 'GET', 'HEAD'} /start_strict_deleted_recovery -> start_strict_deleted_recovery
{'OPTIONS', 'GET', 'HEAD'} / -> index
{'OPTIONS', 'GET', 'HEAD'} /upload_status -> upload_status_api
{'OPTIONS', 'GET', 'HEAD'} /carving_status -> carving_status_endpoint
{'OPTIONS', 'POST'} /upload -> upload_file
{'OPTIONS', 'GET', 'HEAD'} /all_process_status -> all_process_status
{'OPTIONS', 'GET', 'HEAD'} /deleted_recovery -> deleted_recovery
{'OPTIONS', 'GET', 'HEAD'} /start_deleted_recovery -> start_deleted_recovery
{'OPTIONS', 'GET', 'POST', 'HEAD'} /evidence_upload -> evidence_upload
{'OPTIONS', 'GET', 'POST', 'HEAD'} / -> evidence_upload
{'OPTIONS', 'POST'} /ajax_upload -> ajax_upload
{'OPTIONS', 'GET', 'POST', 'HEAD'} /encryption_page -> encryption_page
{'OPTIONS', 'GET', 'HEAD'} /load_evidence/<int:file_id> -> load_evidence
{'OPTIONS', 'GET', 'HEAD'} /remove_file/<filename> -> remove_file
{'OPTIONS', 'GET', 'HEAD'} /remove_from_db/<int:file_id> -> remove_from_db
{'OPTIONS', 'POST'} /ajax_upload_abort -> ajax_upload_abort
{'OPTIONS', 'GET', 'POST', 'HEAD'} /decryption/<filename> -> decryption_page
{'OPTIONS', 'GET', 'HEAD'} /decryption_progress/<filename> -> decryption_progress
{'OPTIONS', 'GET', 'HEAD'} /forensic_analysis -> forensic_analysis
{'OPTIONS', 'GET', 'HEAD'} /start_strings_analysis -> start_strings_analysis
{'OPTIONS', 'GET', 'HEAD'} /auto_carving_setup -> auto_carving_setup
{'OPTIONS', 'GET', 'HEAD'} /auto_carving_process -> auto_carving_process
{'OPTIONS', 'GET', 'HEAD'} /recovered_files -> recovered_files
{'OPTIONS', 'GET', 'HEAD'} /manual_carving -> manual_carving
{'OPTIONS', 'GET', 'POST', 'HEAD'} /log_file_viewer -> log_file_viewer
{'OPTIONS', 'GET', 'POST', 'HEAD'} /event_log_viewer -> event_log_viewer
{'OPTIONS', 'GET', 'POST', 'HEAD'} /reporting -> reporting
{'OPTIONS', 'GET', 'HEAD'} /deleted_files_status_page -> deleted_files_status_page
{'OPTIONS', 'GET', 'HEAD'} /decryption_status -> decryption_status_endpoint
{'OPTIONS', 'GET', 'HEAD'} /hashing_status -> hashing_status_endpoint
{'OPTIONS', 'GET', 'HEAD'} /strings_status -> strings_status_endpoint
{'OPTIONS', 'GET', 'HEAD'} /deleted_files -> deleted_files
{'OPTIONS', 'GET', 'HEAD'} /deleted_scan_status -> deleted_scan_status_endpoint
{'OPTIONS', 'GET', 'HEAD'} /hex_view_carved/<filename> -> hex_view_carved
{'OPTIONS', 'GET', 'HEAD'} /download_carved_file/<filename> -> download_carved_file
{'OPTIONS', 'GET', 'HEAD'} /serve_file_data/<type>/<path:filename> -> serve_file_data
{'OPTIONS', 'GET', 'HEAD'} /view_carved_file/<filename> -> view_carved_file
{'OPTIONS', 'GET', 'HEAD'} /view_deleted_file/<filename> -> view_deleted_file
{'OPTIONS', 'GET', 'HEAD'} /hex_view_fallback/<filename> -> hex_view_fallback
{'OPTIONS', 'GET', 'HEAD'} /hex_view_deleted/<filename> -> hex_view_deleted
{'OPTIONS', 'GET', 'HEAD'} /download_deleted_file/<filename> -> download_deleted_file
{'OPTIONS', 'POST'} /download_zip -> download_zip
{'OPTIONS', 'POST'} /find_in_file -> find_in_file
{'OPTIONS', 'POST'} /run_auto_carving -> run_auto_carving
{'OPTIONS', 'POST'} /find_block -> find_block
{'OPTIONS', 'GET', 'HEAD'} /clear_session -> clear_session
{'OPTIONS', 'POST'} /perform_manual_carve -> perform_manual_carve
{'OPTIONS', 'GET', 'HEAD'} /diag -> diag

================================================================================
WSGI loaded at: datetime.datetime(2025, 9, 29, 22, 21, 13, 293986)
{'OPTIONS', 'GET', 'HEAD'} /static/<path:filename> -> static
{'OPTIONS', 'GET', 'HEAD'} /start_strict_deleted_recovery -> start_strict_deleted_recovery
{'OPTIONS', 'GET', 'HEAD'} / -> index
{'OPTIONS', 'GET', 'HEAD'} /upload_status -> upload_status_api
{'OPTIONS', 'GET', 'HEAD'} /carving_status -> carving_status_endpoint
{'OPTIONS', 'POST'} /upload -> upload_file
{'OPTIONS', 'GET', 'HEAD'} /all_process_status -> all_process_status
{'OPTIONS', 'GET', 'HEAD'} /deleted_recovery -> deleted_recovery
{'OPTIONS', 'GET', 'HEAD'} /start_deleted_recovery -> start_deleted_recovery
{'OPTIONS', 'GET', 'POST', 'HEAD'} /evidence_upload -> evidence_upload
{'OPTIONS', 'GET', 'POST', 'HEAD'} / -> evidence_upload
{'OPTIONS', 'POST'} /ajax_upload -> ajax_upload
{'OPTIONS', 'GET', 'POST', 'HEAD'} /encryption_page -> encryption_page
{'OPTIONS', 'GET', 'HEAD'} /load_evidence/<int:file_id> -> load_evidence
{'OPTIONS', 'GET', 'HEAD'} /remove_file/<filename> -> remove_file
{'OPTIONS', 'GET', 'HEAD'} /remove_from_db/<int:file_id> -> remove_from_db
{'OPTIONS', 'POST'} /ajax_upload_abort -> ajax_upload_abort
{'OPTIONS', 'GET', 'POST', 'HEAD'} /decryption/<filename> -> decryption_page
{'OPTIONS', 'GET', 'HEAD'} /decryption_progress/<filename> -> decryption_progress
{'OPTIONS', 'GET', 'HEAD'} /forensic_analysis -> forensic_analysis
{'OPTIONS', 'GET', 'HEAD'} /start_strings_analysis -> start_strings_analysis
{'OPTIONS', 'GET', 'HEAD'} /auto_carving_setup -> auto_carving_setup
{'OPTIONS', 'GET', 'HEAD'} /auto_carving_process -> auto_carving_process
{'OPTIONS', 'GET', 'HEAD'} /recovered_files -> recovered_files
{'OPTIONS', 'GET', 'HEAD'} /manual_carving -> manual_carving
{'OPTIONS', 'GET', 'POST', 'HEAD'} /log_file_viewer -> log_file_viewer
{'OPTIONS', 'GET', 'POST', 'HEAD'} /event_log_viewer -> event_log_viewer
{'OPTIONS', 'GET', 'POST', 'HEAD'} /reporting -> reporting
{'OPTIONS', 'GET', 'HEAD'} /deleted_files_status_page -> deleted_files_status_page
{'OPTIONS', 'GET', 'HEAD'} /decryption_status -> decryption_status_endpoint
{'OPTIONS', 'GET', 'HEAD'} /hashing_status -> hashing_status_endpoint
{'OPTIONS', 'GET', 'HEAD'} /strings_status -> strings_status_endpoint
{'OPTIONS', 'GET', 'HEAD'} /deleted_files -> deleted_files
{'OPTIONS', 'GET', 'HEAD'} /deleted_scan_status -> deleted_scan_status_endpoint
{'OPTIONS', 'GET', 'HEAD'} /hex_view_carved/<filename> -> hex_view_carved
{'OPTIONS', 'GET', 'HEAD'} /download_carved_file/<filename> -> download_carved_file
{'OPTIONS', 'GET', 'HEAD'} /serve_file_data/<type>/<path:filename> -> serve_file_data
{'OPTIONS', 'GET', 'HEAD'} /view_carved_file/<filename> -> view_carved_file
{'OPTIONS', 'GET', 'HEAD'} /view_deleted_file/<filename> -> view_deleted_file
{'OPTIONS', 'GET', 'HEAD'} /hex_view_fallback/<filename> -> hex_view_fallback
{'OPTIONS', 'GET', 'HEAD'} /hex_view_deleted/<filename> -> hex_view_deleted
{'OPTIONS', 'GET', 'HEAD'} /download_deleted_file/<filename> -> download_deleted_file
{'OPTIONS', 'POST'} /download_zip -> download_zip
{'OPTIONS', 'POST'} /find_in_file -> find_in_file
{'OPTIONS', 'POST'} /run_auto_carving -> run_auto_carving
{'OPTIONS', 'POST'} /find_block -> find_block
{'OPTIONS', 'GET', 'HEAD'} /clear_session -> clear_session
{'OPTIONS', 'POST'} /perform_manual_carve -> perform_manual_carve
{'OPTIONS', 'GET', 'HEAD'} /diag -> diag

================================================================================
WSGI loaded at: datetime.datetime(2025, 9, 29, 22, 24, 2, 189345)

================================================================================
WSGI loaded at: datetime.datetime(2025, 9, 29, 22, 26, 39, 56606)

================================================================================
WSGI loaded at: datetime.datetime(2025, 9, 29, 22, 34, 25, 678277)

================================================================================
WSGI loaded at: datetime.datetime(2025, 9, 30, 10, 5, 20, 477392)

================================================================================
WSGI loaded at: datetime.datetime(2025, 9, 30, 10, 22, 34, 338951)

================================================================================
WSGI loaded at: datetime.datetime(2025, 9, 30, 10, 30, 27, 929344)

================================================================================
WSGI loaded at: datetime.datetime(2025, 9, 30, 10, 39, 3, 167045)

================================================================================
WSGI loaded at: datetime.datetime(2025, 9, 30, 11, 4, 4, 744214)

================================================================================
WSGI loaded at: datetime.datetime(2025, 9, 30, 11, 11, 12, 471013)

================================================================================
WSGI loaded at: datetime.datetime(2025, 9, 30, 11, 45, 21, 718709)

================================================================================
WSGI loaded at: datetime.datetime(2025, 9, 30, 11, 51, 0, 463141)

================================================================================
WSGI loaded at: datetime.datetime(2025, 9, 30, 11, 58, 30, 381059)

================================================================================
WSGI loaded at: datetime.datetime(2025, 9, 30, 11, 58, 53, 927435)

================================================================================
WSGI loaded at: datetime.datetime(2025, 9, 30, 12, 8, 57, 298966)

================================================================================
WSGI loaded at: datetime.datetime(2025, 9, 30, 12, 19, 18, 409643)

================================================================================
WSGI loaded at: datetime.datetime(2025, 9, 30, 14, 4, 58, 858985)

================================================================================
WSGI loaded at: datetime.datetime(2025, 9, 30, 14, 16, 29, 40304)

================================================================================
WSGI loaded at: datetime.datetime(2025, 9, 30, 14, 23, 47, 41484)

================================================================================
WSGI loaded at: datetime.datetime(2025, 9, 30, 14, 24, 10, 384096)
