::1 - - [24/Sep/2025:18:32:15 +0530] "GET /decryption_progress/SuspectData.dd_1.encr HTTP/1.1" 200 9531
::1 - - [24/Sep/2025:18:32:16 +0530] "GET /decryption_status HTTP/1.1" 200 201
::1 - - [24/Sep/2025:18:32:17 +0530] "GET /evidence_upload HTTP/1.1" 200 16719
::1 - - [24/Sep/2025:18:32:18 +0530] "GET /evidence_upload HTTP/1.1" 200 16719
::1 - - [24/Sep/2025:18:32:46 +0530] "GET /evidence_upload HTTP/1.1" 200 16719
::1 - - [24/Sep/2025:18:32:50 +0530] "GET /evidence_upload HTTP/1.1" 200 14153
::1 - - [24/Sep/2025:18:33:01 +0530] "GET /load_evidence/4 HTTP/1.1" 302 253
::1 - - [24/Sep/2025:18:33:01 +0530] "GET /decryption/SuspectData.dd_1.encr HTTP/1.1" 200 7248
::1 - - [24/Sep/2025:18:33:06 +0530] "POST /decryption/SuspectData.dd_1.encr HTTP/1.1" 302 271
::1 - - [24/Sep/2025:18:33:06 +0530] "GET /decryption_progress/SuspectData.dd_1.encr HTTP/1.1" 200 9531
::1 - - [24/Sep/2025:18:33:06 +0530] "GET /decryption_status HTTP/1.1" 200 201
::1 - - [24/Sep/2025:18:34:10 +0530] "GET /decryption/SuspectData.dd_1.encr HTTP/1.1" 200 7118
::1 - - [24/Sep/2025:18:34:21 +0530] "POST /decryption/SuspectData.dd_1.encr HTTP/1.1" 302 271
::1 - - [24/Sep/2025:18:34:22 +0530] "GET /decryption_progress/SuspectData.dd_1.encr HTTP/1.1" 200 9531
::1 - - [24/Sep/2025:18:34:22 +0530] "GET /decryption_status HTTP/1.1" 200 211
::1 - - [24/Sep/2025:18:34:24 +0530] "GET /decryption/SuspectData.dd_1.encr HTTP/1.1" 200 7118
::1 - - [24/Sep/2025:18:34:32 +0530] "POST /decryption/SuspectData.dd_1.encr HTTP/1.1" 302 271
::1 - - [24/Sep/2025:18:34:32 +0530] "GET /decryption_progress/SuspectData.dd_1.encr HTTP/1.1" 200 9531
::1 - - [24/Sep/2025:18:34:32 +0530] "GET /decryption_status HTTP/1.1" 200 186
::1 - - [25/Sep/2025:09:17:59 +0530] "GET / HTTP/1.1" 302 219
::1 - - [25/Sep/2025:09:18:03 +0530] "GET /evidence_upload HTTP/1.1" 200 14256
::1 - - [25/Sep/2025:09:18:05 +0530] "GET /favicon.ico HTTP/1.1" 404 207
::1 - - [25/Sep/2025:09:18:25 +0530] "POST /evidence_upload HTTP/1.1" 302 251
::1 - - [25/Sep/2025:09:18:27 +0530] "GET /load_evidence/5?new_upload=True HTTP/1.1" 302 223
::1 - - [25/Sep/2025:09:18:27 +0530] "GET /forensic_analysis HTTP/1.1" 200 12674
::1 - - [25/Sep/2025:09:18:27 +0530] "GET /forensic_analysis HTTP/1.1" 200 12536
::1 - - [25/Sep/2025:09:18:27 +0530] "GET /hashing_status HTTP/1.1" 200 233
::1 - - [25/Sep/2025:09:18:33 +0530] "GET /encryption_page HTTP/1.1" 200 6172
::1 - - [25/Sep/2025:09:18:35 +0530] "GET /evidence_upload HTTP/1.1" 200 16961
::1 - - [25/Sep/2025:09:18:39 +0530] "GET /load_evidence/4 HTTP/1.1" 302 253
::1 - - [25/Sep/2025:09:18:39 +0530] "GET /decryption/SuspectData.dd_1.encr HTTP/1.1" 200 7433
::1 - - [25/Sep/2025:09:18:52 +0530] "POST /decryption/SuspectData.dd_1.encr HTTP/1.1" 302 271
::1 - - [25/Sep/2025:09:18:53 +0530] "GET /decryption_progress/SuspectData.dd_1.encr HTTP/1.1" 200 9634
::1 - - [25/Sep/2025:09:18:53 +0530] "GET /decryption_status HTTP/1.1" 200 201
::1 - - [25/Sep/2025:09:18:57 +0530] "GET /evidence_upload HTTP/1.1" 200 17283
::1 - - [25/Sep/2025:09:19:03 +0530] "GET /load_evidence/5 HTTP/1.1" 302 223
::1 - - [25/Sep/2025:09:19:03 +0530] "GET /forensic_analysis HTTP/1.1" 200 12663
::1 - - [25/Sep/2025:09:19:03 +0530] "GET /hashing_status HTTP/1.1" 200 233
::1 - - [25/Sep/2025:09:19:07 +0530] "GET /evidence_upload HTTP/1.1" 200 16961
::1 - - [25/Sep/2025:09:19:11 +0530] "GET /remove_file/SuspectData.dd.enc HTTP/1.1" 302 219
::1 - - [25/Sep/2025:09:19:11 +0530] "GET /evidence_upload HTTP/1.1" 200 14826
::1 - - [25/Sep/2025:09:19:14 +0530] "GET /encryption_page HTTP/1.1" 200 5251
::1 - - [25/Sep/2025:09:19:25 +0530] "POST /encryption_page HTTP/1.1" 302 219
::1 - - [25/Sep/2025:09:19:27 +0530] "GET /encryption_page HTTP/1.1" 200 5544
::1 - - [25/Sep/2025:09:22:05 +0530] "GET /evidence_upload HTTP/1.1" 200 14717
::1 - - [25/Sep/2025:09:25:57 +0530] "GET / HTTP/1.1" 302 219
::1 - - [25/Sep/2025:09:26:00 +0530] "GET /evidence_upload HTTP/1.1" 200 16215
::1 - - [25/Sep/2025:09:26:05 +0530] "GET /remove_from_db/5 HTTP/1.1" 302 219
::1 - - [25/Sep/2025:09:26:05 +0530] "GET /evidence_upload HTTP/1.1" 200 15604
::1 - - [25/Sep/2025:09:26:09 +0530] "GET /remove_from_db/4 HTTP/1.1" 302 219
::1 - - [25/Sep/2025:09:26:09 +0530] "GET /evidence_upload HTTP/1.1" 200 14853
::1 - - [25/Sep/2025:09:26:12 +0530] "GET /remove_from_db/3 HTTP/1.1" 302 219
::1 - - [25/Sep/2025:09:26:12 +0530] "GET /evidence_upload HTTP/1.1" 200 14099
::1 - - [25/Sep/2025:09:26:16 +0530] "GET /remove_from_db/2 HTTP/1.1" 302 219
::1 - - [25/Sep/2025:09:26:16 +0530] "GET /evidence_upload HTTP/1.1" 200 13347
::1 - - [25/Sep/2025:09:26:21 +0530] "GET /remove_from_db/1 HTTP/1.1" 302 219
::1 - - [25/Sep/2025:09:26:22 +0530] "GET /evidence_upload HTTP/1.1" 200 12325
::1 - - [25/Sep/2025:09:26:28 +0530] "GET /encryption_page HTTP/1.1" 200 5251
::1 - - [25/Sep/2025:09:27:44 +0530] "POST /encryption_page HTTP/1.1" 302 219
::1 - - [25/Sep/2025:09:27:46 +0530] "GET /encryption_page HTTP/1.1" 200 5510
::1 - - [25/Sep/2025:09:29:58 +0530] "GET /evidence_upload HTTP/1.1" 200 12194
::1 - - [25/Sep/2025:09:32:24 +0530] "GET /evidence_upload HTTP/1.1" 200 12194
::1 - - [25/Sep/2025:09:32:33 +0530] "GET /encryption_page HTTP/1.1" 200 5331
::1 - - [25/Sep/2025:09:32:54 +0530] "POST /encryption_page HTTP/1.1" 200 5826
::1 - - [25/Sep/2025:09:33:01 +0530] "GET /download_encrypted/SuspectData.dd.enc HTTP/1.1" 200 41943156
::1 - - [25/Sep/2025:09:33:05 +0530] "GET /evidence_upload HTTP/1.1" 200 12194
::1 - - [25/Sep/2025:09:33:13 +0530] "POST /evidence_upload HTTP/1.1" 302 251
::1 - - [25/Sep/2025:09:33:14 +0530] "GET /load_evidence/6?new_upload=True HTTP/1.1" 302 223
::1 - - [25/Sep/2025:09:33:14 +0530] "GET /forensic_analysis HTTP/1.1" 200 12674
::1 - - [25/Sep/2025:09:33:14 +0530] "GET /forensic_analysis HTTP/1.1" 200 12536
::1 - - [25/Sep/2025:09:33:57 +0530] "GET /hashing_status HTTP/1.1" 200 233
::1 - - [25/Sep/2025:09:34:05 +0530] "GET /evidence_upload HTTP/1.1" 200 15452
::1 - - [25/Sep/2025:09:35:12 +0530] "GET /forensic_analysis HTTP/1.1" 200 12604
::1 - - [25/Sep/2025:09:38:03 +0530] "GET /forensic_analysis HTTP/1.1" 302 219
::1 - - [25/Sep/2025:09:38:05 +0530] "GET /forensic_analysis HTTP/1.1" 302 219
::1 - - [25/Sep/2025:09:38:06 +0530] "GET /evidence_upload HTTP/1.1" 200 13327
::1 - - [25/Sep/2025:09:38:10 +0530] "GET /load_evidence/6 HTTP/1.1" 302 223
::1 - - [25/Sep/2025:09:38:10 +0530] "GET /forensic_analysis HTTP/1.1" 200 12663
::1 - - [25/Sep/2025:09:38:10 +0530] "GET /hashing_status HTTP/1.1" 200 233
::1 - - [25/Sep/2025:09:38:12 +0530] "GET /evidence_upload HTTP/1.1" 200 15452
::1 - - [25/Sep/2025:09:38:19 +0530] "GET /remove_from_db/6 HTTP/1.1" 302 219
::1 - - [25/Sep/2025:09:38:19 +0530] "GET /evidence_upload HTTP/1.1" 200 12459
::1 - - [25/Sep/2025:09:38:26 +0530] "POST /evidence_upload HTTP/1.1" 302 251
::1 - - [25/Sep/2025:09:38:27 +0530] "GET /load_evidence/7?new_upload=True HTTP/1.1" 302 223
::1 - - [25/Sep/2025:09:38:27 +0530] "GET /forensic_analysis HTTP/1.1" 200 12674
::1 - - [25/Sep/2025:09:38:27 +0530] "GET /forensic_analysis HTTP/1.1" 200 12536
::1 - - [25/Sep/2025:09:38:27 +0530] "GET /hashing_status HTTP/1.1" 200 233
::1 - - [25/Sep/2025:09:39:12 +0530] "GET /evidence_upload HTTP/1.1" 200 15452
::1 - - [25/Sep/2025:09:39:15 +0530] "GET /remove_from_db/7 HTTP/1.1" 302 219
::1 - - [25/Sep/2025:09:39:15 +0530] "GET /evidence_upload HTTP/1.1" 200 12459
::1 - - [25/Sep/2025:09:39:33 +0530] "GET /encryption_page HTTP/1.1" 200 5331
::1 - - [25/Sep/2025:09:39:49 +0530] "POST /encryption_page HTTP/1.1" 200 5826
::1 - - [25/Sep/2025:09:40:02 +0530] "GET /download_encrypted/SuspectData.dd.enc HTTP/1.1" 200 41943164
::1 - - [25/Sep/2025:09:40:07 +0530] "GET /evidence_upload HTTP/1.1" 200 12194
::1 - - [25/Sep/2025:09:40:15 +0530] "POST /evidence_upload HTTP/1.1" 302 251
::1 - - [25/Sep/2025:09:40:16 +0530] "GET /load_evidence/8?new_upload=True HTTP/1.1" 302 247
::1 - - [25/Sep/2025:09:40:16 +0530] "GET /decryption/SuspectData.dd.enc HTTP/1.1" 200 7441
::1 - - [25/Sep/2025:09:40:16 +0530] "GET /decryption/SuspectData.dd.enc HTTP/1.1" 200 7303
::1 - - [25/Sep/2025:09:40:21 +0530] "POST /decryption/SuspectData.dd.enc HTTP/1.1" 302 265
::1 - - [25/Sep/2025:09:40:21 +0530] "GET /decryption_progress/SuspectData.dd.enc HTTP/1.1" 200 9625
::1 - - [25/Sep/2025:09:40:22 +0530] "GET /decryption_status HTTP/1.1" 200 193
::1 - - [25/Sep/2025:09:40:23 +0530] "GET /decryption_status HTTP/1.1" 200 167
::1 - - [25/Sep/2025:09:40:24 +0530] "GET /forensic_analysis HTTP/1.1" 200 12686
::1 - - [25/Sep/2025:09:40:29 +0530] "GET /auto_carving_setup HTTP/1.1" 200 19423
::1 - - [25/Sep/2025:09:40:34 +0530] "POST /auto_carving_setup HTTP/1.1" 302 229
::1 - - [25/Sep/2025:09:40:34 +0530] "GET /auto_carving_process HTTP/1.1" 200 8594
::1 - - [25/Sep/2025:09:40:35 +0530] "GET /carving_status HTTP/1.1" 200 127
::1 - - [25/Sep/2025:09:40:38 +0530] "GET /auto_carving_setup HTTP/1.1" 200 19423
::1 - - [25/Sep/2025:09:40:40 +0530] "POST /auto_carving_setup HTTP/1.1" 302 229
::1 - - [25/Sep/2025:09:40:41 +0530] "GET /auto_carving_process HTTP/1.1" 200 8594
::1 - - [25/Sep/2025:09:40:41 +0530] "GET /carving_status HTTP/1.1" 200 127
::1 - - [25/Sep/2025:09:40:42 +0530] "GET /auto_carving_setup HTTP/1.1" 200 19423
::1 - - [25/Sep/2025:09:40:45 +0530] "POST /auto_carving_setup HTTP/1.1" 302 229
::1 - - [25/Sep/2025:09:40:45 +0530] "GET /auto_carving_process HTTP/1.1" 200 8594
::1 - - [25/Sep/2025:09:40:45 +0530] "GET /carving_status HTTP/1.1" 200 127
::1 - - [25/Sep/2025:09:40:47 +0530] "GET /auto_carving_setup HTTP/1.1" 200 19423
::1 - - [25/Sep/2025:09:40:53 +0530] "POST /auto_carving_setup HTTP/1.1" 302 229
::1 - - [25/Sep/2025:09:40:53 +0530] "GET /auto_carving_process HTTP/1.1" 200 8594
::1 - - [25/Sep/2025:09:40:53 +0530] "GET /carving_status HTTP/1.1" 200 127
::1 - - [25/Sep/2025:09:40:55 +0530] "GET /auto_carving_setup HTTP/1.1" 200 19423
::1 - - [25/Sep/2025:09:41:00 +0530] "GET /deleted_files HTTP/1.1" 200 13897
::1 - - [25/Sep/2025:09:41:00 +0530] "GET /deleted_scan_status?page=1 HTTP/1.1" 200 213
::1 - - [25/Sep/2025:09:41:01 +0530] "GET /start_deleted_scan HTTP/1.1" 200 26
::1 - - [25/Sep/2025:09:41:01 +0530] "GET /deleted_scan_status?page=1 HTTP/1.1" 200 238
::1 - - [25/Sep/2025:09:41:03 +0530] "GET /deleted_scan_status?page=1 HTTP/1.1" 200 412
::1 - - [25/Sep/2025:09:42:33 +0530] "GET /recovered_files HTTP/1.1" 200 5713
::1 - - [25/Sep/2025:09:42:34 +0530] "GET /auto_carving_setup HTTP/1.1" 200 19423
::1 - - [25/Sep/2025:09:42:36 +0530] "GET /log_file_viewer HTTP/1.1" 200 7780
::1 - - [25/Sep/2025:09:42:38 +0530] "GET /evidence_upload HTTP/1.1" 200 15550
::1 - - [25/Sep/2025:09:43:00 +0530] "POST /evidence_upload HTTP/1.1" 302 251
::1 - - [25/Sep/2025:09:50:55 +0530] "GET /load_evidence/9?new_upload=True HTTP/1.1" 302 223
::1 - - [25/Sep/2025:09:50:55 +0530] "GET /forensic_analysis HTTP/1.1" 200 14830
::1 - - [25/Sep/2025:09:50:55 +0530] "GET /forensic_analysis HTTP/1.1" 200 14701
::1 - - [25/Sep/2025:09:51:03 +0530] "GET /hashing_status HTTP/1.1" 200 64
::1 - - [25/Sep/2025:09:51:05 +0530] "GET /hashing_status HTTP/1.1" 200 64
::1 - - [25/Sep/2025:09:51:07 +0530] "GET /hashing_status HTTP/1.1" 200 64
::1 - - [25/Sep/2025:09:51:09 +0530] "GET /hashing_status HTTP/1.1" 200 64
::1 - - [25/Sep/2025:09:51:11 +0530] "GET /hashing_status HTTP/1.1" 200 64
::1 - - [25/Sep/2025:09:51:13 +0530] "GET /hashing_status HTTP/1.1" 200 64
::1 - - [25/Sep/2025:09:51:15 +0530] "GET /hashing_status HTTP/1.1" 200 64
::1 - - [25/Sep/2025:09:51:17 +0530] "GET /hashing_status HTTP/1.1" 200 64
::1 - - [25/Sep/2025:09:51:19 +0530] "GET /hashing_status HTTP/1.1" 200 64
::1 - - [25/Sep/2025:09:51:21 +0530] "GET /hashing_status HTTP/1.1" 200 64
::1 - - [25/Sep/2025:09:51:23 +0530] "GET /hashing_status HTTP/1.1" 200 64
::1 - - [25/Sep/2025:09:51:25 +0530] "GET /hashing_status HTTP/1.1" 200 64
::1 - - [25/Sep/2025:09:51:27 +0530] "GET /hashing_status HTTP/1.1" 200 64
::1 - - [25/Sep/2025:09:51:29 +0530] "GET /hashing_status HTTP/1.1" 200 64
::1 - - [25/Sep/2025:09:51:31 +0530] "GET /hashing_status HTTP/1.1" 200 64
::1 - - [25/Sep/2025:09:51:33 +0530] "GET /hashing_status HTTP/1.1" 200 64
::1 - - [25/Sep/2025:09:51:35 +0530] "GET /hashing_status HTTP/1.1" 200 64
::1 - - [25/Sep/2025:09:51:37 +0530] "GET /hashing_status HTTP/1.1" 200 64
::1 - - [25/Sep/2025:09:51:39 +0530] "GET /hashing_status HTTP/1.1" 200 64
::1 - - [25/Sep/2025:09:51:41 +0530] "GET /hashing_status HTTP/1.1" 200 64
::1 - - [25/Sep/2025:09:51:43 +0530] "GET /hashing_status HTTP/1.1" 200 64
::1 - - [25/Sep/2025:09:51:45 +0530] "GET /hashing_status HTTP/1.1" 200 64
::1 - - [25/Sep/2025:09:51:47 +0530] "GET /hashing_status HTTP/1.1" 200 64
::1 - - [25/Sep/2025:09:51:49 +0530] "GET /hashing_status HTTP/1.1" 200 64
::1 - - [25/Sep/2025:09:51:51 +0530] "GET /hashing_status HTTP/1.1" 200 64
::1 - - [25/Sep/2025:09:51:53 +0530] "GET /hashing_status HTTP/1.1" 200 233
::1 - - [25/Sep/2025:09:51:55 +0530] "GET /auto_carving_setup HTTP/1.1" 200 19409
::1 - - [25/Sep/2025:09:51:59 +0530] "POST /auto_carving_setup HTTP/1.1" 302 229
::1 - - [25/Sep/2025:09:51:59 +0530] "GET /auto_carving_process HTTP/1.1" 200 8580
::1 - - [25/Sep/2025:09:51:59 +0530] "GET /carving_status HTTP/1.1" 200 8173
::1 - - [25/Sep/2025:09:52:02 +0530] "GET /carving_status HTTP/1.1" 200 16214
::1 - - [25/Sep/2025:09:52:13 +0530] "GET /carving_status HTTP/1.1" 200 24267
::1 - - [25/Sep/2025:09:52:17 +0530] "GET /carving_status HTTP/1.1" 200 30976
::1 - - [25/Sep/2025:09:52:23 +0530] "GET /carving_status HTTP/1.1" 200 32327
::1 - - [25/Sep/2025:09:52:25 +0530] "GET /carving_status HTTP/1.1" 200 33670
::1 - - [25/Sep/2025:09:52:31 +0530] "GET /carving_status HTTP/1.1" 200 35014
::1 - - [25/Sep/2025:09:52:36 +0530] "GET /carving_status HTTP/1.1" 200 35014
::1 - - [25/Sep/2025:09:52:37 +0530] "GET /carving_status HTTP/1.1" 200 35014
::1 - - [25/Sep/2025:09:53:12 +0530] "GET /recovered_files HTTP/1.1" 200 5699
::1 - - [25/Sep/2025:09:53:16 +0530] "GET /auto_carving_setup HTTP/1.1" 200 19409
::1 - - [25/Sep/2025:09:53:18 +0530] "GET /deleted_files HTTP/1.1" 200 13883
::1 - - [25/Sep/2025:09:53:19 +0530] "GET /deleted_scan_status?page=1 HTTP/1.1" 200 213
::1 - - [25/Sep/2025:09:53:20 +0530] "GET /start_deleted_scan HTTP/1.1" 200 26
::1 - - [25/Sep/2025:09:53:20 +0530] "GET /deleted_scan_status?page=1 HTTP/1.1" 200 238
::1 - - [25/Sep/2025:09:53:22 +0530] "GET /deleted_scan_status?page=1 HTTP/1.1" 200 219
::1 - - [25/Sep/2025:09:53:27 +0530] "GET /recovered_files HTTP/1.1" 200 5699
::1 - - [25/Sep/2025:09:53:28 +0530] "GET /forensic_analysis HTTP/1.1" 200 14769
::1 - - [25/Sep/2025:09:53:32 +0530] "GET /auto_carving_setup HTTP/1.1" 200 19409
::1 - - [25/Sep/2025:09:53:35 +0530] "POST /auto_carving_setup HTTP/1.1" 302 229
::1 - - [25/Sep/2025:09:53:36 +0530] "GET /auto_carving_process HTTP/1.1" 200 8580
::1 - - [25/Sep/2025:09:53:37 +0530] "GET /carving_status HTTP/1.1" 200 4142
::1 - - [25/Sep/2025:09:54:04 +0530] "GET /carving_status HTTP/1.1" 200 4142
::1 - - [25/Sep/2025:09:54:05 +0530] "GET /carving_status HTTP/1.1" 200 4142
::1 - - [25/Sep/2025:09:54:15 +0530] "GET /recovered_files HTTP/1.1" 200 5699
::1 - - [25/Sep/2025:09:56:46 +0530] "GET /deleted_files HTTP/1.1" 200 13883
::1 - - [25/Sep/2025:09:56:47 +0530] "GET /deleted_scan_status?page=1 HTTP/1.1" 200 219
::1 - - [25/Sep/2025:09:56:49 +0530] "GET /start_deleted_scan HTTP/1.1" 200 26
::1 - - [25/Sep/2025:09:56:49 +0530] "GET /deleted_scan_status?page=1 HTTP/1.1" 200 238
::1 - - [25/Sep/2025:09:56:51 +0530] "GET /deleted_scan_status?page=1 HTTP/1.1" 200 219
::1 - - [25/Sep/2025:09:59:06 +0530] "GET /recovered_files HTTP/1.1" 200 5699
::1 - - [25/Sep/2025:09:59:07 +0530] "GET /auto_carving_setup HTTP/1.1" 200 19409
::1 - - [25/Sep/2025:10:03:31 +0530] "GET /evidence_upload HTTP/1.1" 200 13955
::1 - - [25/Sep/2025:10:03:38 +0530] "GET /load_evidence/9 HTTP/1.1" 302 223
::1 - - [25/Sep/2025:10:03:38 +0530] "GET /forensic_analysis HTTP/1.1" 200 14814
::1 - - [25/Sep/2025:10:03:39 +0530] "GET /hashing_status HTTP/1.1" 200 63
::1 - - [25/Sep/2025:10:03:41 +0530] "GET /hashing_status HTTP/1.1" 200 63
::1 - - [25/Sep/2025:10:03:43 +0530] "GET /hashing_status HTTP/1.1" 200 64
::1 - - [25/Sep/2025:10:03:45 +0530] "GET /hashing_status HTTP/1.1" 200 64
::1 - - [25/Sep/2025:10:03:46 +0530] "GET /auto_carving_setup HTTP/1.1" 200 19412
::1 - - [25/Sep/2025:10:03:50 +0530] "POST /auto_carving_setup HTTP/1.1" 302 229
::1 - - [25/Sep/2025:10:03:50 +0530] "GET /auto_carving_process HTTP/1.1" 200 8583
::1 - - [25/Sep/2025:10:03:50 +0530] "GET /carving_status HTTP/1.1" 200 8173
::1 - - [25/Sep/2025:10:03:52 +0530] "GET /carving_status HTTP/1.1" 200 16214
::1 - - [25/Sep/2025:10:03:57 +0530] "GET /carving_status HTTP/1.1" 200 24267
::1 - - [25/Sep/2025:10:03:59 +0530] "GET /carving_status HTTP/1.1" 200 30975
::1 - - [25/Sep/2025:10:04:02 +0530] "GET /carving_status HTTP/1.1" 200 33669
::1 - - [25/Sep/2025:10:04:07 +0530] "GET /carving_status HTTP/1.1" 200 35014
::1 - - [25/Sep/2025:10:04:10 +0530] "GET /carving_status HTTP/1.1" 200 35014
::1 - - [25/Sep/2025:10:06:00 +0530] "GET /recovered_files HTTP/1.1" 200 5702
::1 - - [25/Sep/2025:10:06:24 +0530] "GET /deleted_files HTTP/1.1" 200 13886
::1 - - [25/Sep/2025:10:06:25 +0530] "GET /deleted_scan_status?page=1 HTTP/1.1" 200 213
::1 - - [25/Sep/2025:10:06:26 +0530] "GET /start_deleted_scan HTTP/1.1" 200 26
::1 - - [25/Sep/2025:10:06:26 +0530] "GET /deleted_scan_status?page=1 HTTP/1.1" 200 238
::1 - - [25/Sep/2025:10:06:28 +0530] "GET /deleted_scan_status?page=1 HTTP/1.1" 200 219
::1 - - [25/Sep/2025:10:12:34 +0530] "GET /deleted_files HTTP/1.1" 302 219
::1 - - [25/Sep/2025:10:12:36 +0530] "GET /evidence_upload HTTP/1.1" 200 14054
::1 - - [25/Sep/2025:10:12:39 +0530] "GET /load_evidence/9 HTTP/1.1" 302 223
::1 - - [25/Sep/2025:10:12:39 +0530] "GET /forensic_analysis HTTP/1.1" 200 14814
::1 - - [25/Sep/2025:10:12:39 +0530] "GET /hashing_status HTTP/1.1" 200 63
::1 - - [25/Sep/2025:10:12:41 +0530] "GET /hashing_status HTTP/1.1" 200 63
::1 - - [25/Sep/2025:10:12:43 +0530] "GET /auto_carving_setup HTTP/1.1" 200 19412
::1 - - [25/Sep/2025:10:12:46 +0530] "POST /auto_carving_setup HTTP/1.1" 302 229
::1 - - [25/Sep/2025:10:12:46 +0530] "GET /auto_carving_process HTTP/1.1" 200 8583
::1 - - [25/Sep/2025:10:12:46 +0530] "GET /carving_status HTTP/1.1" 200 8173
::1 - - [25/Sep/2025:10:12:48 +0530] "GET /carving_status HTTP/1.1" 200 16214
::1 - - [25/Sep/2025:10:12:51 +0530] "GET /carving_status HTTP/1.1" 200 24267
::1 - - [25/Sep/2025:10:12:54 +0530] "GET /carving_status HTTP/1.1" 200 30975
::1 - - [25/Sep/2025:10:12:56 +0530] "GET /carving_status HTTP/1.1" 200 32326
::1 - - [25/Sep/2025:10:12:57 +0530] "GET /carving_status HTTP/1.1" 200 33669
::1 - - [25/Sep/2025:10:13:00 +0530] "GET /carving_status HTTP/1.1" 200 35014
::1 - - [25/Sep/2025:10:13:03 +0530] "GET /carving_status HTTP/1.1" 200 35014
::1 - - [25/Sep/2025:10:13:12 +0530] "GET /recovered_files HTTP/1.1" 200 5702
::1 - - [25/Sep/2025:10:13:19 +0530] "GET /deleted_files HTTP/1.1" 200 13886
::1 - - [25/Sep/2025:10:13:19 +0530] "GET /deleted_scan_status?page=1 HTTP/1.1" 200 213
::1 - - [25/Sep/2025:10:13:21 +0530] "GET /start_deleted_scan HTTP/1.1" 200 26
::1 - - [25/Sep/2025:10:13:21 +0530] "GET /deleted_scan_status?page=1 HTTP/1.1" 200 238
::1 - - [25/Sep/2025:10:13:23 +0530] "GET /deleted_scan_status?page=1 HTTP/1.1" 200 219
::1 - - [25/Sep/2025:10:14:16 +0530] "GET /recovered_files HTTP/1.1" 200 5702
::1 - - [25/Sep/2025:10:19:10 +0530] "GET /recovered_files HTTP/1.1" 302 219
::1 - - [25/Sep/2025:10:19:13 +0530] "GET /evidence_upload HTTP/1.1" 200 14054
::1 - - [25/Sep/2025:10:19:19 +0530] "GET /load_evidence/9 HTTP/1.1" 302 223
::1 - - [25/Sep/2025:10:19:19 +0530] "GET /forensic_analysis HTTP/1.1" 200 14814
::1 - - [25/Sep/2025:10:19:19 +0530] "GET /hashing_status HTTP/1.1" 200 63
::1 - - [25/Sep/2025:10:19:21 +0530] "GET /auto_carving_setup HTTP/1.1" 200 19412
::1 - - [25/Sep/2025:10:19:24 +0530] "POST /auto_carving_setup HTTP/1.1" 302 229
::1 - - [25/Sep/2025:10:19:24 +0530] "GET /auto_carving_process HTTP/1.1" 200 8583
::1 - - [25/Sep/2025:10:19:24 +0530] "GET /carving_status HTTP/1.1" 200 8173
::1 - - [25/Sep/2025:10:19:26 +0530] "GET /carving_status HTTP/1.1" 200 16214
::1 - - [25/Sep/2025:10:19:30 +0530] "GET /carving_status HTTP/1.1" 200 24267
::1 - - [25/Sep/2025:10:19:33 +0530] "GET /carving_status HTTP/1.1" 200 30975
::1 - - [25/Sep/2025:10:19:36 +0530] "GET /carving_status HTTP/1.1" 200 32326
::1 - - [25/Sep/2025:10:19:37 +0530] "GET /carving_status HTTP/1.1" 200 33669
::1 - - [25/Sep/2025:10:19:40 +0530] "GET /carving_status HTTP/1.1" 200 35014
::1 - - [25/Sep/2025:10:19:44 +0530] "GET /carving_status HTTP/1.1" 200 35014
::1 - - [25/Sep/2025:10:19:45 +0530] "GET /carving_status HTTP/1.1" 200 35014
::1 - - [25/Sep/2025:10:19:47 +0530] "GET /recovered_files HTTP/1.1" 200 5702
::1 - - [25/Sep/2025:10:19:50 +0530] "GET /deleted_files HTTP/1.1" 200 13886
::1 - - [25/Sep/2025:10:19:50 +0530] "GET /deleted_scan_status?page=1 HTTP/1.1" 200 213
::1 - - [25/Sep/2025:10:19:52 +0530] "GET /start_deleted_scan HTTP/1.1" 200 26
::1 - - [25/Sep/2025:10:19:52 +0530] "GET /deleted_scan_status?page=1 HTTP/1.1" 200 238
::1 - - [25/Sep/2025:10:19:54 +0530] "GET /deleted_scan_status?page=1 HTTP/1.1" 200 219
::1 - - [25/Sep/2025:11:07:10 +0530] "GET / HTTP/1.1" 302 219
::1 - - [25/Sep/2025:11:07:13 +0530] "GET /evidence_upload HTTP/1.1" 200 13955
::1 - - [25/Sep/2025:11:07:16 +0530] "GET /load_evidence/8 HTTP/1.1" 302 247
::1 - - [25/Sep/2025:11:07:16 +0530] "GET /decryption/SuspectData.dd.enc HTTP/1.1" 200 7425
::1 - - [25/Sep/2025:11:07:20 +0530] "POST /decryption/SuspectData.dd.enc HTTP/1.1" 302 265
::1 - - [25/Sep/2025:11:07:20 +0530] "GET /decryption_progress/SuspectData.dd.enc HTTP/1.1" 200 9628
::1 - - [25/Sep/2025:11:07:21 +0530] "GET /decryption_status HTTP/1.1" 200 193
::1 - - [25/Sep/2025:11:07:22 +0530] "GET /decryption_status HTTP/1.1" 200 167
::1 - - [25/Sep/2025:11:07:25 +0530] "GET /forensic_analysis HTTP/1.1" 200 12689
::1 - - [25/Sep/2025:11:07:31 +0530] "GET /reporting HTTP/1.1" 200 6904
::1 - - [25/Sep/2025:11:07:34 +0530] "POST /reporting HTTP/1.1" 302 207
::1 - - [25/Sep/2025:11:07:34 +0530] "GET /reporting HTTP/1.1" 200 7050
::1 - - [25/Sep/2025:11:13:07 +0530] "GET /reporting HTTP/1.1" 302 219
::1 - - [25/Sep/2025:11:13:10 +0530] "GET /evidence_upload HTTP/1.1" 200 14075
::1 - - [25/Sep/2025:11:13:14 +0530] "GET /load_evidence/8 HTTP/1.1" 302 247
::1 - - [25/Sep/2025:11:13:14 +0530] "GET /decryption/SuspectData.dd.enc HTTP/1.1" 200 7425
::1 - - [25/Sep/2025:11:13:20 +0530] "POST /decryption/SuspectData.dd.enc HTTP/1.1" 302 265
::1 - - [25/Sep/2025:11:13:20 +0530] "GET /decryption_progress/SuspectData.dd.enc HTTP/1.1" 200 9628
::1 - - [25/Sep/2025:11:13:21 +0530] "GET /decryption_status HTTP/1.1" 200 193
::1 - - [25/Sep/2025:11:13:22 +0530] "GET /decryption_status HTTP/1.1" 200 167
::1 - - [25/Sep/2025:11:13:24 +0530] "GET /forensic_analysis HTTP/1.1" 200 12689
::1 - - [25/Sep/2025:11:13:30 +0530] "GET /auto_carving_setup HTTP/1.1" 200 19790
::1 - - [25/Sep/2025:11:13:33 +0530] "POST /auto_carving_setup HTTP/1.1" 302 229
::1 - - [25/Sep/2025:11:13:33 +0530] "GET /auto_carving_process HTTP/1.1" 200 8597
::1 - - [25/Sep/2025:11:13:33 +0530] "GET /carving_status HTTP/1.1" 200 12181
::1 - - [25/Sep/2025:11:13:37 +0530] "GET /deleted_files HTTP/1.1" 200 13900
::1 - - [25/Sep/2025:11:13:37 +0530] "GET /deleted_scan_status?page=1 HTTP/1.1" 200 128
::1 - - [25/Sep/2025:11:13:38 +0530] "GET /recovered_files HTTP/1.1" 200 5716
::1 - - [25/Sep/2025:11:13:39 +0530] "GET /auto_carving_setup HTTP/1.1" 200 19790
::1 - - [25/Sep/2025:11:13:44 +0530] "POST /auto_carving_setup HTTP/1.1" 302 229
::1 - - [25/Sep/2025:11:13:44 +0530] "GET /auto_carving_process HTTP/1.1" 200 8597
::1 - - [25/Sep/2025:11:13:44 +0530] "GET /carving_status HTTP/1.1" 200 12181
::1 - - [25/Sep/2025:11:13:49 +0530] "GET /recovered_files HTTP/1.1" 200 5716
::1 - - [25/Sep/2025:11:14:41 +0530] "GET /recovered_files HTTP/1.1" 302 219
::1 - - [25/Sep/2025:11:14:44 +0530] "GET /evidence_upload HTTP/1.1" 200 14054
::1 - - [25/Sep/2025:11:14:48 +0530] "GET /load_evidence/8 HTTP/1.1" 302 247
::1 - - [25/Sep/2025:11:14:48 +0530] "GET /decryption/SuspectData.dd.enc HTTP/1.1" 200 7425
::1 - - [25/Sep/2025:11:14:50 +0530] "POST /decryption/SuspectData.dd.enc HTTP/1.1" 302 265
::1 - - [25/Sep/2025:11:14:50 +0530] "GET /decryption_progress/SuspectData.dd.enc HTTP/1.1" 200 9628
::1 - - [25/Sep/2025:11:14:51 +0530] "GET /decryption_status HTTP/1.1" 200 181
::1 - - [25/Sep/2025:11:14:52 +0530] "GET /decryption_status HTTP/1.1" 200 181
::1 - - [25/Sep/2025:11:14:53 +0530] "GET /decryption_status HTTP/1.1" 200 181
::1 - - [25/Sep/2025:11:14:55 +0530] "GET /decryption_status HTTP/1.1" 200 181
::1 - - [25/Sep/2025:11:14:56 +0530] "GET /decryption_status HTTP/1.1" 200 181
::1 - - [25/Sep/2025:11:14:57 +0530] "GET /decryption_status HTTP/1.1" 200 202
::1 - - [25/Sep/2025:11:15:00 +0530] "GET /decryption/SuspectData.dd.enc HTTP/1.1" 200 7306
::1 - - [25/Sep/2025:11:15:04 +0530] "POST /decryption/SuspectData.dd.enc HTTP/1.1" 302 265
::1 - - [25/Sep/2025:11:15:04 +0530] "GET /decryption_progress/SuspectData.dd.enc HTTP/1.1" 200 9628
::1 - - [25/Sep/2025:11:15:04 +0530] "GET /decryption_status HTTP/1.1" 200 193
::1 - - [25/Sep/2025:11:15:05 +0530] "GET /decryption_status HTTP/1.1" 200 167
::1 - - [25/Sep/2025:11:15:07 +0530] "GET /forensic_analysis HTTP/1.1" 200 12689
::1 - - [25/Sep/2025:11:15:09 +0530] "GET /auto_carving_setup HTTP/1.1" 200 19790
::1 - - [25/Sep/2025:11:15:14 +0530] "POST /auto_carving_setup HTTP/1.1" 302 229
::1 - - [25/Sep/2025:11:15:14 +0530] "GET /auto_carving_process HTTP/1.1" 200 8597
::1 - - [25/Sep/2025:11:15:14 +0530] "GET /carving_status HTTP/1.1" 200 12181
::1 - - [25/Sep/2025:11:15:18 +0530] "GET /recovered_files HTTP/1.1" 200 5716
::1 - - [25/Sep/2025:11:15:50 +0530] "GET /deleted_files HTTP/1.1" 200 13900
::1 - - [25/Sep/2025:11:15:50 +0530] "GET /deleted_scan_status?page=1 HTTP/1.1" 200 128
::1 - - [25/Sep/2025:11:15:52 +0530] "GET /start_deleted_scan HTTP/1.1" 200 26
::1 - - [25/Sep/2025:11:15:52 +0530] "GET /deleted_scan_status?page=1 HTTP/1.1" 200 153
::1 - - [25/Sep/2025:11:15:54 +0530] "GET /deleted_scan_status?page=1 HTTP/1.1" 200 153
::1 - - [25/Sep/2025:11:15:56 +0530] "GET /deleted_scan_status?page=1 HTTP/1.1" 200 153
::1 - - [25/Sep/2025:11:15:58 +0530] "GET /deleted_scan_status?page=1 HTTP/1.1" 200 134
::1 - - [25/Sep/2025:11:44:15 +0530] "GET / HTTP/1.1" 302 219
::1 - - [25/Sep/2025:11:44:19 +0530] "GET /evidence_upload HTTP/1.1" 200 13955
::1 - - [25/Sep/2025:11:44:22 +0530] "GET /load_evidence/8 HTTP/1.1" 302 247
::1 - - [25/Sep/2025:11:44:22 +0530] "GET /decryption/SuspectData.dd.enc HTTP/1.1" 200 7734
::1 - - [25/Sep/2025:11:44:26 +0530] "POST /decryption/SuspectData.dd.enc HTTP/1.1" 302 265
::1 - - [25/Sep/2025:11:44:26 +0530] "GET /decryption_progress/SuspectData.dd.enc HTTP/1.1" 200 9937
::1 - - [25/Sep/2025:11:44:27 +0530] "GET /decryption_status HTTP/1.1" 200 193
::1 - - [25/Sep/2025:11:44:29 +0530] "GET /decryption_status HTTP/1.1" 200 167
::1 - - [25/Sep/2025:11:44:29 +0530] "GET /forensic_analysis HTTP/1.1" 200 12998
::1 - - [25/Sep/2025:11:44:33 +0530] "GET /auto_carving_setup HTTP/1.1" 200 20099
::1 - - [25/Sep/2025:11:44:37 +0530] "POST /auto_carving_setup HTTP/1.1" 302 229
::1 - - [25/Sep/2025:11:44:37 +0530] "GET /auto_carving_process HTTP/1.1" 200 8906
::1 - - [25/Sep/2025:11:44:38 +0530] "GET /carving_status HTTP/1.1" 200 12190
::1 - - [25/Sep/2025:11:44:40 +0530] "GET /recovered_files HTTP/1.1" 200 6025
::1 - - [25/Sep/2025:11:44:42 +0530] "GET /deleted_files HTTP/1.1" 200 14215
::1 - - [25/Sep/2025:11:44:42 +0530] "GET /deleted_scan_status?page=1 HTTP/1.1" 200 128
::1 - - [25/Sep/2025:11:44:43 +0530] "GET /start_deleted_scan HTTP/1.1" 200 26
::1 - - [25/Sep/2025:11:44:44 +0530] "GET /deleted_scan_status?page=1 HTTP/1.1" 200 153
::1 - - [25/Sep/2025:11:44:46 +0530] "GET /deleted_scan_status?page=1 HTTP/1.1" 200 153
::1 - - [25/Sep/2025:11:44:48 +0530] "GET /deleted_scan_status?page=1 HTTP/1.1" 200 153
::1 - - [25/Sep/2025:11:44:50 +0530] "GET /deleted_scan_status?page=1 HTTP/1.1" 200 134
::1 - - [25/Sep/2025:11:45:07 +0530] "GET /recovered_files HTTP/1.1" 200 6025
::1 - - [25/Sep/2025:11:45:08 +0530] "GET /auto_carving_setup HTTP/1.1" 200 20099
::1 - - [25/Sep/2025:11:45:13 +0530] "POST /auto_carving_setup HTTP/1.1" 302 229
::1 - - [25/Sep/2025:11:45:13 +0530] "GET /auto_carving_process HTTP/1.1" 200 8906
::1 - - [25/Sep/2025:11:45:14 +0530] "GET /carving_status HTTP/1.1" 200 12181
::1 - - [25/Sep/2025:11:45:29 +0530] "GET /recovered_files HTTP/1.1" 200 6025
::1 - - [25/Sep/2025:12:11:12 +0530] "GET / HTTP/1.1" 302 219
::1 - - [25/Sep/2025:12:11:16 +0530] "GET /evidence_upload HTTP/1.1" 200 13955
::1 - - [25/Sep/2025:12:11:18 +0530] "GET /load_evidence/8 HTTP/1.1" 302 247
::1 - - [25/Sep/2025:12:11:19 +0530] "GET /decryption/SuspectData.dd.enc HTTP/1.1" 200 7734
::1 - - [25/Sep/2025:12:11:24 +0530] "POST /decryption/SuspectData.dd.enc HTTP/1.1" 302 265
::1 - - [25/Sep/2025:12:11:24 +0530] "GET /decryption_progress/SuspectData.dd.enc HTTP/1.1" 200 9937
::1 - - [25/Sep/2025:12:11:24 +0530] "GET /decryption_status HTTP/1.1" 200 193
::1 - - [25/Sep/2025:12:11:25 +0530] "GET /decryption_status HTTP/1.1" 200 193
::1 - - [25/Sep/2025:12:11:26 +0530] "GET /decryption_status HTTP/1.1" 200 167
::1 - - [25/Sep/2025:12:11:28 +0530] "GET /forensic_analysis HTTP/1.1" 200 12998
::1 - - [25/Sep/2025:12:11:30 +0530] "GET /auto_carving_setup HTTP/1.1" 200 20099
::1 - - [25/Sep/2025:12:11:36 +0530] "POST /auto_carving_setup HTTP/1.1" 302 229
::1 - - [25/Sep/2025:12:11:36 +0530] "GET /auto_carving_process HTTP/1.1" 200 8906
::1 - - [25/Sep/2025:12:11:36 +0530] "GET /carving_status HTTP/1.1" 200 12190
::1 - - [25/Sep/2025:12:11:39 +0530] "GET /recovered_files HTTP/1.1" 200 6887
::1 - - [25/Sep/2025:12:11:57 +0530] "GET /debug_carved_files HTTP/1.1" 200 106
::1 - - [25/Sep/2025:12:16:38 +0530] "GET /recovered_files HTTP/1.1" 302 219
::1 - - [25/Sep/2025:12:16:41 +0530] "GET /evidence_upload HTTP/1.1" 200 14054
::1 - - [25/Sep/2025:12:16:46 +0530] "GET /load_evidence/8 HTTP/1.1" 302 247
::1 - - [25/Sep/2025:12:16:46 +0530] "GET /decryption/SuspectData.dd.enc HTTP/1.1" 200 7734
::1 - - [25/Sep/2025:12:16:50 +0530] "POST /decryption/SuspectData.dd.enc HTTP/1.1" 302 265
::1 - - [25/Sep/2025:12:16:50 +0530] "GET /decryption_progress/SuspectData.dd.enc HTTP/1.1" 200 9937
::1 - - [25/Sep/2025:12:16:50 +0530] "GET /decryption_status HTTP/1.1" 200 193
::1 - - [25/Sep/2025:12:16:52 +0530] "GET /decryption_status HTTP/1.1" 200 167
::1 - - [25/Sep/2025:12:16:53 +0530] "GET /forensic_analysis HTTP/1.1" 200 12998
::1 - - [25/Sep/2025:12:16:55 +0530] "GET /recovered_files HTTP/1.1" 200 6887
::1 - - [25/Sep/2025:12:16:56 +0530] "GET /auto_carving_setup HTTP/1.1" 200 20099
::1 - - [25/Sep/2025:12:17:00 +0530] "POST /auto_carving_setup HTTP/1.1" 302 229
::1 - - [25/Sep/2025:12:17:00 +0530] "GET /auto_carving_process HTTP/1.1" 200 8906
::1 - - [25/Sep/2025:12:17:01 +0530] "GET /carving_status HTTP/1.1" 200 12190
::1 - - [25/Sep/2025:12:17:04 +0530] "GET /recovered_files HTTP/1.1" 200 6887
::1 - - [25/Sep/2025:12:17:06 +0530] "GET /debug_carved_files HTTP/1.1" 200 106
::1 - - [25/Sep/2025:12:24:00 +0530] "GET /recovered_files HTTP/1.1" 302 219
::1 - - [25/Sep/2025:12:24:03 +0530] "GET /evidence_upload HTTP/1.1" 200 14054
::1 - - [25/Sep/2025:12:24:06 +0530] "GET /load_evidence/8 HTTP/1.1" 302 247
::1 - - [25/Sep/2025:12:24:06 +0530] "GET /decryption/SuspectData.dd.enc HTTP/1.1" 200 7734
::1 - - [25/Sep/2025:12:24:10 +0530] "POST /decryption/SuspectData.dd.enc HTTP/1.1" 302 265
::1 - - [25/Sep/2025:12:24:10 +0530] "GET /decryption_progress/SuspectData.dd.enc HTTP/1.1" 200 9937
::1 - - [25/Sep/2025:12:24:11 +0530] "GET /decryption_status HTTP/1.1" 200 193
::1 - - [25/Sep/2025:12:24:12 +0530] "GET /decryption_status HTTP/1.1" 200 167
::1 - - [25/Sep/2025:12:24:13 +0530] "GET /recovered_files HTTP/1.1" 200 6887
::1 - - [25/Sep/2025:12:24:14 +0530] "GET /auto_carving_setup HTTP/1.1" 200 20097
::1 - - [25/Sep/2025:12:24:19 +0530] "POST /run_auto_carving HTTP/1.1" 302 229
::1 - - [25/Sep/2025:12:24:19 +0530] "GET /auto_carving_process HTTP/1.1" 200 8906
::1 - - [25/Sep/2025:12:24:20 +0530] "GET /carving_status HTTP/1.1" 200 12190
::1 - - [25/Sep/2025:12:24:23 +0530] "GET /recovered_files HTTP/1.1" 200 6887
::1 - - [25/Sep/2025:12:24:25 +0530] "GET /auto_carving_setup HTTP/1.1" 200 20097
::1 - - [25/Sep/2025:12:24:32 +0530] "POST /run_auto_carving HTTP/1.1" 302 229
::1 - - [25/Sep/2025:12:24:32 +0530] "GET /auto_carving_process HTTP/1.1" 200 8906
::1 - - [25/Sep/2025:12:24:32 +0530] "GET /carving_status HTTP/1.1" 200 12190
::1 - - [25/Sep/2025:12:24:51 +0530] "GET /recovered_files HTTP/1.1" 200 6887
::1 - - [25/Sep/2025:12:25:01 +0530] "GET /debug_carved_files HTTP/1.1" 200 106
::1 - - [25/Sep/2025:12:34:34 +0530] "GET /recovered_files HTTP/1.1" 302 219
::1 - - [25/Sep/2025:12:34:37 +0530] "GET /evidence_upload HTTP/1.1" 200 14054
::1 - - [25/Sep/2025:12:37:30 +0530] "GET /load_evidence/8 HTTP/1.1" 302 247
::1 - - [25/Sep/2025:12:37:30 +0530] "GET /decryption/SuspectData.dd.enc HTTP/1.1" 200 7734
::1 - - [25/Sep/2025:12:37:35 +0530] "POST /decryption/SuspectData.dd.enc HTTP/1.1" 302 265
::1 - - [25/Sep/2025:12:37:35 +0530] "GET /decryption_progress/SuspectData.dd.enc HTTP/1.1" 200 9937
::1 - - [25/Sep/2025:12:37:35 +0530] "GET /decryption_status HTTP/1.1" 200 193
::1 - - [25/Sep/2025:12:37:37 +0530] "GET /decryption_status HTTP/1.1" 200 167
::1 - - [25/Sep/2025:12:37:38 +0530] "GET /forensic_analysis HTTP/1.1" 200 12998
::1 - - [25/Sep/2025:12:37:39 +0530] "GET /auto_carving_setup HTTP/1.1" 200 20097
::1 - - [25/Sep/2025:12:37:46 +0530] "POST /run_auto_carving HTTP/1.1" 302 229
::1 - - [25/Sep/2025:12:37:46 +0530] "GET /auto_carving_process HTTP/1.1" 200 8906
::1 - - [25/Sep/2025:12:37:46 +0530] "GET /carving_status HTTP/1.1" 200 12190
::1 - - [25/Sep/2025:12:37:48 +0530] "GET /recovered_files HTTP/1.1" 200 6887
::1 - - [25/Sep/2025:12:37:51 +0530] "GET /debug_carved_files HTTP/1.1" 200 108
::1 - - [25/Sep/2025:13:38:09 +0530] "GET / HTTP/1.1" 302 219
::1 - - [25/Sep/2025:13:38:14 +0530] "GET /evidence_upload HTTP/1.1" 200 13955
::1 - - [25/Sep/2025:13:38:15 +0530] "GET /favicon.ico HTTP/1.1" 404 207
::1 - - [25/Sep/2025:13:38:21 +0530] "GET /remove_from_db/8 HTTP/1.1" 302 219
::1 - - [25/Sep/2025:13:38:21 +0530] "GET /evidence_upload HTTP/1.1" 200 13336
::1 - - [25/Sep/2025:13:38:29 +0530] "POST /evidence_upload HTTP/1.1" 302 253
::1 - - [25/Sep/2025:13:38:32 +0530] "GET /load_evidence/10?new_upload=True HTTP/1.1" 302 247
::1 - - [25/Sep/2025:13:38:32 +0530] "GET /decryption/SuspectData.dd.enc HTTP/1.1" 200 7745
::1 - - [25/Sep/2025:13:38:32 +0530] "GET /decryption/SuspectData.dd.enc HTTP/1.1" 200 7615
::1 - - [25/Sep/2025:13:38:37 +0530] "POST /decryption/SuspectData.dd.enc HTTP/1.1" 302 265
::1 - - [25/Sep/2025:13:38:37 +0530] "GET /decryption_progress/SuspectData.dd.enc HTTP/1.1" 200 9937
::1 - - [25/Sep/2025:13:38:37 +0530] "GET /decryption_status HTTP/1.1" 200 193
::1 - - [25/Sep/2025:13:38:39 +0530] "GET /decryption_status HTTP/1.1" 200 167
::1 - - [25/Sep/2025:13:38:40 +0530] "GET /forensic_analysis HTTP/1.1" 200 12998
::1 - - [25/Sep/2025:13:38:42 +0530] "GET /auto_carving_setup HTTP/1.1" 200 20097
::1 - - [25/Sep/2025:13:38:47 +0530] "POST /run_auto_carving HTTP/1.1" 302 229
::1 - - [25/Sep/2025:13:38:47 +0530] "GET /auto_carving_process HTTP/1.1" 200 8906
::1 - - [25/Sep/2025:13:38:47 +0530] "GET /carving_status HTTP/1.1" 200 12190
::1 - - [25/Sep/2025:13:38:51 +0530] "GET /recovered_files HTTP/1.1" 200 6887
::1 - - [25/Sep/2025:14:06:11 +0530] "GET / HTTP/1.1" 500 530
::1 - - [25/Sep/2025:14:06:13 +0530] "GET / HTTP/1.1" 500 530
::1 - - [25/Sep/2025:14:08:42 +0530] "GET / HTTP/1.1" 500 530
::1 - - [25/Sep/2025:14:08:44 +0530] "GET / HTTP/1.1" 500 530
::1 - - [25/Sep/2025:14:39:19 +0530] "GET / HTTP/1.1" 302 219
::1 - - [25/Sep/2025:14:39:22 +0530] "GET /evidence_upload HTTP/1.1" 200 13933
::1 - - [25/Sep/2025:14:40:27 +0530] "GET /load_evidence/10 HTTP/1.1" 302 247
::1 - - [25/Sep/2025:14:40:27 +0530] "GET /decryption/SuspectData.dd.enc HTTP/1.1" 200 7465
::1 - - [25/Sep/2025:14:52:18 +0530] "POST /decryption/SuspectData.dd.enc HTTP/1.1" 302 265
::1 - - [25/Sep/2025:14:52:18 +0530] "GET /decryption_progress/SuspectData.dd.enc HTTP/1.1" 200 9668
::1 - - [25/Sep/2025:14:53:01 +0530] "GET /decryption_status HTTP/1.1" 200 167
::1 - - [25/Sep/2025:14:58:14 +0530] "GET /forensic_analysis HTTP/1.1" 200 12729
::1 - - [25/Sep/2025:14:59:16 +0530] "GET /auto_carving_setup HTTP/1.1" 200 19828
::1 - - [25/Sep/2025:14:59:21 +0530] "POST /run_auto_carving HTTP/1.1" 302 229
::1 - - [25/Sep/2025:14:59:21 +0530] "GET /auto_carving_process HTTP/1.1" 200 8637
::1 - - [25/Sep/2025:14:59:22 +0530] "GET /carving_status HTTP/1.1" 200 12190
::1 - - [25/Sep/2025:14:59:25 +0530] "GET /recovered_files HTTP/1.1" 200 6618
::1 - - [25/Sep/2025:14:59:27 +0530] "GET /debug_carved_files HTTP/1.1" 200 108
::1 - - [25/Sep/2025:15:07:38 +0530] "GET /recovered_files HTTP/1.1" 302 219
::1 - - [25/Sep/2025:15:07:41 +0530] "GET /evidence_upload HTTP/1.1" 200 14032
::1 - - [25/Sep/2025:15:09:58 +0530] "GET /load_evidence/10 HTTP/1.1" 302 247
::1 - - [25/Sep/2025:15:09:58 +0530] "GET /decryption/SuspectData.dd.enc HTTP/1.1" 200 7465
::1 - - [25/Sep/2025:15:10:46 +0530] "POST /decryption/SuspectData.dd.enc HTTP/1.1" 302 265
::1 - - [25/Sep/2025:15:10:46 +0530] "GET /decryption_progress/SuspectData.dd.enc HTTP/1.1" 200 9668
::1 - - [25/Sep/2025:15:11:29 +0530] "GET /decryption_status HTTP/1.1" 200 202
::1 - - [25/Sep/2025:15:11:55 +0530] "GET /decryption/SuspectData.dd.enc HTTP/1.1" 200 7346
::1 - - [25/Sep/2025:15:12:49 +0530] "POST /decryption/SuspectData.dd.enc HTTP/1.1" 302 265
::1 - - [25/Sep/2025:15:12:49 +0530] "GET /decryption_progress/SuspectData.dd.enc HTTP/1.1" 200 9668
::1 - - [25/Sep/2025:15:13:31 +0530] "GET /decryption_status HTTP/1.1" 200 167
::1 - - [25/Sep/2025:15:13:34 +0530] "GET /forensic_analysis HTTP/1.1" 200 12729
::1 - - [25/Sep/2025:15:14:19 +0530] "GET /auto_carving_setup HTTP/1.1" 500 265
::1 - - [25/Sep/2025:15:14:23 +0530] "GET /auto_carving_setup HTTP/1.1" 500 265
::1 - - [25/Sep/2025:15:19:46 +0530] "GET /auto_carving_setup HTTP/1.1" 302 219
::1 - - [25/Sep/2025:15:19:48 +0530] "GET /evidence_upload HTTP/1.1" 200 14040
::1 - - [25/Sep/2025:15:20:37 +0530] "GET /load_evidence/10 HTTP/1.1" 302 247
::1 - - [25/Sep/2025:15:20:37 +0530] "GET /decryption/SuspectData.dd.enc HTTP/1.1" 200 7465
::1 - - [25/Sep/2025:15:21:24 +0530] "POST /decryption/SuspectData.dd.enc HTTP/1.1" 302 265
::1 - - [25/Sep/2025:15:21:24 +0530] "GET /decryption_progress/SuspectData.dd.enc HTTP/1.1" 200 9668
::1 - - [25/Sep/2025:15:22:07 +0530] "GET /decryption_status HTTP/1.1" 200 167
::1 - - [25/Sep/2025:15:22:09 +0530] "GET /forensic_analysis HTTP/1.1" 200 12729
::1 - - [25/Sep/2025:15:23:02 +0530] "GET /auto_carving_setup HTTP/1.1" 200 19828
::1 - - [25/Sep/2025:15:25:14 +0530] "POST /run_auto_carving HTTP/1.1" 302 229
::1 - - [25/Sep/2025:15:25:14 +0530] "GET /auto_carving_process HTTP/1.1" 200 9058
::1 - - [25/Sep/2025:15:25:14 +0530] "GET /carving_status HTTP/1.1" 200 12190
::1 - - [25/Sep/2025:15:25:17 +0530] "GET /recovered_files HTTP/1.1" 200 6618
::1 - - [25/Sep/2025:15:27:26 +0530] "GET /recovered_files HTTP/1.1" 200 6618
::1 - - [25/Sep/2025:15:28:11 +0530] "GET /auto_carving_setup HTTP/1.1" 200 19828
::1 - - [25/Sep/2025:15:29:22 +0530] "POST /run_auto_carving HTTP/1.1" 302 229
::1 - - [25/Sep/2025:15:29:23 +0530] "GET /auto_carving_process HTTP/1.1" 200 9058
::1 - - [25/Sep/2025:15:29:44 +0530] "GET /carving_status HTTP/1.1" 200 12190
::1 - - [25/Sep/2025:15:30:15 +0530] "GET /recovered_files HTTP/1.1" 200 6618
::1 - - [25/Sep/2025:15:30:19 +0530] "GET /debug_carved_files HTTP/1.1" 200 108
::1 - - [25/Sep/2025:15:32:45 +0530] "GET /evidence_upload HTTP/1.1" 200 16339
::1 - - [25/Sep/2025:15:33:31 +0530] "GET /forensic_analysis HTTP/1.1" 200 12729
::1 - - [25/Sep/2025:15:33:55 +0530] "GET /auto_carving_setup HTTP/1.1" 200 19828
::1 - - [25/Sep/2025:15:34:00 +0530] "POST /run_auto_carving HTTP/1.1" 302 229
::1 - - [25/Sep/2025:15:34:00 +0530] "GET /auto_carving_process HTTP/1.1" 200 9058
::1 - - [25/Sep/2025:15:34:00 +0530] "GET /carving_status HTTP/1.1" 200 12190
::1 - - [25/Sep/2025:15:34:03 +0530] "GET /recovered_files HTTP/1.1" 200 6618
::1 - - [25/Sep/2025:15:34:05 +0530] "GET /auto_carving_setup HTTP/1.1" 200 19828
::1 - - [25/Sep/2025:15:34:10 +0530] "POST /run_auto_carving HTTP/1.1" 302 229
::1 - - [25/Sep/2025:15:34:10 +0530] "GET /auto_carving_process HTTP/1.1" 200 9058
::1 - - [25/Sep/2025:15:34:11 +0530] "GET /carving_status HTTP/1.1" 200 12181
::1 - - [25/Sep/2025:15:34:30 +0530] "GET /recovered_files HTTP/1.1" 200 6618
::1 - - [25/Sep/2025:15:39:46 +0530] "GET /recovered_files HTTP/1.1" 500 530
::1 - - [25/Sep/2025:15:40:07 +0530] "GET /recovered_files HTTP/1.1" 500 530
::1 - - [25/Sep/2025:15:44:11 +0530] "GET /recovered_files HTTP/1.1" 302 219
::1 - - [25/Sep/2025:15:44:14 +0530] "GET /evidence_upload HTTP/1.1" 200 14060
::1 - - [25/Sep/2025:15:44:18 +0530] "GET /load_evidence/10 HTTP/1.1" 302 247
::1 - - [25/Sep/2025:15:44:18 +0530] "GET /decryption/SuspectData.dd.enc HTTP/1.1" 200 7465
::1 - - [25/Sep/2025:15:44:22 +0530] "POST /decryption/SuspectData.dd.enc HTTP/1.1" 302 265
::1 - - [25/Sep/2025:15:44:22 +0530] "GET /decryption_progress/SuspectData.dd.enc HTTP/1.1" 200 9668
::1 - - [25/Sep/2025:15:44:23 +0530] "GET /decryption_status HTTP/1.1" 200 193
::1 - - [25/Sep/2025:15:44:24 +0530] "GET /decryption_status HTTP/1.1" 200 167
::1 - - [25/Sep/2025:15:44:26 +0530] "GET /forensic_analysis HTTP/1.1" 200 12729
::1 - - [25/Sep/2025:15:44:28 +0530] "GET /auto_carving_setup HTTP/1.1" 200 19828
::1 - - [25/Sep/2025:15:44:35 +0530] "POST /run_auto_carving HTTP/1.1" 302 229
::1 - - [25/Sep/2025:15:44:35 +0530] "GET /auto_carving_process HTTP/1.1" 200 9058
::1 - - [25/Sep/2025:15:44:35 +0530] "GET /carving_status HTTP/1.1" 200 12190
::1 - - [25/Sep/2025:15:44:38 +0530] "GET /recovered_files HTTP/1.1" 200 6827
::1 - - [25/Sep/2025:15:46:33 +0530] "GET /recovered_files HTTP/1.1" 302 219
::1 - - [25/Sep/2025:15:46:35 +0530] "GET /evidence_upload HTTP/1.1" 200 13933
::1 - - [25/Sep/2025:15:46:40 +0530] "GET /load_evidence/10 HTTP/1.1" 302 247
::1 - - [25/Sep/2025:15:46:40 +0530] "GET /decryption/SuspectData.dd.enc HTTP/1.1" 200 7465
::1 - - [25/Sep/2025:15:46:44 +0530] "POST /decryption/SuspectData.dd.enc HTTP/1.1" 302 265
::1 - - [25/Sep/2025:15:46:44 +0530] "GET /decryption_progress/SuspectData.dd.enc HTTP/1.1" 200 9668
::1 - - [25/Sep/2025:15:46:44 +0530] "GET /decryption_status HTTP/1.1" 200 193
::1 - - [25/Sep/2025:15:46:46 +0530] "GET /decryption_status HTTP/1.1" 200 167
::1 - - [25/Sep/2025:15:46:47 +0530] "GET /forensic_analysis HTTP/1.1" 200 12729
::1 - - [25/Sep/2025:15:46:49 +0530] "GET /auto_carving_setup HTTP/1.1" 200 19828
::1 - - [25/Sep/2025:15:46:53 +0530] "POST /run_auto_carving HTTP/1.1" 302 229
::1 - - [25/Sep/2025:15:46:53 +0530] "GET /auto_carving_process HTTP/1.1" 200 9058
::1 - - [25/Sep/2025:15:46:54 +0530] "GET /carving_status HTTP/1.1" 200 12190
::1 - - [25/Sep/2025:15:46:56 +0530] "GET /recovered_files HTTP/1.1" 200 6885
::1 - - [25/Sep/2025:15:47:33 +0530] "GET /auto_carving_setup HTTP/1.1" 200 19828
::1 - - [25/Sep/2025:15:47:38 +0530] "POST /run_auto_carving HTTP/1.1" 302 229
::1 - - [25/Sep/2025:15:47:38 +0530] "GET /auto_carving_process HTTP/1.1" 200 9058
::1 - - [25/Sep/2025:15:48:20 +0530] "GET /carving_status HTTP/1.1" 200 12190
::1 - - [25/Sep/2025:15:49:18 +0530] "GET /recovered_files HTTP/1.1" 200 6861
::1 - - [25/Sep/2025:15:50:33 +0530] "GET /evidence_upload HTTP/1.1" 200 13933
::1 - - [25/Sep/2025:15:51:08 +0530] "GET / HTTP/1.1" 302 219
::1 - - [25/Sep/2025:15:51:08 +0530] "GET /evidence_upload HTTP/1.1" 200 13933
::1 - - [25/Sep/2025:15:51:21 +0530] "GET /load_evidence/10 HTTP/1.1" 302 247
::1 - - [25/Sep/2025:15:51:21 +0530] "GET /decryption/SuspectData.dd.enc HTTP/1.1" 200 7465
::1 - - [25/Sep/2025:15:51:58 +0530] "POST /decryption/SuspectData.dd.enc HTTP/1.1" 302 265
::1 - - [25/Sep/2025:15:51:58 +0530] "GET /decryption_progress/SuspectData.dd.enc HTTP/1.1" 200 9668
::1 - - [25/Sep/2025:15:52:03 +0530] "GET /decryption_status HTTP/1.1" 200 167
::1 - - [25/Sep/2025:15:52:06 +0530] "GET /forensic_analysis HTTP/1.1" 200 12729
::1 - - [25/Sep/2025:15:52:48 +0530] "GET /auto_carving_setup HTTP/1.1" 200 19828
::1 - - [25/Sep/2025:15:52:53 +0530] "POST /run_auto_carving HTTP/1.1" 302 229
::1 - - [25/Sep/2025:15:52:53 +0530] "GET /auto_carving_process HTTP/1.1" 200 9058
::1 - - [25/Sep/2025:15:52:53 +0530] "GET /carving_status HTTP/1.1" 200 12190
::1 - - [25/Sep/2025:15:52:55 +0530] "GET /recovered_files HTTP/1.1" 200 6885
::1 - - [25/Sep/2025:15:54:35 +0530] "GET /evidence_upload HTTP/1.1" 200 16339
::1 - - [25/Sep/2025:15:54:37 +0530] "GET /evidence_upload HTTP/1.1" 200 16339
::1 - - [25/Sep/2025:15:55:05 +0530] "GET /forensic_analysis HTTP/1.1" 200 12729
::1 - - [25/Sep/2025:15:55:08 +0530] "GET /auto_carving_setup HTTP/1.1" 200 19828
::1 - - [25/Sep/2025:15:55:13 +0530] "POST /run_auto_carving HTTP/1.1" 302 229
::1 - - [25/Sep/2025:15:55:13 +0530] "GET /auto_carving_process HTTP/1.1" 200 9058
::1 - - [25/Sep/2025:15:55:13 +0530] "GET /carving_status HTTP/1.1" 200 12190
::1 - - [25/Sep/2025:15:55:30 +0530] "GET /recovered_files HTTP/1.1" 200 6885
::1 - - [25/Sep/2025:15:59:02 +0530] "GET /recovered_files HTTP/1.1" 302 219
::1 - - [25/Sep/2025:15:59:04 +0530] "GET /evidence_upload HTTP/1.1" 200 14060
::1 - - [25/Sep/2025:16:00:00 +0530] "GET /load_evidence/10 HTTP/1.1" 302 247
::1 - - [25/Sep/2025:16:00:00 +0530] "GET /decryption/SuspectData.dd.enc HTTP/1.1" 200 7465
::1 - - [25/Sep/2025:16:00:50 +0530] "POST /decryption/SuspectData.dd.enc HTTP/1.1" 302 265
::1 - - [25/Sep/2025:16:00:50 +0530] "GET /decryption_progress/SuspectData.dd.enc HTTP/1.1" 200 9668
::1 - - [25/Sep/2025:16:01:11 +0530] "GET /decryption_status HTTP/1.1" 200 167
::1 - - [25/Sep/2025:16:01:16 +0530] "GET /forensic_analysis HTTP/1.1" 200 12729
::1 - - [25/Sep/2025:16:01:48 +0530] "GET /auto_carving_setup HTTP/1.1" 200 19828
::1 - - [25/Sep/2025:16:02:11 +0530] "POST /run_auto_carving HTTP/1.1" 302 229
::1 - - [25/Sep/2025:16:02:11 +0530] "GET /auto_carving_process HTTP/1.1" 200 9058
::1 - - [25/Sep/2025:16:02:12 +0530] "GET /carving_status HTTP/1.1" 200 12190
::1 - - [25/Sep/2025:16:02:15 +0530] "GET /recovered_files HTTP/1.1" 200 15655
::1 - - [25/Sep/2025:16:02:18 +0530] "GET /hex_view_carved/carved_1.jpeg HTTP/1.1" 200 128581
::1 - - [25/Sep/2025:16:02:22 +0530] "GET /view_carved_file/carved_1.jpeg HTTP/1.1" 200 879
::1 - - [25/Sep/2025:16:02:24 +0530] "GET /view_carved_file/carved_1.jpeg HTTP/1.1" 200 879
::1 - - [25/Sep/2025:16:02:56 +0530] "GET /deleted_files HTTP/1.1" 200 10249
::1 - - [25/Sep/2025:16:02:57 +0530] "GET /deleted_scan_status HTTP/1.1" 200 100
::1 - - [25/Sep/2025:16:03:00 +0530] "GET /deleted_files?rescan=true HTTP/1.1" 200 10249
::1 - - [25/Sep/2025:16:03:01 +0530] "GET /deleted_scan_status HTTP/1.1" 200 117
::1 - - [25/Sep/2025:16:03:03 +0530] "GET /deleted_scan_status HTTP/1.1" 200 117
::1 - - [25/Sep/2025:16:03:05 +0530] "GET /deleted_scan_status HTTP/1.1" 200 117
::1 - - [25/Sep/2025:16:03:07 +0530] "GET /deleted_scan_status HTTP/1.1" 200 494
::1 - - [25/Sep/2025:17:10:10 +0530] "GET / HTTP/1.1" 302 219
::1 - - [25/Sep/2025:17:10:14 +0530] "GET /evidence_upload HTTP/1.1" 200 13933
::1 - - [25/Sep/2025:17:10:14 +0530] "GET / HTTP/1.1" 302 219
::1 - - [25/Sep/2025:17:10:14 +0530] "GET /evidence_upload HTTP/1.1" 200 13933
::1 - - [25/Sep/2025:17:10:25 +0530] "GET /load_evidence/10 HTTP/1.1" 302 247
::1 - - [25/Sep/2025:17:10:25 +0530] "GET /decryption/SuspectData.dd.enc HTTP/1.1" 200 7465
::1 - - [25/Sep/2025:17:10:30 +0530] "POST /decryption/SuspectData.dd.enc HTTP/1.1" 302 265
::1 - - [25/Sep/2025:17:10:30 +0530] "GET /decryption_progress/SuspectData.dd.enc HTTP/1.1" 200 9668
::1 - - [25/Sep/2025:17:10:31 +0530] "GET /decryption_status HTTP/1.1" 200 193
::1 - - [25/Sep/2025:17:10:32 +0530] "GET /decryption_status HTTP/1.1" 200 167
::1 - - [25/Sep/2025:17:10:33 +0530] "GET /forensic_analysis HTTP/1.1" 200 12729
::1 - - [25/Sep/2025:17:10:34 +0530] "GET /auto_carving_setup HTTP/1.1" 200 19828
::1 - - [25/Sep/2025:17:10:39 +0530] "POST /run_auto_carving HTTP/1.1" 302 229
::1 - - [25/Sep/2025:17:10:39 +0530] "GET /auto_carving_process HTTP/1.1" 200 9058
::1 - - [25/Sep/2025:17:10:40 +0530] "GET /carving_status HTTP/1.1" 200 12190
::1 - - [25/Sep/2025:17:10:42 +0530] "GET /recovered_files HTTP/1.1" 200 15655
::1 - - [25/Sep/2025:17:10:44 +0530] "GET /view_carved_file/carved_1.jpeg HTTP/1.1" 200 1284
::1 - - [25/Sep/2025:17:10:44 +0530] "GET /serve_file_data/carved/carved_1.jpeg HTTP/1.1" 200 25209
::1 - - [25/Sep/2025:17:10:47 +0530] "GET /view_carved_file/carved_2.jpeg HTTP/1.1" 200 1284
::1 - - [25/Sep/2025:17:10:47 +0530] "GET /serve_file_data/carved/carved_2.jpeg HTTP/1.1" 200 117823
::1 - - [25/Sep/2025:17:10:49 +0530] "GET /hex_view_carved/carved_1.jpeg HTTP/1.1" 200 128581
::1 - - [25/Sep/2025:17:10:53 +0530] "GET /deleted_files HTTP/1.1" 200 10249
::1 - - [25/Sep/2025:17:10:53 +0530] "GET /deleted_scan_status HTTP/1.1" 200 100
::1 - - [25/Sep/2025:17:10:55 +0530] "GET /deleted_files?rescan=true HTTP/1.1" 200 10249
::1 - - [25/Sep/2025:17:10:55 +0530] "GET /deleted_scan_status HTTP/1.1" 200 117
::1 - - [25/Sep/2025:17:10:57 +0530] "GET /deleted_scan_status HTTP/1.1" 200 117
::1 - - [25/Sep/2025:17:10:59 +0530] "GET /deleted_scan_status HTTP/1.1" 200 494
::1 - - [25/Sep/2025:17:11:01 +0530] "GET /view_deleted_file/7 HTTP/1.1" 404 46
::1 - - [25/Sep/2025:17:11:06 +0530] "GET /view_deleted_file/37 HTTP/1.1" 404 46
::1 - - [25/Sep/2025:17:46:56 +0530] "GET /deleted_files?rescan=true HTTP/1.1" 302 219
::1 - - [25/Sep/2025:17:46:59 +0530] "GET /evidence_upload HTTP/1.1" 200 14032
::1 - - [25/Sep/2025:17:47:04 +0530] "GET /load_evidence/10 HTTP/1.1" 302 247
::1 - - [25/Sep/2025:17:47:04 +0530] "GET /decryption/SuspectData.dd.enc HTTP/1.1" 200 7465
::1 - - [25/Sep/2025:17:47:08 +0530] "POST /decryption/SuspectData.dd.enc HTTP/1.1" 302 265
::1 - - [25/Sep/2025:17:47:08 +0530] "GET /decryption_progress/SuspectData.dd.enc HTTP/1.1" 200 9668
::1 - - [25/Sep/2025:17:47:08 +0530] "GET /decryption_status HTTP/1.1" 200 193
::1 - - [25/Sep/2025:17:47:09 +0530] "GET /decryption_status HTTP/1.1" 200 167
::1 - - [25/Sep/2025:17:47:10 +0530] "GET /forensic_analysis HTTP/1.1" 200 12729
::1 - - [25/Sep/2025:17:47:12 +0530] "GET /auto_carving_setup HTTP/1.1" 200 19828
::1 - - [25/Sep/2025:17:47:16 +0530] "POST /run_auto_carving HTTP/1.1" 302 229
::1 - - [25/Sep/2025:17:47:16 +0530] "GET /auto_carving_process HTTP/1.1" 200 9058
::1 - - [25/Sep/2025:17:47:16 +0530] "GET /carving_status HTTP/1.1" 200 12190
::1 - - [25/Sep/2025:17:47:18 +0530] "GET /recovered_files HTTP/1.1" 500 265
::1 - - [25/Sep/2025:17:49:34 +0530] "GET /auto_carving_process HTTP/1.1" 302 219
::1 - - [25/Sep/2025:17:49:36 +0530] "GET /evidence_upload HTTP/1.1" 200 14032
::1 - - [25/Sep/2025:17:49:39 +0530] "GET /load_evidence/10 HTTP/1.1" 302 247
::1 - - [25/Sep/2025:17:49:39 +0530] "GET /decryption/SuspectData.dd.enc HTTP/1.1" 200 7465
::1 - - [25/Sep/2025:17:49:43 +0530] "POST /decryption/SuspectData.dd.enc HTTP/1.1" 302 265
::1 - - [25/Sep/2025:17:49:43 +0530] "GET /decryption_progress/SuspectData.dd.enc HTTP/1.1" 200 9668
::1 - - [25/Sep/2025:17:49:43 +0530] "GET /decryption_status HTTP/1.1" 200 193
::1 - - [25/Sep/2025:17:49:44 +0530] "GET /decryption_status HTTP/1.1" 200 167
::1 - - [25/Sep/2025:17:49:45 +0530] "GET /forensic_analysis HTTP/1.1" 200 12729
::1 - - [25/Sep/2025:17:49:47 +0530] "GET /auto_carving_setup HTTP/1.1" 200 19828
::1 - - [25/Sep/2025:17:49:51 +0530] "POST /run_auto_carving HTTP/1.1" 302 229
::1 - - [25/Sep/2025:17:49:51 +0530] "GET /auto_carving_process HTTP/1.1" 200 9058
::1 - - [25/Sep/2025:17:49:52 +0530] "GET /carving_status HTTP/1.1" 200 12190
::1 - - [25/Sep/2025:17:49:55 +0530] "GET /recovered_files HTTP/1.1" 200 15655
::1 - - [25/Sep/2025:17:49:56 +0530] "GET /view_carved_file/carved_1.jpeg HTTP/1.1" 200 1284
::1 - - [25/Sep/2025:17:49:57 +0530] "GET /serve_file_data/carved/carved_1.jpeg HTTP/1.1" 200 25209
::1 - - [25/Sep/2025:17:49:59 +0530] "GET /deleted_files HTTP/1.1" 500 265
::1 - - [25/Sep/2025:17:52:45 +0530] "GET /deleted_files HTTP/1.1" 302 219
::1 - - [25/Sep/2025:17:52:47 +0530] "GET /evidence_upload HTTP/1.1" 200 14032
::1 - - [25/Sep/2025:17:52:50 +0530] "GET /load_evidence/10 HTTP/1.1" 302 247
::1 - - [25/Sep/2025:17:52:50 +0530] "GET /decryption/SuspectData.dd.enc HTTP/1.1" 200 7465
::1 - - [25/Sep/2025:17:52:54 +0530] "POST /decryption/SuspectData.dd.enc HTTP/1.1" 302 265
::1 - - [25/Sep/2025:17:52:54 +0530] "GET /decryption_progress/SuspectData.dd.enc HTTP/1.1" 200 9668
::1 - - [25/Sep/2025:17:52:54 +0530] "GET /decryption_status HTTP/1.1" 200 193
::1 - - [25/Sep/2025:17:52:56 +0530] "GET /decryption_status HTTP/1.1" 200 167
::1 - - [25/Sep/2025:17:52:56 +0530] "GET /forensic_analysis HTTP/1.1" 200 12729
::1 - - [25/Sep/2025:17:52:58 +0530] "GET /deleted_files HTTP/1.1" 200 6423
::1 - - [25/Sep/2025:17:53:00 +0530] "GET /deleted_files?rescan=true HTTP/1.1" 500 265
::1 - - [25/Sep/2025:17:56:53 +0530] "GET /deleted_files?rescan=true HTTP/1.1" 500 265
::1 - - [25/Sep/2025:17:57:20 +0530] "GET / HTTP/1.1" 302 219
::1 - - [25/Sep/2025:17:57:22 +0530] "GET /evidence_upload HTTP/1.1" 200 13933
::1 - - [25/Sep/2025:17:57:23 +0530] "GET / HTTP/1.1" 302 219
::1 - - [25/Sep/2025:17:57:23 +0530] "GET /evidence_upload HTTP/1.1" 200 13933
::1 - - [25/Sep/2025:17:58:09 +0530] "GET /load_evidence/10 HTTP/1.1" 302 247
::1 - - [25/Sep/2025:17:58:09 +0530] "GET /decryption/SuspectData.dd.enc HTTP/1.1" 200 7465
::1 - - [25/Sep/2025:17:58:13 +0530] "POST /decryption/SuspectData.dd.enc HTTP/1.1" 302 265
::1 - - [25/Sep/2025:17:58:13 +0530] "GET /decryption_progress/SuspectData.dd.enc HTTP/1.1" 200 9668
::1 - - [25/Sep/2025:17:58:13 +0530] "GET /decryption_status HTTP/1.1" 200 193
::1 - - [25/Sep/2025:17:58:14 +0530] "GET /decryption_status HTTP/1.1" 200 167
::1 - - [25/Sep/2025:17:58:15 +0530] "GET /forensic_analysis HTTP/1.1" 200 12729
::1 - - [25/Sep/2025:17:58:16 +0530] "GET /deleted_files HTTP/1.1" 500 265
::1 - - [25/Sep/2025:17:58:58 +0530] "GET /auto_carving_setup HTTP/1.1" 200 19828
::1 - - [25/Sep/2025:17:59:01 +0530] "POST /run_auto_carving HTTP/1.1" 302 229
::1 - - [25/Sep/2025:17:59:01 +0530] "GET /auto_carving_process HTTP/1.1" 200 9058
::1 - - [25/Sep/2025:17:59:01 +0530] "GET /carving_status HTTP/1.1" 200 12190
::1 - - [25/Sep/2025:17:59:04 +0530] "GET /recovered_files HTTP/1.1" 200 15655
::1 - - [25/Sep/2025:17:59:05 +0530] "GET /view_carved_file/carved_6.jpeg HTTP/1.1" 200 1284
::1 - - [25/Sep/2025:17:59:05 +0530] "GET /serve_file_data/carved/carved_6.jpeg HTTP/1.1" 200 72391
::1 - - [25/Sep/2025:17:59:09 +0530] "GET /timeline_analysis HTTP/1.1" 200 10368
::1 - - [25/Sep/2025:17:59:11 +0530] "GET /timeline_status HTTP/1.1" 500 265
::1 - - [25/Sep/2025:17:59:14 +0530] "GET /start_timeline_analysis HTTP/1.1" 500 265
::1 - - [25/Sep/2025:17:59:16 +0530] "GET /log_file_viewer HTTP/1.1" 200 7823
::1 - - [25/Sep/2025:17:59:19 +0530] "GET /event_log_viewer HTTP/1.1" 200 7865
::1 - - [25/Sep/2025:17:59:21 +0530] "GET /reporting HTTP/1.1" 200 6944
::1 - - [25/Sep/2025:17:59:23 +0530] "GET /auto_carving_setup HTTP/1.1" 200 19828
::1 - - [25/Sep/2025:18:04:19 +0530] "GET /auto_carving_setup HTTP/1.1" 302 219
::1 - - [25/Sep/2025:18:04:23 +0530] "GET /evidence_upload HTTP/1.1" 200 14040
::1 - - [25/Sep/2025:18:04:29 +0530] "GET /load_evidence/10 HTTP/1.1" 302 247
::1 - - [25/Sep/2025:18:04:29 +0530] "GET /decryption/SuspectData.dd.enc HTTP/1.1" 200 7465
::1 - - [25/Sep/2025:18:04:33 +0530] "POST /decryption/SuspectData.dd.enc HTTP/1.1" 302 265
::1 - - [25/Sep/2025:18:04:33 +0530] "GET /decryption_progress/SuspectData.dd.enc HTTP/1.1" 200 9668
::1 - - [25/Sep/2025:18:04:34 +0530] "GET /decryption_status HTTP/1.1" 200 193
::1 - - [25/Sep/2025:18:04:35 +0530] "GET /decryption_status HTTP/1.1" 200 167
::1 - - [25/Sep/2025:18:04:38 +0530] "GET /forensic_analysis HTTP/1.1" 200 12729
::1 - - [25/Sep/2025:18:04:39 +0530] "GET /deleted_files HTTP/1.1" 200 9306
::1 - - [25/Sep/2025:18:04:42 +0530] "GET /deleted_files?rescan=true HTTP/1.1" 302 229
::1 - - [25/Sep/2025:18:04:42 +0530] "GET /deleted_files_status HTTP/1.1" 200 7160
::1 - - [25/Sep/2025:18:04:42 +0530] "GET /deleted_scan_status HTTP/1.1" 200 121
::1 - - [25/Sep/2025:18:04:44 +0530] "GET /deleted_files HTTP/1.1" 200 9306
::1 - - [25/Sep/2025:18:04:47 +0530] "GET /view_deleted_file/deleted_inode_37_funny-cat-pictures-027-021.jpg HTTP/1.1" 200 1397
::1 - - [25/Sep/2025:18:04:47 +0530] "GET /serve_file_data/deleted_recovered/deleted_inode_37_funny-cat-pictures-027-021.jpg HTTP/1.1" 200 27224
::1 - - [25/Sep/2025:18:04:50 +0530] "GET /hex_view_deleted/deleted_inode_37_funny-cat-pictures-027-021.jpg HTTP/1.1" 200 138424
::1 - - [25/Sep/2025:18:04:53 +0530] "GET /timeline_analysis HTTP/1.1" 200 10368
::1 - - [25/Sep/2025:18:04:53 +0530] "GET /timeline_status HTTP/1.1" 500 265
::1 - - [25/Sep/2025:18:04:55 +0530] "GET /recovered_files HTTP/1.1" 500 265
::1 - - [25/Sep/2025:18:04:59 +0530] "GET /recovered_files HTTP/1.1" 500 265
::1 - - [25/Sep/2025:18:28:13 +0530] "GET / HTTP/1.1" 302 219
::1 - - [25/Sep/2025:18:28:17 +0530] "GET /evidence_upload HTTP/1.1" 200 13933
::1 - - [25/Sep/2025:18:28:20 +0530] "GET /load_evidence/9 HTTP/1.1" 302 223
::1 - - [25/Sep/2025:18:28:21 +0530] "GET /forensic_analysis HTTP/1.1" 200 14751
::1 - - [25/Sep/2025:18:28:21 +0530] "GET /hashing_status HTTP/1.1" 200 63
::1 - - [25/Sep/2025:18:28:23 +0530] "GET /hashing_status HTTP/1.1" 200 63
::1 - - [25/Sep/2025:18:28:23 +0530] "GET /auto_carving_setup HTTP/1.1" 200 19711
::1 - - [25/Sep/2025:18:28:28 +0530] "POST /run_auto_carving HTTP/1.1" 302 229
::1 - - [25/Sep/2025:18:28:28 +0530] "GET /auto_carving_process HTTP/1.1" 200 8941
::1 - - [25/Sep/2025:18:28:29 +0530] "GET /carving_status HTTP/1.1" 200 8173
::1 - - [25/Sep/2025:18:28:31 +0530] "GET /carving_status HTTP/1.1" 200 16214
::1 - - [25/Sep/2025:18:28:38 +0530] "GET /carving_status HTTP/1.1" 200 24267
::1 - - [25/Sep/2025:18:28:43 +0530] "GET /carving_status HTTP/1.1" 200 30976
::1 - - [25/Sep/2025:18:28:48 +0530] "GET /carving_status HTTP/1.1" 200 32327
::1 - - [25/Sep/2025:18:28:52 +0530] "GET /carving_status HTTP/1.1" 200 35014
::1 - - [25/Sep/2025:18:29:08 +0530] "GET /carving_status HTTP/1.1" 200 35014
::1 - - [25/Sep/2025:18:29:10 +0530] "GET /carving_status HTTP/1.1" 200 36352
::1 - - [25/Sep/2025:18:29:12 +0530] "GET /carving_status HTTP/1.1" 200 104622
::1 - - [25/Sep/2025:18:29:14 +0530] "GET /carving_status HTTP/1.1" 200 120321
::1 - - [25/Sep/2025:18:29:16 +0530] "GET /carving_status HTTP/1.1" 200 121663
::1 - - [25/Sep/2025:18:29:18 +0530] "GET /carving_status HTTP/1.1" 200 131047
::1 - - [25/Sep/2025:18:29:23 +0530] "GET /carving_status HTTP/1.1" 200 132386
::1 - - [25/Sep/2025:18:29:24 +0530] "GET /carving_status HTTP/1.1" 200 141785
::1 - - [25/Sep/2025:18:29:26 +0530] "GET /carving_status HTTP/1.1" 200 145811
::1 - - [25/Sep/2025:18:29:27 +0530] "GET /carving_status HTTP/1.1" 200 148496
::1 - - [25/Sep/2025:18:29:29 +0530] "GET /carving_status HTTP/1.1" 200 190138
::1 - - [25/Sep/2025:18:29:30 +0530] "GET /carving_status HTTP/1.1" 200 225070
::1 - - [25/Sep/2025:18:29:31 +0530] "GET /carving_status HTTP/1.1" 200 229097
::1 - - [25/Sep/2025:18:29:32 +0530] "GET /carving_status HTTP/1.1" 200 323036
::1 - - [25/Sep/2025:18:29:34 +0530] "GET /carving_status HTTP/1.1" 200 332424
::1 - - [25/Sep/2025:18:29:37 +0530] "GET /carving_status HTTP/1.1" 200 332424
::1 - - [25/Sep/2025:18:29:38 +0530] "GET /carving_status HTTP/1.1" 200 337798
::1 - - [25/Sep/2025:18:29:39 +0530] "GET /carving_status HTTP/1.1" 200 343170
::1 - - [25/Sep/2025:18:29:52 +0530] "GET /carving_status HTTP/1.1" 200 344510
::1 - - [25/Sep/2025:18:29:57 +0530] "GET /carving_status HTTP/1.1" 200 345856
::1 - - [25/Sep/2025:18:29:59 +0530] "GET /carving_status HTTP/1.1" 200 345856
::1 - - [25/Sep/2025:18:30:24 +0530] "GET /carving_status HTTP/1.1" 200 345856
::1 - - [25/Sep/2025:18:29:53 +0530] "GET /auto_carving_setup HTTP/1.1" 200 19711
::1 - - [25/Sep/2025:18:31:01 +0530] "GET /recovered_files HTTP/1.1" 500 265
::1 - - [25/Sep/2025:18:31:26 +0530] "GET /recovered_files HTTP/1.1" 500 265
::1 - - [25/Sep/2025:18:33:27 +0530] "GET /recovered_files HTTP/1.1" 500 265
::1 - - [25/Sep/2025:18:33:29 +0530] "GET /recovered_files HTTP/1.1" 500 265
::1 - - [25/Sep/2025:18:33:57 +0530] "GET /auto_carving_setup HTTP/1.1" 302 219
::1 - - [25/Sep/2025:18:34:01 +0530] "GET /evidence_upload HTTP/1.1" 200 14040
::1 - - [25/Sep/2025:18:34:52 +0530] "GET /load_evidence/10 HTTP/1.1" 302 247
::1 - - [25/Sep/2025:18:34:52 +0530] "GET /decryption/SuspectData.dd.enc HTTP/1.1" 200 7362
::1 - - [25/Sep/2025:18:34:54 +0530] "GET /evidence_upload HTTP/1.1" 200 16443
::1 - - [25/Sep/2025:18:34:57 +0530] "GET /remove_file/SuspectData.dd.enc HTTP/1.1" 302 219
::1 - - [25/Sep/2025:18:34:57 +0530] "GET /evidence_upload HTTP/1.1" 200 14042
::1 - - [25/Sep/2025:18:34:59 +0530] "GET /load_evidence/9 HTTP/1.1" 302 223
::1 - - [25/Sep/2025:18:34:59 +0530] "GET /forensic_analysis HTTP/1.1" 200 14751
::1 - - [25/Sep/2025:18:35:00 +0530] "GET /hashing_status HTTP/1.1" 200 63
::1 - - [25/Sep/2025:18:35:01 +0530] "GET /auto_carving_setup HTTP/1.1" 200 19711
::1 - - [25/Sep/2025:18:35:05 +0530] "GET /recovered_files HTTP/1.1" 200 29040
::1 - - [25/Sep/2025:18:35:09 +0530] "GET /deleted_files HTTP/1.1" 200 9189
::1 - - [25/Sep/2025:18:35:11 +0530] "GET /deleted_files?rescan=true HTTP/1.1" 302 229
::1 - - [25/Sep/2025:18:35:11 +0530] "GET /deleted_files_status HTTP/1.1" 200 7043
::1 - - [25/Sep/2025:18:35:11 +0530] "GET /deleted_scan_status HTTP/1.1" 200 121
::1 - - [25/Sep/2025:18:35:13 +0530] "GET /deleted_files HTTP/1.1" 200 6306
::1 - - [25/Sep/2025:18:35:15 +0530] "GET /log_file_viewer HTTP/1.1" 200 7697
::1 - - [25/Sep/2025:18:35:18 +0530] "GET /recovered_files HTTP/1.1" 200 29040
::1 - - [25/Sep/2025:18:35:19 +0530] "GET /auto_carving_setup HTTP/1.1" 200 19711
::1 - - [25/Sep/2025:18:35:22 +0530] "GET /recovered_files HTTP/1.1" 200 29040
::1 - - [25/Sep/2025:18:35:26 +0530] "GET /view_carved_file/carved_1.jpeg HTTP/1.1" 200 1284
::1 - - [25/Sep/2025:18:35:26 +0530] "GET /serve_file_data/carved/carved_1.jpeg HTTP/1.1" 200 5784
::1 - - [25/Sep/2025:18:43:44 +0530] "GET /recovered_files HTTP/1.1" 302 219
::1 - - [25/Sep/2025:18:43:48 +0530] "GET /evidence_upload HTTP/1.1" 200 14060
::1 - - [25/Sep/2025:18:44:11 +0530] "GET /load_evidence/9 HTTP/1.1" 302 223
::1 - - [25/Sep/2025:18:44:11 +0530] "GET /forensic_analysis HTTP/1.1" 200 14751
::1 - - [25/Sep/2025:18:44:12 +0530] "GET /hashing_status HTTP/1.1" 200 63
::1 - - [25/Sep/2025:18:44:14 +0530] "GET /hashing_status HTTP/1.1" 200 63
::1 - - [25/Sep/2025:18:44:16 +0530] "GET /auto_carving_setup HTTP/1.1" 200 19711
::1 - - [25/Sep/2025:18:44:20 +0530] "POST /run_auto_carving HTTP/1.1" 302 229
::1 - - [25/Sep/2025:18:44:20 +0530] "GET /auto_carving_process HTTP/1.1" 200 8941
::1 - - [25/Sep/2025:18:44:20 +0530] "GET /carving_status HTTP/1.1" 200 8173
::1 - - [25/Sep/2025:18:44:23 +0530] "GET /carving_status HTTP/1.1" 200 16214
::1 - - [25/Sep/2025:18:44:30 +0530] "GET /carving_status HTTP/1.1" 200 24267
::1 - - [25/Sep/2025:18:44:35 +0530] "GET /carving_status HTTP/1.1" 200 30976
::1 - - [25/Sep/2025:18:44:42 +0530] "GET /carving_status HTTP/1.1" 200 32327
::1 - - [25/Sep/2025:18:44:46 +0530] "GET /carving_status HTTP/1.1" 200 33670
::1 - - [25/Sep/2025:18:44:51 +0530] "GET /carving_status HTTP/1.1" 200 35014
::1 - - [25/Sep/2025:18:44:56 +0530] "GET /carving_status HTTP/1.1" 200 35014
::1 - - [25/Sep/2025:18:44:57 +0530] "GET /carving_status HTTP/1.1" 200 35014
::1 - - [25/Sep/2025:18:45:02 +0530] "GET /recovered_files HTTP/1.1" 200 6501
::1 - - [25/Sep/2025:18:52:11 +0530] "GET /recovered_files HTTP/1.1" 302 219
::1 - - [25/Sep/2025:18:52:15 +0530] "GET /evidence_upload HTTP/1.1" 200 14060
::1 - - [25/Sep/2025:18:53:04 +0530] "GET /load_evidence/9 HTTP/1.1" 302 223
::1 - - [25/Sep/2025:18:53:04 +0530] "GET /forensic_analysis HTTP/1.1" 200 14751
::1 - - [25/Sep/2025:18:53:05 +0530] "GET /hashing_status HTTP/1.1" 200 63
::1 - - [25/Sep/2025:18:53:07 +0530] "GET /auto_carving_setup HTTP/1.1" 200 19711
::1 - - [25/Sep/2025:18:53:11 +0530] "POST /run_auto_carving HTTP/1.1" 302 229
::1 - - [25/Sep/2025:18:53:11 +0530] "GET /auto_carving_process HTTP/1.1" 200 8941
::1 - - [25/Sep/2025:18:53:11 +0530] "GET /carving_status HTTP/1.1" 200 8173
::1 - - [25/Sep/2025:18:53:14 +0530] "GET /carving_status HTTP/1.1" 200 16214
::1 - - [25/Sep/2025:18:53:20 +0530] "GET /carving_status HTTP/1.1" 200 24267
::1 - - [25/Sep/2025:18:53:25 +0530] "GET /carving_status HTTP/1.1" 200 30976
::1 - - [25/Sep/2025:18:53:29 +0530] "GET /carving_status HTTP/1.1" 200 32327
::1 - - [25/Sep/2025:18:53:35 +0530] "GET /carving_status HTTP/1.1" 200 33670
::1 - - [25/Sep/2025:18:53:43 +0530] "GET /carving_status HTTP/1.1" 200 35014
::1 - - [25/Sep/2025:18:53:56 +0530] "GET /carving_status HTTP/1.1" 200 36352
::1 - - [25/Sep/2025:18:53:59 +0530] "GET /carving_status HTTP/1.1" 200 104622
::1 - - [25/Sep/2025:18:54:01 +0530] "GET /carving_status HTTP/1.1" 200 121663
::1 - - [25/Sep/2025:18:54:04 +0530] "GET /carving_status HTTP/1.1" 200 131047
::1 - - [25/Sep/2025:18:54:12 +0530] "GET /carving_status HTTP/1.1" 200 141785
::1 - - [25/Sep/2025:18:54:16 +0530] "GET /carving_status HTTP/1.1" 200 145811
::1 - - [25/Sep/2025:18:54:18 +0530] "GET /carving_status HTTP/1.1" 200 148496
::1 - - [25/Sep/2025:18:54:20 +0530] "GET /carving_status HTTP/1.1" 200 184766
::1 - - [25/Sep/2025:18:54:21 +0530] "GET /carving_status HTTP/1.1" 200 226413
::1 - - [25/Sep/2025:18:54:22 +0530] "GET /carving_status HTTP/1.1" 200 229097
::1 - - [25/Sep/2025:18:54:24 +0530] "GET /carving_status HTTP/1.1" 200 243861
::1 - - [25/Sep/2025:18:54:25 +0530] "GET /carving_status HTTP/1.1" 200 332424
::1 - - [25/Sep/2025:18:54:29 +0530] "GET /carving_status HTTP/1.1" 200 332424
::1 - - [25/Sep/2025:18:54:30 +0530] "GET /carving_status HTTP/1.1" 200 343170
::1 - - [25/Sep/2025:18:54:32 +0530] "GET /carving_status HTTP/1.1" 200 344510
::1 - - [25/Sep/2025:18:54:37 +0530] "GET /carving_status HTTP/1.1" 200 345856
::1 - - [25/Sep/2025:18:54:48 +0530] "GET /carving_status HTTP/1.1" 200 345856
::1 - - [25/Sep/2025:18:54:34 +0530] "GET /auto_carving_setup HTTP/1.1" 200 19711
::1 - - [25/Sep/2025:18:55:25 +0530] "GET /recovered_files HTTP/1.1" 200 6501
::1 - - [25/Sep/2025:18:55:28 +0530] "GET /debug_carved_files HTTP/1.1" 200 82
::1 - - [25/Sep/2025:18:58:54 +0530] "GET /recovered_files HTTP/1.1" 302 219
::1 - - [25/Sep/2025:18:58:58 +0530] "GET /evidence_upload HTTP/1.1" 200 14060
::1 - - [25/Sep/2025:18:59:03 +0530] "GET /load_evidence/9 HTTP/1.1" 302 223
::1 - - [25/Sep/2025:18:59:03 +0530] "GET /forensic_analysis HTTP/1.1" 200 14751
::1 - - [25/Sep/2025:18:59:03 +0530] "GET /hashing_status HTTP/1.1" 200 63
::1 - - [25/Sep/2025:18:59:06 +0530] "GET /hashing_status HTTP/1.1" 200 63
::1 - - [25/Sep/2025:18:59:06 +0530] "GET /auto_carving_setup HTTP/1.1" 200 19711
::1 - - [25/Sep/2025:18:59:09 +0530] "POST /run_auto_carving HTTP/1.1" 302 229
::1 - - [25/Sep/2025:18:59:09 +0530] "GET /auto_carving_process HTTP/1.1" 200 8941
::1 - - [25/Sep/2025:18:59:10 +0530] "GET /carving_status HTTP/1.1" 200 8173
::1 - - [25/Sep/2025:18:59:13 +0530] "GET /carving_status HTTP/1.1" 200 16214
::1 - - [25/Sep/2025:18:59:20 +0530] "GET /carving_status HTTP/1.1" 200 24267
::1 - - [25/Sep/2025:18:59:24 +0530] "GET /carving_status HTTP/1.1" 200 30976
::1 - - [25/Sep/2025:18:59:33 +0530] "GET /carving_status HTTP/1.1" 200 32327
::1 - - [25/Sep/2025:18:59:35 +0530] "GET /carving_status HTTP/1.1" 200 33670
::1 - - [25/Sep/2025:18:59:43 +0530] "GET /carving_status HTTP/1.1" 200 35014
::1 - - [25/Sep/2025:18:59:49 +0530] "GET /carving_status HTTP/1.1" 200 35014
::1 - - [25/Sep/2025:19:01:05 +0530] "GET /recovered_files HTTP/1.1" 200 6501
::1 - - [25/Sep/2025:19:03:33 +0530] "GET /recovered_files HTTP/1.1" 302 219
::1 - - [25/Sep/2025:19:03:37 +0530] "GET /evidence_upload HTTP/1.1" 200 14060
::1 - - [25/Sep/2025:19:05:11 +0530] "GET /load_evidence/9 HTTP/1.1" 302 223
::1 - - [25/Sep/2025:19:05:11 +0530] "GET /forensic_analysis HTTP/1.1" 200 14751
::1 - - [25/Sep/2025:19:05:12 +0530] "GET /hashing_status HTTP/1.1" 200 63
::1 - - [25/Sep/2025:19:05:13 +0530] "GET /auto_carving_setup HTTP/1.1" 200 19711
::1 - - [25/Sep/2025:19:05:17 +0530] "POST /run_auto_carving HTTP/1.1" 302 229
::1 - - [25/Sep/2025:19:05:17 +0530] "GET /auto_carving_process HTTP/1.1" 200 8941
::1 - - [25/Sep/2025:19:05:17 +0530] "GET /carving_status HTTP/1.1" 200 8173
::1 - - [25/Sep/2025:19:05:20 +0530] "GET /carving_status HTTP/1.1" 200 16214
::1 - - [25/Sep/2025:19:05:27 +0530] "GET /carving_status HTTP/1.1" 200 24267
::1 - - [25/Sep/2025:19:05:30 +0530] "GET /carving_status HTTP/1.1" 200 30976
::1 - - [25/Sep/2025:19:05:35 +0530] "GET /carving_status HTTP/1.1" 200 32327
::1 - - [25/Sep/2025:19:05:37 +0530] "GET /carving_status HTTP/1.1" 200 33669
::1 - - [25/Sep/2025:19:05:44 +0530] "GET /carving_status HTTP/1.1" 200 35014
::1 - - [25/Sep/2025:19:05:49 +0530] "GET /carving_status HTTP/1.1" 200 35014
::1 - - [25/Sep/2025:19:06:41 +0530] "GET /test_directory HTTP/1.1" 200 7133
::1 - - [25/Sep/2025:19:20:31 +0530] "GET /evidence_upload HTTP/1.1" 200 13933
::1 - - [25/Sep/2025:19:22:58 +0530] "GET /load_evidence/9 HTTP/1.1" 302 223
::1 - - [25/Sep/2025:19:22:59 +0530] "GET /forensic_analysis HTTP/1.1" 200 14751
::1 - - [25/Sep/2025:19:22:59 +0530] "GET /hashing_status HTTP/1.1" 200 63
::1 - - [25/Sep/2025:19:23:01 +0530] "GET /auto_carving_setup HTTP/1.1" 200 19711
::1 - - [25/Sep/2025:19:23:07 +0530] "POST /run_auto_carving HTTP/1.1" 302 229
::1 - - [25/Sep/2025:19:23:07 +0530] "GET /auto_carving_process HTTP/1.1" 200 8941
::1 - - [25/Sep/2025:19:23:07 +0530] "GET /carving_status HTTP/1.1" 200 8173
::1 - - [25/Sep/2025:19:23:09 +0530] "GET /carving_status HTTP/1.1" 200 16214
::1 - - [25/Sep/2025:19:23:15 +0530] "GET /carving_status HTTP/1.1" 200 24267
::1 - - [25/Sep/2025:19:23:19 +0530] "GET /carving_status HTTP/1.1" 200 30976
::1 - - [25/Sep/2025:19:23:25 +0530] "GET /carving_status HTTP/1.1" 200 32327
::1 - - [25/Sep/2025:19:23:29 +0530] "GET /carving_status HTTP/1.1" 200 33669
::1 - - [25/Sep/2025:19:23:35 +0530] "GET /carving_status HTTP/1.1" 200 35014
::1 - - [25/Sep/2025:19:23:40 +0530] "GET /carving_status HTTP/1.1" 200 35014
::1 - - [25/Sep/2025:19:23:42 +0530] "GET /carving_status HTTP/1.1" 200 35014
::1 - - [25/Sep/2025:19:33:32 +0530] "GET /recovered_files HTTP/1.1" 200 6501
